{
  "stats": {
    "suites": 1,
    "tests": 12,
    "passes": 12,
    "pending": 0,
    "failures": 0,
    "start": "2018-12-27T13:25:47.871Z",
    "end": "2018-12-27T13:25:50.690Z",
    "duration": 2819,
    "testsRegistered": 12,
    "passPercent": 100,
    "pendingPercent": 0,
    "other": 0,
    "hasOther": false,
    "skipped": 0,
    "hasSkipped": false,
    "passPercentClass": "success",
    "pendingPercentClass": "danger"
  },
  "suites": {
    "uuid": "71fc0205-244a-4c41-bc71-4d3d380cbe71",
    "title": "",
    "fullFile": "",
    "file": "",
    "beforeHooks": [],
    "afterHooks": [],
    "tests": [],
    "suites": [
      {
        "uuid": "5accbce7-2bc4-4c19-bd3a-a5108ec56382",
        "title": "Testing Global Namespace Commands.ts",
        "fullFile": "",
        "file": "",
        "beforeHooks": [],
        "afterHooks": [],
        "tests": [
          {
            "title": "works",
            "fullTitle": "Testing Global Namespace Commands.ts works",
            "duration": 65,
            "state": "passed",
            "speed": "medium",
            "pass": true,
            "fail": false,
            "pending": false,
            "code": "// note TypeScript definition\nvar x = 42;",
            "err": {},
            "isRoot": false,
            "uuid": "fe000bc4-a62f-4ff3-b7e5-a1055773e621",
            "isHook": false,
            "skipped": false
          },
          {
            "title": "uses custom command cy.foo()",
            "fullTitle": "Testing Global Namespace Commands.ts uses custom command cy.foo()",
            "duration": 43,
            "state": "passed",
            "speed": "medium",
            "pass": true,
            "fail": false,
            "pending": false,
            "code": "cy.foo().should('be.equal', 'foo');",
            "err": {},
            "isRoot": false,
            "uuid": "4c610120-552c-4941-9a44-477e9c0c4380",
            "isHook": false,
            "skipped": false
          },
          {
            "title": "uses custom command cy.foo2() which returns the result of cy.foo()",
            "fullTitle": "Testing Global Namespace Commands.ts uses custom command cy.foo2() which returns the result of cy.foo()",
            "duration": 37,
            "state": "passed",
            "speed": "fast",
            "pass": true,
            "fail": false,
            "pending": false,
            "code": "cy.foo2().should('be.equal', 'foo');",
            "err": {},
            "isRoot": false,
            "uuid": "ef8234df-4d86-4df6-b5c0-7070a29216a4",
            "isHook": false,
            "skipped": false
          },
          {
            "title": "can import helper functions - add 2 numbers",
            "fullTitle": "Testing Global Namespace Commands.ts can import helper functions - add 2 numbers",
            "duration": 10,
            "state": "passed",
            "speed": "fast",
            "pass": true,
            "fail": false,
            "pending": false,
            "code": "expect(add_1.add(2, 3)).to.equal(5);",
            "err": {},
            "isRoot": false,
            "uuid": "cc35cdb4-ba9f-489a-90e1-d70bb504221d",
            "isHook": false,
            "skipped": false
          },
          {
            "title": "adds numbers - Yields sum of 2 numbers",
            "fullTitle": "Testing Global Namespace Commands.ts adds numbers - Yields sum of 2 numbers",
            "duration": 16,
            "state": "passed",
            "speed": "fast",
            "pass": true,
            "fail": false,
            "pending": false,
            "code": "cy.sum(2, 3).should('equal', 5);",
            "err": {},
            "isRoot": false,
            "uuid": "61011d34-79c3-4260-88c5-6fcfbfdf47cd",
            "isHook": false,
            "skipped": false
          },
          {
            "title": "can print a default message to console.log",
            "fullTitle": "Testing Global Namespace Commands.ts can print a default message to console.log",
            "duration": 16,
            "state": "passed",
            "speed": "fast",
            "pass": true,
            "fail": false,
            "pending": false,
            "code": "cy.greeting();",
            "err": {},
            "isRoot": false,
            "uuid": "5be60a6b-23de-4c57-8a35-d013817db61e",
            "isHook": false,
            "skipped": false
          },
          {
            "title": "can accept user args to print to console.log",
            "fullTitle": "Testing Global Namespace Commands.ts can accept user args to print to console.log",
            "duration": 7,
            "state": "passed",
            "speed": "fast",
            "pass": true,
            "fail": false,
            "pending": false,
            "code": "cy.greeting({ greeting: 'Hello', name: 'Friend' });",
            "err": {},
            "isRoot": false,
            "uuid": "8239a6ef-53f7-4bb0-a6dc-ab59f4a9fe2c",
            "isHook": false,
            "skipped": false
          },
          {
            "title": "checks shape of an object",
            "fullTitle": "Testing Global Namespace Commands.ts checks shape of an object",
            "duration": 11,
            "state": "passed",
            "speed": "fast",
            "pass": true,
            "fail": false,
            "pending": false,
            "code": "var object = {\n    age: 21,\n    name: 'Joe',\n};\nexpect(object).to.have.all.keys('name', 'age');",
            "err": {},
            "isRoot": false,
            "uuid": "f620fa2a-8eb2-4e45-b20a-6aa036f8a02a",
            "isHook": false,
            "skipped": false
          },
          {
            "title": "uses cy commands",
            "fullTitle": "Testing Global Namespace Commands.ts uses cy commands",
            "duration": 13,
            "state": "passed",
            "speed": "fast",
            "pass": true,
            "fail": false,
            "pending": false,
            "code": "cy.wrap({}).should('deep.eq', {});",
            "err": {},
            "isRoot": false,
            "uuid": "d4522bfc-8b07-4793-95e6-c21358b93e5e",
            "isHook": false,
            "skipped": false
          },
          {
            "title": "tests cypress.ios example site",
            "fullTitle": "Testing Global Namespace Commands.ts tests cypress.ios example site",
            "duration": 788,
            "state": "passed",
            "speed": "slow",
            "pass": true,
            "fail": false,
            "pending": false,
            "code": "cy.visit('https://example.cypress.io/');\ncy.get('.home-list')\n    .contains('Querying')\n    .click();\ncy.get('#query-btn').should('contain', 'Button');",
            "err": {},
            "isRoot": false,
            "uuid": "38093359-47de-427f-a941-529f36e1efe9",
            "isHook": false,
            "skipped": false
          },
          {
            "title": "has Cypress object type definition",
            "fullTitle": "Testing Global Namespace Commands.ts has Cypress object type definition",
            "duration": 21,
            "state": "passed",
            "speed": "fast",
            "pass": true,
            "fail": false,
            "pending": false,
            "code": "expect(Cypress.version).to.be.a('string');",
            "err": {},
            "isRoot": false,
            "uuid": "b383e020-c880-448a-a671-626baa334e53",
            "isHook": false,
            "skipped": false
          },
          {
            "title": "adds numbers - from support/helpers functions",
            "fullTitle": "Testing Global Namespace Commands.ts adds numbers - from support/helpers functions",
            "duration": 9,
            "state": "passed",
            "speed": "fast",
            "pass": true,
            "fail": false,
            "pending": false,
            "code": "expect(add_1.add(2, 3)).to.equal(5);",
            "err": {},
            "isRoot": false,
            "uuid": "f703c617-c85a-4355-8858-904cc46c4b1b",
            "isHook": false,
            "skipped": false
          }
        ],
        "suites": [],
        "passes": [
          "fe000bc4-a62f-4ff3-b7e5-a1055773e621",
          "4c610120-552c-4941-9a44-477e9c0c4380",
          "ef8234df-4d86-4df6-b5c0-7070a29216a4",
          "cc35cdb4-ba9f-489a-90e1-d70bb504221d",
          "61011d34-79c3-4260-88c5-6fcfbfdf47cd",
          "5be60a6b-23de-4c57-8a35-d013817db61e",
          "8239a6ef-53f7-4bb0-a6dc-ab59f4a9fe2c",
          "f620fa2a-8eb2-4e45-b20a-6aa036f8a02a",
          "d4522bfc-8b07-4793-95e6-c21358b93e5e",
          "38093359-47de-427f-a941-529f36e1efe9",
          "b383e020-c880-448a-a671-626baa334e53",
          "f703c617-c85a-4355-8858-904cc46c4b1b"
        ],
        "failures": [],
        "pending": [],
        "skipped": [],
        "duration": 1036,
        "root": false,
        "rootEmpty": false,
        "_timeout": 2000
      }
    ],
    "passes": [],
    "failures": [],
    "pending": [],
    "skipped": [],
    "duration": 0,
    "root": true,
    "rootEmpty": true,
    "_timeout": 2000
  },
  "copyrightYear": 2018
}