{
  "stats": {
    "suites": 1,
    "tests": 12,
    "passes": 12,
    "pending": 0,
    "failures": 0,
    "start": "2019-04-03T21:39:22.924Z",
    "end": "2019-04-03T21:39:33.199Z",
    "duration": 10275,
    "testsRegistered": 12,
    "passPercent": 100,
    "pendingPercent": 0,
    "other": 0,
    "hasOther": false,
    "skipped": 0,
    "hasSkipped": false,
    "passPercentClass": "success",
    "pendingPercentClass": "danger"
  },
  "suites": {
    "uuid": "ceb9be6e-3003-4b0c-90e2-5fb40c7f65ba",
    "title": "",
    "fullFile": "",
    "file": "",
    "beforeHooks": [],
    "afterHooks": [],
    "tests": [],
    "suites": [
      {
        "uuid": "808458e4-fb19-431d-814c-24f578298259",
        "title": "Testing Global Namespace Commands.ts",
        "fullFile": "",
        "file": "",
        "beforeHooks": [],
        "afterHooks": [],
        "tests": [
          {
            "title": "works",
            "fullTitle": "Testing Global Namespace Commands.ts works",
            "duration": 56,
            "state": "passed",
            "speed": "medium",
            "pass": true,
            "fail": false,
            "pending": false,
            "code": "// note TypeScript definition\nvar x = 42;",
            "err": {},
            "isRoot": false,
            "uuid": "57fc685e-efde-4684-aa2d-4a7bd8a87850",
            "isHook": false,
            "skipped": false
          },
          {
            "title": "uses custom command cy.foo()",
            "fullTitle": "Testing Global Namespace Commands.ts uses custom command cy.foo()",
            "duration": 16,
            "state": "passed",
            "speed": "fast",
            "pass": true,
            "fail": false,
            "pending": false,
            "code": "cy.foo().should('be.equal', 'foo');",
            "err": {},
            "isRoot": false,
            "uuid": "61aad2ed-e8f7-4c82-adc8-d6810ca01709",
            "isHook": false,
            "skipped": false
          },
          {
            "title": "uses custom command cy.foo2() which returns the result of cy.foo()",
            "fullTitle": "Testing Global Namespace Commands.ts uses custom command cy.foo2() which returns the result of cy.foo()",
            "duration": 11,
            "state": "passed",
            "speed": "fast",
            "pass": true,
            "fail": false,
            "pending": false,
            "code": "cy.foo2().should('be.equal', 'foo');",
            "err": {},
            "isRoot": false,
            "uuid": "b45e6b07-3887-4bbb-b7a1-7c137e4ae099",
            "isHook": false,
            "skipped": false
          },
          {
            "title": "can import helper functions - add 2 numbers",
            "fullTitle": "Testing Global Namespace Commands.ts can import helper functions - add 2 numbers",
            "duration": 17,
            "state": "passed",
            "speed": "fast",
            "pass": true,
            "fail": false,
            "pending": false,
            "code": "expect(add_1.add(2, 3)).to.equal(5);",
            "err": {},
            "isRoot": false,
            "uuid": "ac4c603c-05f0-42bc-a68c-65936e5a8ff7",
            "isHook": false,
            "skipped": false
          },
          {
            "title": "adds numbers - Yields sum of 2 numbers",
            "fullTitle": "Testing Global Namespace Commands.ts adds numbers - Yields sum of 2 numbers",
            "duration": 13,
            "state": "passed",
            "speed": "fast",
            "pass": true,
            "fail": false,
            "pending": false,
            "code": "cy.sum(2, 3).should('equal', 5);",
            "err": {},
            "isRoot": false,
            "uuid": "b573c1a4-a649-4df4-ab97-8b8577608752",
            "isHook": false,
            "skipped": false
          },
          {
            "title": "can print a default message to console.log",
            "fullTitle": "Testing Global Namespace Commands.ts can print a default message to console.log",
            "duration": 7,
            "state": "passed",
            "speed": "fast",
            "pass": true,
            "fail": false,
            "pending": false,
            "code": "cy.greeting();",
            "err": {},
            "isRoot": false,
            "uuid": "e2c00558-ed46-4817-b041-170c8d031132",
            "isHook": false,
            "skipped": false
          },
          {
            "title": "can accept user args to print to console.log",
            "fullTitle": "Testing Global Namespace Commands.ts can accept user args to print to console.log",
            "duration": 15,
            "state": "passed",
            "speed": "fast",
            "pass": true,
            "fail": false,
            "pending": false,
            "code": "cy.greeting({ greeting: 'Hello', name: 'Friend' });",
            "err": {},
            "isRoot": false,
            "uuid": "bfe492e8-cc32-40c0-9e03-5932427b7175",
            "isHook": false,
            "skipped": false
          },
          {
            "title": "checks shape of an object",
            "fullTitle": "Testing Global Namespace Commands.ts checks shape of an object",
            "duration": 10,
            "state": "passed",
            "speed": "fast",
            "pass": true,
            "fail": false,
            "pending": false,
            "code": "var object = {\n    age: 21,\n    name: 'Joe',\n};\nexpect(object).to.have.all.keys('name', 'age');",
            "err": {},
            "isRoot": false,
            "uuid": "f9300031-309b-4c8a-980f-774278909093",
            "isHook": false,
            "skipped": false
          },
          {
            "title": "uses cy commands",
            "fullTitle": "Testing Global Namespace Commands.ts uses cy commands",
            "duration": 14,
            "state": "passed",
            "speed": "fast",
            "pass": true,
            "fail": false,
            "pending": false,
            "code": "cy.wrap({}).should('deep.eq', {});",
            "err": {},
            "isRoot": false,
            "uuid": "dba93f7e-fc67-486c-9623-b335b706e4b0",
            "isHook": false,
            "skipped": false
          },
          {
            "title": "tests cypress.ios example site",
            "fullTitle": "Testing Global Namespace Commands.ts tests cypress.ios example site",
            "duration": 7839,
            "state": "passed",
            "speed": "slow",
            "pass": true,
            "fail": false,
            "pending": false,
            "code": "cy.visit('https://example.cypress.io/');\ncy.get('.home-list')\n    .contains('Querying')\n    .click();\ncy.get('#query-btn').should('contain', 'Button');",
            "err": {},
            "isRoot": false,
            "uuid": "b4c32a62-3913-4bed-b41d-3df0756bd42c",
            "isHook": false,
            "skipped": false
          },
          {
            "title": "has Cypress object type definition",
            "fullTitle": "Testing Global Namespace Commands.ts has Cypress object type definition",
            "duration": 67,
            "state": "passed",
            "speed": "medium",
            "pass": true,
            "fail": false,
            "pending": false,
            "code": "expect(Cypress.version).to.be.a('string');",
            "err": {},
            "isRoot": false,
            "uuid": "999d8bb2-f1c9-4939-943a-551bd562df33",
            "isHook": false,
            "skipped": false
          },
          {
            "title": "adds numbers - from support/helpers functions",
            "fullTitle": "Testing Global Namespace Commands.ts adds numbers - from support/helpers functions",
            "duration": 10,
            "state": "passed",
            "speed": "fast",
            "pass": true,
            "fail": false,
            "pending": false,
            "code": "expect(add_1.add(2, 3)).to.equal(5);",
            "err": {},
            "isRoot": false,
            "uuid": "b33a239e-afee-4bfb-844a-bf0efedfe451",
            "isHook": false,
            "skipped": false
          }
        ],
        "suites": [],
        "passes": [
          "57fc685e-efde-4684-aa2d-4a7bd8a87850",
          "61aad2ed-e8f7-4c82-adc8-d6810ca01709",
          "b45e6b07-3887-4bbb-b7a1-7c137e4ae099",
          "ac4c603c-05f0-42bc-a68c-65936e5a8ff7",
          "b573c1a4-a649-4df4-ab97-8b8577608752",
          "e2c00558-ed46-4817-b041-170c8d031132",
          "bfe492e8-cc32-40c0-9e03-5932427b7175",
          "f9300031-309b-4c8a-980f-774278909093",
          "dba93f7e-fc67-486c-9623-b335b706e4b0",
          "b4c32a62-3913-4bed-b41d-3df0756bd42c",
          "999d8bb2-f1c9-4939-943a-551bd562df33",
          "b33a239e-afee-4bfb-844a-bf0efedfe451"
        ],
        "failures": [],
        "pending": [],
        "skipped": [],
        "duration": 8075,
        "root": false,
        "rootEmpty": false,
        "_timeout": 2000
      }
    ],
    "passes": [],
    "failures": [],
    "pending": [],
    "skipped": [],
    "duration": 0,
    "root": true,
    "rootEmpty": true,
    "_timeout": 2000
  },
  "copyrightYear": 2019
}