{
  "stats": {
    "suites": 1,
    "tests": 2,
    "passes": 2,
    "pending": 0,
    "failures": 0,
    "start": "2019-04-03T21:37:45.923Z",
    "end": "2019-04-03T21:38:28.755Z",
    "duration": 42832,
    "testsRegistered": 2,
    "passPercent": 100,
    "pendingPercent": 0,
    "other": 0,
    "hasOther": false,
    "skipped": 0,
    "hasSkipped": false,
    "passPercentClass": "success",
    "pendingPercentClass": "danger"
  },
  "suites": {
    "uuid": "1c4945ff-a422-44f5-99c6-79a0749791fb",
    "title": "",
    "fullFile": "",
    "file": "",
    "beforeHooks": [],
    "afterHooks": [],
    "tests": [],
    "suites": [
      {
        "uuid": "828a7cae-f39a-49ed-97ce-bad25ee31d3d",
        "title": "Logging In - HTML Web Form - The Internet",
        "fullFile": "",
        "file": "",
        "beforeHooks": [],
        "afterHooks": [],
        "tests": [
          {
            "title": "Unauthorized",
            "fullTitle": "Logging In - HTML Web Form - The Internet Unauthorized",
            "duration": 26064,
            "state": "passed",
            "speed": "slow",
            "pass": true,
            "fail": false,
            "pending": false,
            "code": "if (backgroundSection) {\n  backgroundSection.steps.forEach(step => stepTest.call(this, step));\n}\nscenario.steps.forEach(step => stepTest.call(this, step));",
            "err": {},
            "isRoot": false,
            "uuid": "70f684d8-335a-43f0-bcdf-7f2bd4a68007",
            "isHook": false,
            "skipped": false
          },
          {
            "title": "Authorized",
            "fullTitle": "Logging In - HTML Web Form - The Internet Authorized",
            "duration": 16646,
            "state": "passed",
            "speed": "slow",
            "pass": true,
            "fail": false,
            "pending": false,
            "code": "if (backgroundSection) {\n  backgroundSection.steps.forEach(step => stepTest.call(this, step));\n}\nscenario.steps.forEach(step => stepTest.call(this, step));",
            "err": {},
            "isRoot": false,
            "uuid": "d3ee8b3b-3318-45e0-b241-70a28c5fe180",
            "isHook": false,
            "skipped": false
          }
        ],
        "suites": [],
        "passes": [
          "70f684d8-335a-43f0-bcdf-7f2bd4a68007",
          "d3ee8b3b-3318-45e0-b241-70a28c5fe180"
        ],
        "failures": [],
        "pending": [],
        "skipped": [],
        "duration": 42710,
        "root": false,
        "rootEmpty": false,
        "_timeout": 2000
      }
    ],
    "passes": [],
    "failures": [],
    "pending": [],
    "skipped": [],
    "duration": 0,
    "root": true,
    "rootEmpty": true,
    "_timeout": 2000
  },
  "copyrightYear": 2019
}