{
  "stats": {
    "suites": 1,
    "tests": 0,
    "passes": 0,
    "pending": 0,
    "failures": 0,
    "start": "2019-01-11T23:58:40.503Z",
    "end": "2019-01-11T23:58:40.831Z",
    "duration": 328,
    "testsRegistered": 10,
    "passPercent": 0,
    "pendingPercent": 0,
    "other": 1,
    "hasOther": true,
    "skipped": 10,
    "hasSkipped": true,
    "passPercentClass": "danger",
    "pendingPercentClass": "danger"
  },
  "suites": {
    "uuid": "74d0d4ae-d79d-4c0c-8761-827b48c3759d",
    "title": "",
    "fullFile": "",
    "file": "",
    "beforeHooks": [],
    "afterHooks": [],
    "tests": [],
    "suites": [
      {
        "uuid": "70b99ce4-1e2d-4b6e-a1be-f0b43263d03a",
        "title": "dom-testing-library commands",
        "fullFile": "",
        "file": "",
        "beforeHooks": [],
        "afterHooks": [],
        "tests": [
          {
            "title": "getByPlaceholderText",
            "fullTitle": "dom-testing-library commands getByPlaceholderText",
            "duration": 217,
            "state": "failed",
            "pass": false,
            "fail": true,
            "pending": false,
            "code": "cy.getByPlaceholderText('Placeholder Text')\n    .click()\n    .type('Hello Placeholder');",
            "err": {
              "message": "CypressError: cy.visit() failed trying to load:\n\nhttp://localhost:13370/\n\nWe attempted to make an http request to this URL but the request failed without a response.\n\nWe received this error at the network level:\n\n  > Error: connect ECONNREFUSED 127.0.0.1:13370\n\nCommon situations why this would fail:\n  - you don't have internet access\n  - you forgot to run / boot your web server\n  - your web server isn't accessible\n  - you have weird network configuration settings on your computer\n\nThe stack trace for this error is:\n\nError: connect ECONNREFUSED 127.0.0.1:13370\n    at Object.exports._errnoException (util.js:1024:11)\n    at exports._exceptionWithHostPort (util.js:1047:20)\n    at TCPConnectWrap.afterConnect [as oncomplete] (net.js:1150:14)\n\n\nBecause this error occurred during a 'before each' hook we are skipping the remaining tests in the current suite: 'dom-testing-library commands'",
              "estack": "CypressError: cy.visit() failed trying to load:\n\nhttp://localhost:13370/\n\nWe attempted to make an http request to this URL but the request failed without a response.\n\nWe received this error at the network level:\n\n  > Error: connect ECONNREFUSED 127.0.0.1:13370\n\nCommon situations why this would fail:\n  - you don't have internet access\n  - you forgot to run / boot your web server\n  - your web server isn't accessible\n  - you have weird network configuration settings on your computer\n\nThe stack trace for this error is:\n\nError: connect ECONNREFUSED 127.0.0.1:13370\n    at Object.exports._errnoException (util.js:1024:11)\n    at exports._exceptionWithHostPort (util.js:1047:20)\n    at TCPConnectWrap.afterConnect [as oncomplete] (net.js:1150:14)\n\n\nBecause this error occurred during a 'before each' hook we are skipping the remaining tests in the current suite: 'dom-testing-library commands'\n    at Object.cypressErr (https://the-internet.herokuapp.com/__cypress/runner/cypress_runner.js:63091:11)\n    at Object.throwErr (https://the-internet.herokuapp.com/__cypress/runner/cypress_runner.js:63056:18)\n    at Object.throwErrByPath (https://the-internet.herokuapp.com/__cypress/runner/cypress_runner.js:63083:17)\n    at https://the-internet.herokuapp.com/__cypress/runner/cypress_runner.js:53653:31\n    at visitFailedByErr (https://the-internet.herokuapp.com/__cypress/runner/cypress_runner.js:53264:12)\n    at https://the-internet.herokuapp.com/__cypress/runner/cypress_runner.js:53652:22\n    at tryCatcher (https://the-internet.herokuapp.com/__cypress/runner/cypress_runner.js:124905:23)\n    at Promise._settlePromiseFromHandler (https://the-internet.herokuapp.com/__cypress/runner/cypress_runner.js:122923:31)\n    at Promise._settlePromise (https://the-internet.herokuapp.com/__cypress/runner/cypress_runner.js:122980:18)\n    at Promise._settlePromise0 (https://the-internet.herokuapp.com/__cypress/runner/cypress_runner.js:123025:10)\n    at Promise._settlePromises (https://the-internet.herokuapp.com/__cypress/runner/cypress_runner.js:123100:18)\n    at Async._drainQueue (https://the-internet.herokuapp.com/__cypress/runner/cypress_runner.js:119829:16)\n    at Async._drainQueues (https://the-internet.herokuapp.com/__cypress/runner/cypress_runner.js:119839:10)\n    at Async.drainQueues (https://the-internet.herokuapp.com/__cypress/runner/cypress_runner.js:119713:14)\n    at <anonymous>"
            },
            "isRoot": false,
            "uuid": "581666ee-f4f7-4338-8490-d2c1a0bba39d",
            "isHook": false,
            "skipped": false
          },
          {
            "title": "getByText",
            "fullTitle": "dom-testing-library commands getByText",
            "duration": 0,
            "state": "skipped",
            "pass": false,
            "fail": false,
            "pending": false,
            "code": "cy.getByText('Button Text').click();",
            "err": {},
            "isRoot": false,
            "uuid": "6af591d8-8d4f-49ba-9ed5-b1d90d1c88d7",
            "isHook": false,
            "skipped": true
          },
          {
            "title": "getByLabelText",
            "fullTitle": "dom-testing-library commands getByLabelText",
            "duration": 0,
            "state": "skipped",
            "pass": false,
            "fail": false,
            "pending": false,
            "code": "cy.getByLabelText('Label For Input Labelled By Id')\n    .click()\n    .type('Hello Input Labelled By Id');",
            "err": {},
            "isRoot": false,
            "uuid": "fb3426f7-4e5c-4467-8abd-4c02c0bfcd9d",
            "isHook": false,
            "skipped": true
          },
          {
            "title": "getByAltText",
            "fullTitle": "dom-testing-library commands getByAltText",
            "duration": 0,
            "state": "skipped",
            "pass": false,
            "fail": false,
            "pending": false,
            "code": "cy.getByAltText('Image Alt Text').click();",
            "err": {},
            "isRoot": false,
            "uuid": "192688f9-5888-4960-819e-02a4de659c32",
            "isHook": false,
            "skipped": true
          },
          {
            "title": "getByTestId",
            "fullTitle": "dom-testing-library commands getByTestId",
            "duration": 0,
            "state": "skipped",
            "pass": false,
            "fail": false,
            "pending": false,
            "code": "cy.getByTestId('image-with-random-alt-tag').click();",
            "err": {},
            "isRoot": false,
            "uuid": "ef1d80d8-ac6e-4fee-9d30-96cd2d35bf1a",
            "isHook": false,
            "skipped": true
          },
          {
            "title": "getAllByText",
            "fullTitle": "dom-testing-library commands getAllByText",
            "duration": 0,
            "state": "skipped",
            "pass": false,
            "fail": false,
            "pending": false,
            "code": "cy.getAllByText(/^Jackie Chan/).click({ multiple: true });",
            "err": {},
            "isRoot": false,
            "uuid": "f66ddafe-645d-404d-954f-849aa6885a50",
            "isHook": false,
            "skipped": true
          },
          {
            "title": "queryByText",
            "fullTitle": "dom-testing-library commands queryByText",
            "duration": 0,
            "state": "skipped",
            "pass": false,
            "fail": false,
            "pending": false,
            "code": "cy.queryByText('Button Text').should('exist');\ncy.queryByText('Non-existing Button Text').should('not.exist');",
            "err": {},
            "isRoot": false,
            "uuid": "4428ad12-2ae9-4183-91bf-c29b1e79e920",
            "isHook": false,
            "skipped": true
          },
          {
            "title": "getByText within",
            "fullTitle": "dom-testing-library commands getByText within",
            "duration": 0,
            "state": "skipped",
            "pass": false,
            "fail": false,
            "pending": false,
            "code": "cy.get('#nested').within(function () {\n    cy.getByText('Button Text').click();\n});",
            "err": {},
            "isRoot": false,
            "uuid": "05e75d87-f78b-4260-9f18-66941cc3c22b",
            "isHook": false,
            "skipped": true
          },
          {
            "title": "getByTestId only throws the error message",
            "fullTitle": "dom-testing-library commands getByTestId only throws the error message",
            "duration": 0,
            "state": "skipped",
            "pass": false,
            "fail": false,
            "pending": false,
            "code": "var testId = 'Some random id';\nvar errorMessage = \"Unable to find an element by: [data-testid=\\\"\" + testId + \"\\\"]\";\ncy.on('fail', function (err) {\n    expect(err.message).to.eq(errorMessage);\n});\ncy.getByTestId(testId).click();",
            "err": {},
            "isRoot": false,
            "uuid": "80c76d99-059b-4abb-a2f1-dcedc1706680",
            "isHook": false,
            "skipped": true
          },
          {
            "title": "getByText only throws the error message",
            "fullTitle": "dom-testing-library commands getByText only throws the error message",
            "duration": 0,
            "state": "skipped",
            "pass": false,
            "fail": false,
            "pending": false,
            "code": "var text = 'Some random text';\nvar errorMessage = \"Unable to find an element with the text: \" + text + \". This could be because the text is broken up by multiple elements. In this case, you can provide a function for your text matcher to make your matcher more flexible.\";\ncy.on('fail', function (err) {\n    expect(err.message).to.eq(errorMessage);\n});\ncy.getByText('Some random text').click();",
            "err": {},
            "isRoot": false,
            "uuid": "3454a0bf-ce9f-44e4-b79a-9fa32c7dda8f",
            "isHook": false,
            "skipped": true
          }
        ],
        "suites": [],
        "passes": [],
        "failures": [
          "581666ee-f4f7-4338-8490-d2c1a0bba39d"
        ],
        "pending": [],
        "skipped": [
          "6af591d8-8d4f-49ba-9ed5-b1d90d1c88d7",
          "fb3426f7-4e5c-4467-8abd-4c02c0bfcd9d",
          "192688f9-5888-4960-819e-02a4de659c32",
          "ef1d80d8-ac6e-4fee-9d30-96cd2d35bf1a",
          "f66ddafe-645d-404d-954f-849aa6885a50",
          "4428ad12-2ae9-4183-91bf-c29b1e79e920",
          "05e75d87-f78b-4260-9f18-66941cc3c22b",
          "80c76d99-059b-4abb-a2f1-dcedc1706680",
          "3454a0bf-ce9f-44e4-b79a-9fa32c7dda8f"
        ],
        "duration": null,
        "root": false,
        "rootEmpty": false,
        "_timeout": 2000
      }
    ],
    "passes": [],
    "failures": [],
    "pending": [],
    "skipped": [],
    "duration": 0,
    "root": true,
    "rootEmpty": true,
    "_timeout": 2000
  },
  "copyrightYear": 2019
}