{
  "stats": {
    "suites": 1,
    "tests": 1,
    "passes": 1,
    "pending": 0,
    "failures": 0,
    "start": "2019-03-28T01:28:10.843Z",
    "end": "2019-03-28T01:28:10.997Z",
    "duration": 154,
    "testsRegistered": 1,
    "passPercent": 100,
    "pendingPercent": 0,
    "other": 0,
    "hasOther": false,
    "skipped": 0,
    "hasSkipped": false,
    "passPercentClass": "success",
    "pendingPercentClass": "danger"
  },
  "suites": {
    "uuid": "cbbb8f1a-6ebb-475b-b0e9-d7c46b37c541",
    "title": "",
    "fullFile": "",
    "file": "",
    "beforeHooks": [],
    "afterHooks": [],
    "tests": [],
    "suites": [
      {
        "uuid": "c4498e10-2e6a-4bb5-8479-f77d9ca9af34",
        "title": "Regular Expressions",
        "fullFile": "",
        "file": "",
        "beforeHooks": [],
        "afterHooks": [],
        "tests": [
          {
            "title": "Regular Expression Example",
            "fullTitle": "Regular Expressions Regular Expression Example",
            "duration": 60,
            "state": "passed",
            "speed": "medium",
            "pass": true,
            "fail": false,
            "pending": false,
            "code": "if (backgroundSection) {\n  backgroundSection.steps.forEach(step => stepTest.call(this, step));\n}\nscenario.steps.forEach(step => stepTest.call(this, step));",
            "err": {},
            "isRoot": false,
            "uuid": "28044649-53c0-4428-a771-3845de5946a6",
            "isHook": false,
            "skipped": false
          }
        ],
        "suites": [],
        "passes": [
          "28044649-53c0-4428-a771-3845de5946a6"
        ],
        "failures": [],
        "pending": [],
        "skipped": [],
        "duration": 60,
        "root": false,
        "rootEmpty": false,
        "_timeout": 2000
      }
    ],
    "passes": [],
    "failures": [],
    "pending": [],
    "skipped": [],
    "duration": 0,
    "root": true,
    "rootEmpty": true,
    "_timeout": 2000
  },
  "copyrightYear": 2019
}