{
  "stats": {
    "suites": 1,
    "tests": 1,
    "passes": 1,
    "pending": 0,
    "failures": 0,
    "start": "2018-12-27T13:30:18.469Z",
    "end": "2018-12-27T13:30:18.656Z",
    "duration": 187,
    "testsRegistered": 1,
    "passPercent": 100,
    "pendingPercent": 0,
    "other": 0,
    "hasOther": false,
    "skipped": 0,
    "hasSkipped": false,
    "passPercentClass": "success",
    "pendingPercentClass": "danger"
  },
  "suites": {
    "uuid": "4a8d1ef9-a654-4aed-9afd-89d71c46ddaf",
    "title": "",
    "fullFile": "",
    "file": "",
    "beforeHooks": [],
    "afterHooks": [],
    "tests": [],
    "suites": [
      {
        "uuid": "878c3972-ff4d-4d15-8245-ccf30d0ff560",
        "title": "Webstorm support",
        "fullFile": "",
        "file": "",
        "beforeHooks": [],
        "afterHooks": [],
        "tests": [
          {
            "title": "The pluging recognizes capitalized Given, When and Then",
            "fullTitle": "Webstorm support The pluging recognizes capitalized Given, When and Then",
            "duration": 146,
            "state": "passed",
            "speed": "slow",
            "pass": true,
            "fail": false,
            "pending": false,
            "code": "if (backgroundSection) {\n  backgroundSection.steps.forEach(step => stepTest.call(this, step));\n}\nscenario.steps.forEach(step => stepTest.call(this, step));",
            "err": {},
            "isRoot": false,
            "uuid": "c7736370-80da-49d2-bb7f-cbeaab31b0cc",
            "isHook": false,
            "skipped": false
          }
        ],
        "suites": [],
        "passes": [
          "c7736370-80da-49d2-bb7f-cbeaab31b0cc"
        ],
        "failures": [],
        "pending": [],
        "skipped": [],
        "duration": 146,
        "root": false,
        "rootEmpty": false,
        "_timeout": 2000
      }
    ],
    "passes": [],
    "failures": [],
    "pending": [],
    "skipped": [],
    "duration": 0,
    "root": true,
    "rootEmpty": true,
    "_timeout": 2000
  },
  "copyrightYear": 2018
}