{
  "stats": {
    "suites": 1,
    "tests": 10,
    "passes": 10,
    "pending": 0,
    "failures": 0,
    "start": "2019-03-28T01:28:51.692Z",
    "end": "2019-03-28T01:29:07.405Z",
    "duration": 15713,
    "testsRegistered": 10,
    "passPercent": 100,
    "pendingPercent": 0,
    "other": 0,
    "hasOther": false,
    "skipped": 0,
    "hasSkipped": false,
    "passPercentClass": "success",
    "pendingPercentClass": "danger"
  },
  "suites": {
    "uuid": "fcd18235-f6be-43e2-8f27-16950ff7caad",
    "title": "",
    "fullFile": "",
    "file": "",
    "beforeHooks": [],
    "afterHooks": [],
    "tests": [],
    "suites": [
      {
        "uuid": "2bc5abed-0170-4df9-baab-dc211295af68",
        "title": "dom-testing-library commands",
        "fullFile": "",
        "file": "",
        "beforeHooks": [],
        "afterHooks": [],
        "tests": [
          {
            "title": "getByPlaceholderText",
            "fullTitle": "dom-testing-library commands getByPlaceholderText",
            "duration": 484,
            "state": "passed",
            "speed": "slow",
            "pass": true,
            "fail": false,
            "pending": false,
            "code": "cy.getByPlaceholderText('Placeholder Text')\n    .click()\n    .type('Hello Placeholder');",
            "err": {},
            "isRoot": false,
            "uuid": "57f3b984-f784-48ad-a5fb-55645593fd4b",
            "isHook": false,
            "skipped": false
          },
          {
            "title": "getByText",
            "fullTitle": "dom-testing-library commands getByText",
            "duration": 214,
            "state": "passed",
            "speed": "slow",
            "pass": true,
            "fail": false,
            "pending": false,
            "code": "cy.getByText('Button Text').click();",
            "err": {},
            "isRoot": false,
            "uuid": "17f25ddd-ec6d-45d0-b87e-815f4c8d742c",
            "isHook": false,
            "skipped": false
          },
          {
            "title": "getByLabelText",
            "fullTitle": "dom-testing-library commands getByLabelText",
            "duration": 511,
            "state": "passed",
            "speed": "slow",
            "pass": true,
            "fail": false,
            "pending": false,
            "code": "cy.getByLabelText('Label For Input Labelled By Id')\n    .click()\n    .type('Hello Input Labelled By Id');",
            "err": {},
            "isRoot": false,
            "uuid": "6969781a-cfe7-4046-aa65-7b99aeff26d9",
            "isHook": false,
            "skipped": false
          },
          {
            "title": "getByAltText",
            "fullTitle": "dom-testing-library commands getByAltText",
            "duration": 164,
            "state": "passed",
            "speed": "slow",
            "pass": true,
            "fail": false,
            "pending": false,
            "code": "cy.getByAltText('Image Alt Text').click();",
            "err": {},
            "isRoot": false,
            "uuid": "f06a870b-0e51-4d4e-8b28-6766a235933a",
            "isHook": false,
            "skipped": false
          },
          {
            "title": "getByTestId",
            "fullTitle": "dom-testing-library commands getByTestId",
            "duration": 144,
            "state": "passed",
            "speed": "slow",
            "pass": true,
            "fail": false,
            "pending": false,
            "code": "cy.getByTestId('image-with-random-alt-tag').click();",
            "err": {},
            "isRoot": false,
            "uuid": "d9f41b6c-5cac-46ca-82ab-102f5382e965",
            "isHook": false,
            "skipped": false
          },
          {
            "title": "getAllByText",
            "fullTitle": "dom-testing-library commands getAllByText",
            "duration": 206,
            "state": "passed",
            "speed": "slow",
            "pass": true,
            "fail": false,
            "pending": false,
            "code": "cy.getAllByText(/^Jackie Chan/).click({ multiple: true });",
            "err": {},
            "isRoot": false,
            "uuid": "9d51c90f-a2db-4bd4-a921-f81baaa52482",
            "isHook": false,
            "skipped": false
          },
          {
            "title": "queryByText",
            "fullTitle": "dom-testing-library commands queryByText",
            "duration": 4119,
            "state": "passed",
            "speed": "slow",
            "pass": true,
            "fail": false,
            "pending": false,
            "code": "cy.queryByText('Button Text').should('exist');\ncy.queryByText('Non-existing Button Text').should('not.exist');",
            "err": {},
            "isRoot": false,
            "uuid": "d9e4f1cc-7dc8-411a-9992-e9038f407e0a",
            "isHook": false,
            "skipped": false
          },
          {
            "title": "getByText within",
            "fullTitle": "dom-testing-library commands getByText within",
            "duration": 200,
            "state": "passed",
            "speed": "slow",
            "pass": true,
            "fail": false,
            "pending": false,
            "code": "cy.get('#nested').within(function () {\n    cy.getByText('Button Text').click();\n});",
            "err": {},
            "isRoot": false,
            "uuid": "17f00434-3b11-4f02-857b-7ce0d3a1a76c",
            "isHook": false,
            "skipped": false
          },
          {
            "title": "getByTestId only throws the error message",
            "fullTitle": "dom-testing-library commands getByTestId only throws the error message",
            "duration": 4060,
            "state": "passed",
            "speed": "slow",
            "pass": true,
            "fail": false,
            "pending": false,
            "code": "var testId = 'Some random id';\nvar errorMessage = \"Unable to find an element by: [data-testid=\\\"\" + testId + \"\\\"]\";\ncy.on('fail', function (err) {\n    expect(err.message).to.eq(errorMessage);\n});\ncy.getByTestId(testId).click();",
            "err": {},
            "isRoot": false,
            "uuid": "e0124f97-f36a-4fea-9dd9-54d6a18df1d0",
            "isHook": false,
            "skipped": false
          },
          {
            "title": "getByText only throws the error message",
            "fullTitle": "dom-testing-library commands getByText only throws the error message",
            "duration": 4145,
            "state": "passed",
            "speed": "slow",
            "pass": true,
            "fail": false,
            "pending": false,
            "code": "var text = 'Some random text';\nvar errorMessage = \"Unable to find an element with the text: \" + text + \". This could be because the text is broken up by multiple elements. In this case, you can provide a function for your text matcher to make your matcher more flexible.\";\ncy.on('fail', function (err) {\n    expect(err.message).to.eq(errorMessage);\n});\ncy.getByText('Some random text').click();",
            "err": {},
            "isRoot": false,
            "uuid": "c12e4e78-f2a3-489b-a25c-33a20069548e",
            "isHook": false,
            "skipped": false
          }
        ],
        "suites": [],
        "passes": [
          "57f3b984-f784-48ad-a5fb-55645593fd4b",
          "17f25ddd-ec6d-45d0-b87e-815f4c8d742c",
          "6969781a-cfe7-4046-aa65-7b99aeff26d9",
          "f06a870b-0e51-4d4e-8b28-6766a235933a",
          "d9f41b6c-5cac-46ca-82ab-102f5382e965",
          "9d51c90f-a2db-4bd4-a921-f81baaa52482",
          "d9e4f1cc-7dc8-411a-9992-e9038f407e0a",
          "17f00434-3b11-4f02-857b-7ce0d3a1a76c",
          "e0124f97-f36a-4fea-9dd9-54d6a18df1d0",
          "c12e4e78-f2a3-489b-a25c-33a20069548e"
        ],
        "failures": [],
        "pending": [],
        "skipped": [],
        "duration": 14247,
        "root": false,
        "rootEmpty": false,
        "_timeout": 2000
      }
    ],
    "passes": [],
    "failures": [],
    "pending": [],
    "skipped": [],
    "duration": 0,
    "root": true,
    "rootEmpty": true,
    "_timeout": 2000
  },
  "copyrightYear": 2019
}