{
  "stats": {
    "suites": 1,
    "tests": 5,
    "passes": 5,
    "pending": 0,
    "failures": 0,
    "start": "2019-01-11T23:58:10.592Z",
    "end": "2019-01-11T23:58:10.968Z",
    "duration": 376,
    "testsRegistered": 5,
    "passPercent": 100,
    "pendingPercent": 0,
    "other": 0,
    "hasOther": false,
    "skipped": 0,
    "hasSkipped": false,
    "passPercentClass": "success",
    "pendingPercentClass": "danger"
  },
  "suites": {
    "uuid": "4a530f00-b222-4e66-91c3-d1bf309114d3",
    "title": "",
    "fullFile": "",
    "file": "",
    "beforeHooks": [],
    "afterHooks": [],
    "tests": [],
    "suites": [
      {
        "uuid": "31d19f91-802c-4057-9680-39f77845a0bb",
        "title": "Tags Implementation",
        "fullFile": "",
        "file": "",
        "beforeHooks": [],
        "afterHooks": [],
        "tests": [
          {
            "title": "Pass no tags",
            "fullTitle": "Tags Implementation Pass no tags",
            "duration": 133,
            "state": "passed",
            "speed": "slow",
            "pass": true,
            "fail": false,
            "pending": false,
            "code": "if (backgroundSection) {\n  backgroundSection.steps.forEach(step => stepTest.call(this, step));\n}\nscenario.steps.forEach(step => stepTest.call(this, step));",
            "err": {},
            "isRoot": false,
            "uuid": "f9033f47-e270-4456-958d-2ef9ef107d6e",
            "isHook": false,
            "skipped": false
          },
          {
            "title": "Pass a single tag",
            "fullTitle": "Tags Implementation Pass a single tag",
            "duration": 18,
            "state": "passed",
            "speed": "fast",
            "pass": true,
            "fail": false,
            "pending": false,
            "code": "if (backgroundSection) {\n  backgroundSection.steps.forEach(step => stepTest.call(this, step));\n}\nscenario.steps.forEach(step => stepTest.call(this, step));",
            "err": {},
            "isRoot": false,
            "uuid": "6b2b32ad-6184-4991-9f64-4ae6373051c5",
            "isHook": false,
            "skipped": false
          },
          {
            "title": "Pass a tag to ignore",
            "fullTitle": "Tags Implementation Pass a tag to ignore",
            "duration": 22,
            "state": "passed",
            "speed": "fast",
            "pass": true,
            "fail": false,
            "pending": false,
            "code": "if (backgroundSection) {\n  backgroundSection.steps.forEach(step => stepTest.call(this, step));\n}\nscenario.steps.forEach(step => stepTest.call(this, step));",
            "err": {},
            "isRoot": false,
            "uuid": "970f6f32-12d3-4c81-998b-b0224293a8e9",
            "isHook": false,
            "skipped": false
          },
          {
            "title": "Passing multiple tags joined by AND operator",
            "fullTitle": "Tags Implementation Passing multiple tags joined by AND operator",
            "duration": 18,
            "state": "passed",
            "speed": "fast",
            "pass": true,
            "fail": false,
            "pending": false,
            "code": "if (backgroundSection) {\n  backgroundSection.steps.forEach(step => stepTest.call(this, step));\n}\nscenario.steps.forEach(step => stepTest.call(this, step));",
            "err": {},
            "isRoot": false,
            "uuid": "e5e4e00d-98c7-4b88-861d-ecb0b900e4cc",
            "isHook": false,
            "skipped": false
          },
          {
            "title": "Passing multiple tags joined by OR operator",
            "fullTitle": "Tags Implementation Passing multiple tags joined by OR operator",
            "duration": 43,
            "state": "passed",
            "speed": "medium",
            "pass": true,
            "fail": false,
            "pending": false,
            "code": "if (backgroundSection) {\n  backgroundSection.steps.forEach(step => stepTest.call(this, step));\n}\nscenario.steps.forEach(step => stepTest.call(this, step));",
            "err": {},
            "isRoot": false,
            "uuid": "9fd44e7e-e882-4b40-8f17-43a07538d0de",
            "isHook": false,
            "skipped": false
          }
        ],
        "suites": [],
        "passes": [
          "f9033f47-e270-4456-958d-2ef9ef107d6e",
          "6b2b32ad-6184-4991-9f64-4ae6373051c5",
          "970f6f32-12d3-4c81-998b-b0224293a8e9",
          "e5e4e00d-98c7-4b88-861d-ecb0b900e4cc",
          "9fd44e7e-e882-4b40-8f17-43a07538d0de"
        ],
        "failures": [],
        "pending": [],
        "skipped": [],
        "duration": 234,
        "root": false,
        "rootEmpty": false,
        "_timeout": 2000
      }
    ],
    "passes": [],
    "failures": [],
    "pending": [],
    "skipped": [],
    "duration": 0,
    "root": true,
    "rootEmpty": true,
    "_timeout": 2000
  },
  "copyrightYear": 2019
}