{
  "stats": {
    "suites": 1,
    "tests": 1,
    "passes": 1,
    "pending": 0,
    "failures": 0,
    "start": "2019-03-28T01:27:47.510Z",
    "end": "2019-03-28T01:27:47.661Z",
    "duration": 151,
    "testsRegistered": 1,
    "passPercent": 100,
    "pendingPercent": 0,
    "other": 0,
    "hasOther": false,
    "skipped": 0,
    "hasSkipped": false,
    "passPercentClass": "success",
    "pendingPercentClass": "danger"
  },
  "suites": {
    "uuid": "35b269e0-2028-4f0c-b372-8cd7fe0a03cc",
    "title": "",
    "fullFile": "",
    "file": "",
    "beforeHooks": [],
    "afterHooks": [],
    "tests": [],
    "suites": [
      {
        "uuid": "6138edb5-16bd-4eee-8f05-be971adc58df",
        "title": "Bail on a step failure",
        "fullFile": "",
        "file": "",
        "beforeHooks": [],
        "afterHooks": [],
        "tests": [
          {
            "title": "Running with a failing step",
            "fullTitle": "Bail on a step failure Running with a failing step",
            "duration": 109,
            "state": "passed",
            "speed": "slow",
            "pass": true,
            "fail": false,
            "pending": false,
            "code": "if (backgroundSection) {\n  backgroundSection.steps.forEach(step => stepTest.call(this, step));\n}\nscenario.steps.forEach(step => stepTest.call(this, step));",
            "err": {},
            "isRoot": false,
            "uuid": "08cf9cdd-bd7f-4f04-af52-c28bbca02b3b",
            "isHook": false,
            "skipped": false
          }
        ],
        "suites": [],
        "passes": [
          "08cf9cdd-bd7f-4f04-af52-c28bbca02b3b"
        ],
        "failures": [],
        "pending": [],
        "skipped": [],
        "duration": 109,
        "root": false,
        "rootEmpty": false,
        "_timeout": 2000
      }
    ],
    "passes": [],
    "failures": [],
    "pending": [],
    "skipped": [],
    "duration": 0,
    "root": true,
    "rootEmpty": true,
    "_timeout": 2000
  },
  "copyrightYear": 2019
}