{
  "stats": {
    "suites": 1,
    "tests": 5,
    "passes": 5,
    "pending": 0,
    "failures": 0,
    "start": "2019-03-27T23:00:55.313Z",
    "end": "2019-03-27T23:00:55.523Z",
    "duration": 210,
    "testsRegistered": 5,
    "passPercent": 100,
    "pendingPercent": 0,
    "other": 0,
    "hasOther": false,
    "skipped": 0,
    "hasSkipped": false,
    "passPercentClass": "success",
    "pendingPercentClass": "danger"
  },
  "suites": {
    "uuid": "ae51bd80-497f-4817-afaf-dde4f5f1751d",
    "title": "",
    "fullFile": "",
    "file": "",
    "beforeHooks": [],
    "afterHooks": [],
    "tests": [],
    "suites": [
      {
        "uuid": "0157eca2-ced1-4687-89f7-b70cccab168f",
        "title": "Being a plugin handling Scenario Outline",
        "fullFile": "",
        "file": "",
        "beforeHooks": [],
        "afterHooks": [],
        "tests": [
          {
            "title": "Using Scenario Outlines (example #1)",
            "fullTitle": "Being a plugin handling Scenario Outline Using Scenario Outlines (example #1)",
            "duration": 59,
            "state": "passed",
            "speed": "medium",
            "pass": true,
            "fail": false,
            "pending": false,
            "code": "if (backgroundSection) {\n  backgroundSection.steps.forEach(step => {\n    stepTest.call(this, step);\n  });\n}\nscenario.steps.forEach(step => {\n  const newStep = Object.assign({}, step);\n  newStep.text = replaceParameterTags(rowData, newStep.text);\n  stepTest.call(this, newStep, rowData);\n});",
            "err": {},
            "isRoot": false,
            "uuid": "42745cba-4587-4212-8214-70d3043e358d",
            "isHook": false,
            "skipped": false
          },
          {
            "title": "Using Scenario Outlines (example #2)",
            "fullTitle": "Being a plugin handling Scenario Outline Using Scenario Outlines (example #2)",
            "duration": 22,
            "state": "passed",
            "speed": "fast",
            "pass": true,
            "fail": false,
            "pending": false,
            "code": "if (backgroundSection) {\n  backgroundSection.steps.forEach(step => {\n    stepTest.call(this, step);\n  });\n}\nscenario.steps.forEach(step => {\n  const newStep = Object.assign({}, step);\n  newStep.text = replaceParameterTags(rowData, newStep.text);\n  stepTest.call(this, newStep, rowData);\n});",
            "err": {},
            "isRoot": false,
            "uuid": "d267cee0-faa1-4448-92b1-4f93dc4b0b66",
            "isHook": false,
            "skipped": false
          },
          {
            "title": "Use juicer with apple (example #1)",
            "fullTitle": "Being a plugin handling Scenario Outline Use juicer with apple (example #1)",
            "duration": 18,
            "state": "passed",
            "speed": "fast",
            "pass": true,
            "fail": false,
            "pending": false,
            "code": "if (backgroundSection) {\n  backgroundSection.steps.forEach(step => {\n    stepTest.call(this, step);\n  });\n}\nscenario.steps.forEach(step => {\n  const newStep = Object.assign({}, step);\n  newStep.text = replaceParameterTags(rowData, newStep.text);\n  stepTest.call(this, newStep, rowData);\n});",
            "err": {},
            "isRoot": false,
            "uuid": "c0266c16-a3d8-43a0-9374-dd425e0f5ee8",
            "isHook": false,
            "skipped": false
          },
          {
            "title": "Use juicer with pineapple (example #2)",
            "fullTitle": "Being a plugin handling Scenario Outline Use juicer with pineapple (example #2)",
            "duration": 19,
            "state": "passed",
            "speed": "fast",
            "pass": true,
            "fail": false,
            "pending": false,
            "code": "if (backgroundSection) {\n  backgroundSection.steps.forEach(step => {\n    stepTest.call(this, step);\n  });\n}\nscenario.steps.forEach(step => {\n  const newStep = Object.assign({}, step);\n  newStep.text = replaceParameterTags(rowData, newStep.text);\n  stepTest.call(this, newStep, rowData);\n});",
            "err": {},
            "isRoot": false,
            "uuid": "288bf6dd-6035-4bcc-b2a5-2421a0c7760a",
            "isHook": false,
            "skipped": false
          },
          {
            "title": "Use juicer with strawberry (example #3)",
            "fullTitle": "Being a plugin handling Scenario Outline Use juicer with strawberry (example #3)",
            "duration": 15,
            "state": "passed",
            "speed": "fast",
            "pass": true,
            "fail": false,
            "pending": false,
            "code": "if (backgroundSection) {\n  backgroundSection.steps.forEach(step => {\n    stepTest.call(this, step);\n  });\n}\nscenario.steps.forEach(step => {\n  const newStep = Object.assign({}, step);\n  newStep.text = replaceParameterTags(rowData, newStep.text);\n  stepTest.call(this, newStep, rowData);\n});",
            "err": {},
            "isRoot": false,
            "uuid": "9a8ada14-a5dc-4a73-b4cb-f0508d3987fa",
            "isHook": false,
            "skipped": false
          }
        ],
        "suites": [],
        "passes": [
          "42745cba-4587-4212-8214-70d3043e358d",
          "d267cee0-faa1-4448-92b1-4f93dc4b0b66",
          "c0266c16-a3d8-43a0-9374-dd425e0f5ee8",
          "288bf6dd-6035-4bcc-b2a5-2421a0c7760a",
          "9a8ada14-a5dc-4a73-b4cb-f0508d3987fa"
        ],
        "failures": [],
        "pending": [],
        "skipped": [],
        "duration": 133,
        "root": false,
        "rootEmpty": false,
        "_timeout": 2000
      }
    ],
    "passes": [],
    "failures": [],
    "pending": [],
    "skipped": [],
    "duration": 0,
    "root": true,
    "rootEmpty": true,
    "_timeout": 2000
  },
  "copyrightYear": 2019
}