{
  "stats": {
    "suites": 1,
    "tests": 1,
    "passes": 1,
    "pending": 0,
    "failures": 0,
    "start": "2019-03-28T01:28:39.133Z",
    "end": "2019-03-28T01:28:39.288Z",
    "duration": 155,
    "testsRegistered": 1,
    "passPercent": 100,
    "pendingPercent": 0,
    "other": 0,
    "hasOther": false,
    "skipped": 0,
    "hasSkipped": false,
    "passPercentClass": "success",
    "pendingPercentClass": "danger"
  },
  "suites": {
    "uuid": "f270ed0f-b300-47d2-b5c0-80ddc8da2cbb",
    "title": "",
    "fullFile": "",
    "file": "",
    "beforeHooks": [],
    "afterHooks": [],
    "tests": [],
    "suites": [
      {
        "uuid": "1b9f6dd0-8a4d-477d-8758-b7e789935e8a",
        "title": "Test for using 'this' keyword in step definitions",
        "fullFile": "",
        "file": "",
        "beforeHooks": [],
        "afterHooks": [],
        "tests": [
          {
            "title": "Keyword 'this' test with a classic function",
            "fullTitle": "Test for using 'this' keyword in step definitions Keyword 'this' test with a classic function",
            "duration": 66,
            "state": "passed",
            "speed": "medium",
            "pass": true,
            "fail": false,
            "pending": false,
            "code": "if (backgroundSection) {\n  backgroundSection.steps.forEach(step => stepTest.call(this, step));\n}\nscenario.steps.forEach(step => stepTest.call(this, step));",
            "err": {},
            "isRoot": false,
            "uuid": "3e5854e7-5842-4efe-8b3d-185c8f0a637c",
            "isHook": false,
            "skipped": false
          }
        ],
        "suites": [],
        "passes": [
          "3e5854e7-5842-4efe-8b3d-185c8f0a637c"
        ],
        "failures": [],
        "pending": [],
        "skipped": [],
        "duration": 66,
        "root": false,
        "rootEmpty": false,
        "_timeout": 2000
      }
    ],
    "passes": [],
    "failures": [],
    "pending": [],
    "skipped": [],
    "duration": 0,
    "root": true,
    "rootEmpty": true,
    "_timeout": 2000
  },
  "copyrightYear": 2019
}