{
  "stats": {
    "suites": 1,
    "tests": 1,
    "passes": 1,
    "pending": 0,
    "failures": 0,
    "start": "2019-01-11T23:53:18.033Z",
    "end": "2019-01-11T23:53:18.200Z",
    "duration": 167,
    "testsRegistered": 1,
    "passPercent": 100,
    "pendingPercent": 0,
    "other": 0,
    "hasOther": false,
    "skipped": 0,
    "hasSkipped": false,
    "passPercentClass": "success",
    "pendingPercentClass": "danger"
  },
  "suites": {
    "uuid": "ab52b659-5194-4047-bad0-bc944fe9015c",
    "title": "",
    "fullFile": "",
    "file": "",
    "beforeHooks": [],
    "afterHooks": [],
    "tests": [],
    "suites": [
      {
        "uuid": "ef85cd7e-5823-49bb-9390-ed086bd6f8d3",
        "title": "Bail on a step failure",
        "fullFile": "",
        "file": "",
        "beforeHooks": [],
        "afterHooks": [],
        "tests": [
          {
            "title": "Running with a failing step",
            "fullTitle": "Bail on a step failure Running with a failing step",
            "duration": 114,
            "state": "passed",
            "speed": "slow",
            "pass": true,
            "fail": false,
            "pending": false,
            "code": "if (backgroundSection) {\n  backgroundSection.steps.forEach(step => stepTest.call(this, step));\n}\nscenario.steps.forEach(step => stepTest.call(this, step));",
            "err": {},
            "isRoot": false,
            "uuid": "c1e8708f-ec4d-4f33-a1f4-99daaa449de5",
            "isHook": false,
            "skipped": false
          }
        ],
        "suites": [],
        "passes": [
          "c1e8708f-ec4d-4f33-a1f4-99daaa449de5"
        ],
        "failures": [],
        "pending": [],
        "skipped": [],
        "duration": 114,
        "root": false,
        "rootEmpty": false,
        "_timeout": 2000
      }
    ],
    "passes": [],
    "failures": [],
    "pending": [],
    "skipped": [],
    "duration": 0,
    "root": true,
    "rootEmpty": true,
    "_timeout": 2000
  },
  "copyrightYear": 2019
}