{
  "stats": {
    "suites": 2,
    "tests": 2,
    "passes": 2,
    "pending": 0,
    "failures": 0,
    "start": "2019-03-28T01:27:25.486Z",
    "end": "2019-03-28T01:27:33.977Z",
    "duration": 8491,
    "testsRegistered": 2,
    "passPercent": 100,
    "pendingPercent": 0,
    "other": 0,
    "hasOther": false,
    "skipped": 0,
    "hasSkipped": false,
    "passPercentClass": "success",
    "pendingPercentClass": "danger"
  },
  "suites": {
    "uuid": "de32599c-bc36-4dc0-a6c4-bc7cd11da580",
    "title": "",
    "fullFile": "",
    "file": "",
    "beforeHooks": [],
    "afterHooks": [],
    "tests": [],
    "suites": [
      {
        "uuid": "bf598ef4-08de-410a-ab80-143e5c3c7426",
        "title": "Logging In - HTML Web Form - The Internet",
        "fullFile": "",
        "file": "",
        "beforeHooks": [],
        "afterHooks": [],
        "tests": [],
        "suites": [
          {
            "uuid": "e40cde84-e619-4de3-8ba4-d33475d635e8",
            "title": "Unauthorized",
            "fullFile": "",
            "file": "",
            "beforeHooks": [],
            "afterHooks": [],
            "tests": [
              {
                "title": "User denied access with invalid details",
                "fullTitle": "Logging In - HTML Web Form - The Internet Unauthorized User denied access with invalid details",
                "duration": 4560,
                "state": "passed",
                "speed": "slow",
                "pass": true,
                "fail": false,
                "pending": false,
                "code": "login_page_1.login.visit();\nlogin_page_1.login.username.type('invalidUser');\nlogin_page_1.login.password.type('invalidPassword{enter}');\nlogin_page_1.login.errorMsg.contains('Your username is invalid!');\nlogin_page_1.login.logOutButton.should('not.exist');",
                "err": {},
                "isRoot": false,
                "uuid": "403e2136-94dc-46dc-bad6-11f8e6e4778c",
                "isHook": false,
                "skipped": false
              },
              {
                "title": "User granted access with valid details",
                "fullTitle": "Logging In - HTML Web Form - The Internet Unauthorized User granted access with valid details",
                "duration": 3799,
                "state": "passed",
                "speed": "slow",
                "pass": true,
                "fail": false,
                "pending": false,
                "code": "login_page_1.login.visit();\nlogin_page_1.login.username.type('tomsmith');\nlogin_page_1.login.password.type('SuperSecretPassword!{enter}');\nlogin_page_1.login.successMsg.contains('You logged into a secure area!');\nlogin_page_1.login.logOutButton.should('exist');",
                "err": {},
                "isRoot": false,
                "uuid": "852a4727-d4fd-469a-8d70-258fa89a3257",
                "isHook": false,
                "skipped": false
              }
            ],
            "suites": [],
            "passes": [
              "403e2136-94dc-46dc-bad6-11f8e6e4778c",
              "852a4727-d4fd-469a-8d70-258fa89a3257"
            ],
            "failures": [],
            "pending": [],
            "skipped": [],
            "duration": 8359,
            "root": false,
            "rootEmpty": false,
            "_timeout": 2000
          }
        ],
        "passes": [],
        "failures": [],
        "pending": [],
        "skipped": [],
        "duration": 0,
        "root": false,
        "rootEmpty": false,
        "_timeout": 2000
      }
    ],
    "passes": [],
    "failures": [],
    "pending": [],
    "skipped": [],
    "duration": 0,
    "root": true,
    "rootEmpty": true,
    "_timeout": 2000
  },
  "copyrightYear": 2019
}