{
  "stats": {
    "suites": 1,
    "tests": 3,
    "passes": 3,
    "pending": 0,
    "failures": 0,
    "start": "2019-03-27T23:01:03.346Z",
    "end": "2019-03-27T23:01:03.491Z",
    "duration": 145,
    "testsRegistered": 3,
    "passPercent": 100,
    "pendingPercent": 0,
    "other": 0,
    "hasOther": false,
    "skipped": 0,
    "hasSkipped": false,
    "passPercentClass": "success",
    "pendingPercentClass": "danger"
  },
  "suites": {
    "uuid": "8be138e9-f7c5-454f-af42-390fe4572524",
    "title": "",
    "fullFile": "",
    "file": "",
    "beforeHooks": [],
    "afterHooks": [],
    "tests": [],
    "suites": [
      {
        "uuid": "f18ca1e2-6ce2-4951-ba30-81e7f604be0a",
        "title": "Tags Implementation with environmental variables set",
        "fullFile": "",
        "file": "",
        "beforeHooks": [],
        "afterHooks": [],
        "tests": [
          {
            "title": "This scenario should not run if @ignore-tag is present in env",
            "fullTitle": "Tags Implementation with environmental variables set This scenario should not run if @ignore-tag is present in env",
            "duration": 62,
            "state": "passed",
            "speed": "medium",
            "pass": true,
            "fail": false,
            "pending": false,
            "code": "if (backgroundSection) {\n  backgroundSection.steps.forEach(step => stepTest.call(this, step));\n}\nscenario.steps.forEach(step => stepTest.call(this, step));",
            "err": {},
            "isRoot": false,
            "uuid": "b2ea5bef-5175-426d-a546-79292bb5e166",
            "isHook": false,
            "skipped": false
          },
          {
            "title": "This scenario should run",
            "fullTitle": "Tags Implementation with environmental variables set This scenario should run",
            "duration": 25,
            "state": "passed",
            "speed": "fast",
            "pass": true,
            "fail": false,
            "pending": false,
            "code": "if (backgroundSection) {\n  backgroundSection.steps.forEach(step => stepTest.call(this, step));\n}\nscenario.steps.forEach(step => stepTest.call(this, step));",
            "err": {},
            "isRoot": false,
            "uuid": "b6606dae-88c7-44e8-b517-125d95137cac",
            "isHook": false,
            "skipped": false
          },
          {
            "title": "This scenario should also run",
            "fullTitle": "Tags Implementation with environmental variables set This scenario should also run",
            "duration": 12,
            "state": "passed",
            "speed": "fast",
            "pass": true,
            "fail": false,
            "pending": false,
            "code": "if (backgroundSection) {\n  backgroundSection.steps.forEach(step => stepTest.call(this, step));\n}\nscenario.steps.forEach(step => stepTest.call(this, step));",
            "err": {},
            "isRoot": false,
            "uuid": "9ec44ce9-3252-47be-92dd-ee562f8113c6",
            "isHook": false,
            "skipped": false
          }
        ],
        "suites": [],
        "passes": [
          "b2ea5bef-5175-426d-a546-79292bb5e166",
          "b6606dae-88c7-44e8-b517-125d95137cac",
          "9ec44ce9-3252-47be-92dd-ee562f8113c6"
        ],
        "failures": [],
        "pending": [],
        "skipped": [],
        "duration": 99,
        "root": false,
        "rootEmpty": false,
        "_timeout": 2000
      }
    ],
    "passes": [],
    "failures": [],
    "pending": [],
    "skipped": [],
    "duration": 0,
    "root": true,
    "rootEmpty": true,
    "_timeout": 2000
  },
  "copyrightYear": 2019
}