{
  "stats": {
    "suites": 1,
    "tests": 1,
    "passes": 1,
    "pending": 0,
    "failures": 0,
    "start": "2019-03-27T23:00:23.467Z",
    "end": "2019-03-27T23:00:23.536Z",
    "duration": 69,
    "testsRegistered": 1,
    "passPercent": 100,
    "pendingPercent": 0,
    "other": 0,
    "hasOther": false,
    "skipped": 0,
    "hasSkipped": false,
    "passPercentClass": "success",
    "pendingPercentClass": "danger"
  },
  "suites": {
    "uuid": "a8093cc8-7578-474f-b7bf-778821f5b6fb",
    "title": "",
    "fullFile": "",
    "file": "",
    "beforeHooks": [],
    "afterHooks": [],
    "tests": [],
    "suites": [
      {
        "uuid": "3f699ef2-6195-4b61-a4eb-d084ac2c8752",
        "title": "Bail on a step failure",
        "fullFile": "",
        "file": "",
        "beforeHooks": [],
        "afterHooks": [],
        "tests": [
          {
            "title": "Running with a failing step",
            "fullTitle": "Bail on a step failure Running with a failing step",
            "duration": 36,
            "state": "passed",
            "speed": "fast",
            "pass": true,
            "fail": false,
            "pending": false,
            "code": "if (backgroundSection) {\n  backgroundSection.steps.forEach(step => stepTest.call(this, step));\n}\nscenario.steps.forEach(step => stepTest.call(this, step));",
            "err": {},
            "isRoot": false,
            "uuid": "eb9af3d2-d095-4dd6-aa2d-de911d8ad123",
            "isHook": false,
            "skipped": false
          }
        ],
        "suites": [],
        "passes": [
          "eb9af3d2-d095-4dd6-aa2d-de911d8ad123"
        ],
        "failures": [],
        "pending": [],
        "skipped": [],
        "duration": 36,
        "root": false,
        "rootEmpty": false,
        "_timeout": 2000
      }
    ],
    "passes": [],
    "failures": [],
    "pending": [],
    "skipped": [],
    "duration": 0,
    "root": true,
    "rootEmpty": true,
    "_timeout": 2000
  },
  "copyrightYear": 2019
}