{
  "stats": {
    "suites": 1,
    "tests": 1,
    "passes": 1,
    "pending": 0,
    "failures": 0,
    "start": "2019-03-27T23:00:42.718Z",
    "end": "2019-03-27T23:00:42.840Z",
    "duration": 122,
    "testsRegistered": 1,
    "passPercent": 100,
    "pendingPercent": 0,
    "other": 0,
    "hasOther": false,
    "skipped": 0,
    "hasSkipped": false,
    "passPercentClass": "success",
    "pendingPercentClass": "danger"
  },
  "suites": {
    "uuid": "6a41d389-b36c-4429-9726-bb6acccdce12",
    "title": "",
    "fullFile": "",
    "file": "",
    "beforeHooks": [],
    "afterHooks": [],
    "tests": [],
    "suites": [
      {
        "uuid": "c2a5118f-bc3c-460b-a6bb-079b1c48364c",
        "title": "Being a plugin",
        "fullFile": "",
        "file": "",
        "beforeHooks": [],
        "afterHooks": [],
        "tests": [
          {
            "title": "Basic example",
            "fullTitle": "Being a plugin Basic example",
            "duration": 50,
            "state": "passed",
            "speed": "medium",
            "pass": true,
            "fail": false,
            "pending": false,
            "code": "if (backgroundSection) {\n  backgroundSection.steps.forEach(step => stepTest.call(this, step));\n}\nscenario.steps.forEach(step => stepTest.call(this, step));",
            "err": {},
            "isRoot": false,
            "uuid": "d1bb074f-883f-4c50-b625-931edb9cfe36",
            "isHook": false,
            "skipped": false
          }
        ],
        "suites": [],
        "passes": [
          "d1bb074f-883f-4c50-b625-931edb9cfe36"
        ],
        "failures": [],
        "pending": [],
        "skipped": [],
        "duration": 50,
        "root": false,
        "rootEmpty": false,
        "_timeout": 2000
      }
    ],
    "passes": [],
    "failures": [],
    "pending": [],
    "skipped": [],
    "duration": 0,
    "root": true,
    "rootEmpty": true,
    "_timeout": 2000
  },
  "copyrightYear": 2019
}