{
  "stats": {
    "suites": 1,
    "tests": 10,
    "passes": 10,
    "pending": 0,
    "failures": 0,
    "start": "2018-12-27T13:30:21.057Z",
    "end": "2018-12-27T13:30:36.797Z",
    "duration": 15740,
    "testsRegistered": 10,
    "passPercent": 100,
    "pendingPercent": 0,
    "other": 0,
    "hasOther": false,
    "skipped": 0,
    "hasSkipped": false,
    "passPercentClass": "success",
    "pendingPercentClass": "danger"
  },
  "suites": {
    "uuid": "3a82f070-8262-4cd2-9478-6a745cfd3c19",
    "title": "",
    "fullFile": "",
    "file": "",
    "beforeHooks": [],
    "afterHooks": [],
    "tests": [],
    "suites": [
      {
        "uuid": "b522b308-5b27-41b9-99f9-526cb8763197",
        "title": "dom-testing-library commands",
        "fullFile": "",
        "file": "",
        "beforeHooks": [],
        "afterHooks": [],
        "tests": [
          {
            "title": "getByPlaceholderText",
            "fullTitle": "dom-testing-library commands getByPlaceholderText",
            "duration": 487,
            "state": "passed",
            "speed": "slow",
            "pass": true,
            "fail": false,
            "pending": false,
            "code": "cy.getByPlaceholderText('Placeholder Text')\n    .click()\n    .type('Hello Placeholder');",
            "err": {},
            "isRoot": false,
            "uuid": "af174319-2a23-4855-9545-8d229bf3abe4",
            "isHook": false,
            "skipped": false
          },
          {
            "title": "getByText",
            "fullTitle": "dom-testing-library commands getByText",
            "duration": 208,
            "state": "passed",
            "speed": "slow",
            "pass": true,
            "fail": false,
            "pending": false,
            "code": "cy.getByText('Button Text').click();",
            "err": {},
            "isRoot": false,
            "uuid": "82e2bfe8-6ae5-4615-807c-18350f90109c",
            "isHook": false,
            "skipped": false
          },
          {
            "title": "getByLabelText",
            "fullTitle": "dom-testing-library commands getByLabelText",
            "duration": 557,
            "state": "passed",
            "speed": "slow",
            "pass": true,
            "fail": false,
            "pending": false,
            "code": "cy.getByLabelText('Label For Input Labelled By Id')\n    .click()\n    .type('Hello Input Labelled By Id');",
            "err": {},
            "isRoot": false,
            "uuid": "21330d6c-b3ee-4335-94f9-af0391855e6d",
            "isHook": false,
            "skipped": false
          },
          {
            "title": "getByAltText",
            "fullTitle": "dom-testing-library commands getByAltText",
            "duration": 131,
            "state": "passed",
            "speed": "slow",
            "pass": true,
            "fail": false,
            "pending": false,
            "code": "cy.getByAltText('Image Alt Text').click();",
            "err": {},
            "isRoot": false,
            "uuid": "6de89209-156a-4469-90df-1ba241e0db41",
            "isHook": false,
            "skipped": false
          },
          {
            "title": "getByTestId",
            "fullTitle": "dom-testing-library commands getByTestId",
            "duration": 117,
            "state": "passed",
            "speed": "slow",
            "pass": true,
            "fail": false,
            "pending": false,
            "code": "cy.getByTestId('image-with-random-alt-tag').click();",
            "err": {},
            "isRoot": false,
            "uuid": "86cee3f3-a463-4cea-8311-ddf2ed262680",
            "isHook": false,
            "skipped": false
          },
          {
            "title": "getAllByText",
            "fullTitle": "dom-testing-library commands getAllByText",
            "duration": 246,
            "state": "passed",
            "speed": "slow",
            "pass": true,
            "fail": false,
            "pending": false,
            "code": "cy.getAllByText(/^Jackie Chan/).click({ multiple: true });",
            "err": {},
            "isRoot": false,
            "uuid": "cbd998c2-f2d0-4286-af3c-234e719867ee",
            "isHook": false,
            "skipped": false
          },
          {
            "title": "queryByText",
            "fullTitle": "dom-testing-library commands queryByText",
            "duration": 4058,
            "state": "passed",
            "speed": "slow",
            "pass": true,
            "fail": false,
            "pending": false,
            "code": "cy.queryByText('Button Text').should('exist');\ncy.queryByText('Non-existing Button Text').should('not.exist');",
            "err": {},
            "isRoot": false,
            "uuid": "ccf44ca4-2632-4854-bc0c-81d058010754",
            "isHook": false,
            "skipped": false
          },
          {
            "title": "getByText within",
            "fullTitle": "dom-testing-library commands getByText within",
            "duration": 227,
            "state": "passed",
            "speed": "slow",
            "pass": true,
            "fail": false,
            "pending": false,
            "code": "cy.get('#nested').within(function () {\n    cy.getByText('Button Text').click();\n});",
            "err": {},
            "isRoot": false,
            "uuid": "530ad287-596a-4f2e-b4e4-fdc875c1826c",
            "isHook": false,
            "skipped": false
          },
          {
            "title": "getByTestId only throws the error message",
            "fullTitle": "dom-testing-library commands getByTestId only throws the error message",
            "duration": 4065,
            "state": "passed",
            "speed": "slow",
            "pass": true,
            "fail": false,
            "pending": false,
            "code": "var testId = 'Some random id';\nvar errorMessage = \"Unable to find an element by: [data-testid=\\\"\" + testId + \"\\\"]\";\ncy.on('fail', function (err) {\n    expect(err.message).to.eq(errorMessage);\n});\ncy.getByTestId(testId).click();",
            "err": {},
            "isRoot": false,
            "uuid": "ffaa2918-b48b-40b9-aa4b-a60683ae6255",
            "isHook": false,
            "skipped": false
          },
          {
            "title": "getByText only throws the error message",
            "fullTitle": "dom-testing-library commands getByText only throws the error message",
            "duration": 4119,
            "state": "passed",
            "speed": "slow",
            "pass": true,
            "fail": false,
            "pending": false,
            "code": "var text = 'Some random text';\nvar errorMessage = \"Unable to find an element with the text: \" + text + \". This could be because the text is broken up by multiple elements. In this case, you can provide a function for your text matcher to make your matcher more flexible.\";\ncy.on('fail', function (err) {\n    expect(err.message).to.eq(errorMessage);\n});\ncy.getByText('Some random text').click();",
            "err": {},
            "isRoot": false,
            "uuid": "08851a90-20e1-45b3-8fd8-19c6e26d9e6e",
            "isHook": false,
            "skipped": false
          }
        ],
        "suites": [],
        "passes": [
          "af174319-2a23-4855-9545-8d229bf3abe4",
          "82e2bfe8-6ae5-4615-807c-18350f90109c",
          "21330d6c-b3ee-4335-94f9-af0391855e6d",
          "6de89209-156a-4469-90df-1ba241e0db41",
          "86cee3f3-a463-4cea-8311-ddf2ed262680",
          "cbd998c2-f2d0-4286-af3c-234e719867ee",
          "ccf44ca4-2632-4854-bc0c-81d058010754",
          "530ad287-596a-4f2e-b4e4-fdc875c1826c",
          "ffaa2918-b48b-40b9-aa4b-a60683ae6255",
          "08851a90-20e1-45b3-8fd8-19c6e26d9e6e"
        ],
        "failures": [],
        "pending": [],
        "skipped": [],
        "duration": 14215,
        "root": false,
        "rootEmpty": false,
        "_timeout": 2000
      }
    ],
    "passes": [],
    "failures": [],
    "pending": [],
    "skipped": [],
    "duration": 0,
    "root": true,
    "rootEmpty": true,
    "_timeout": 2000
  },
  "copyrightYear": 2018
}