{
  "stats": {
    "suites": 1,
    "tests": 1,
    "passes": 1,
    "pending": 0,
    "failures": 0,
    "start": "2018-12-27T13:29:34.337Z",
    "end": "2018-12-27T13:29:34.477Z",
    "duration": 140,
    "testsRegistered": 1,
    "passPercent": 100,
    "pendingPercent": 0,
    "other": 0,
    "hasOther": false,
    "skipped": 0,
    "hasSkipped": false,
    "passPercentClass": "success",
    "pendingPercentClass": "danger"
  },
  "suites": {
    "uuid": "9029b347-c5c1-42f3-ba0a-011e0e132bec",
    "title": "",
    "fullFile": "",
    "file": "",
    "beforeHooks": [],
    "afterHooks": [],
    "tests": [],
    "suites": [
      {
        "uuid": "fb54414e-9d3f-4194-ba93-07d54782dac6",
        "title": "Being a plugin handling DocString scenario",
        "fullFile": "",
        "file": "",
        "beforeHooks": [],
        "afterHooks": [],
        "tests": [
          {
            "title": "DocString",
            "fullTitle": "Being a plugin handling DocString scenario DocString",
            "duration": 72,
            "state": "passed",
            "speed": "medium",
            "pass": true,
            "fail": false,
            "pending": false,
            "code": "if (backgroundSection) {\n  backgroundSection.steps.forEach(step => stepTest.call(this, step));\n}\nscenario.steps.forEach(step => stepTest.call(this, step));",
            "err": {},
            "isRoot": false,
            "uuid": "82bd2453-50d7-48c5-b506-c4ef7cf66dab",
            "isHook": false,
            "skipped": false
          }
        ],
        "suites": [],
        "passes": [
          "82bd2453-50d7-48c5-b506-c4ef7cf66dab"
        ],
        "failures": [],
        "pending": [],
        "skipped": [],
        "duration": 72,
        "root": false,
        "rootEmpty": false,
        "_timeout": 2000
      }
    ],
    "passes": [],
    "failures": [],
    "pending": [],
    "skipped": [],
    "duration": 0,
    "root": true,
    "rootEmpty": true,
    "_timeout": 2000
  },
  "copyrightYear": 2018
}