{
  "stats": {
    "suites": 1,
    "tests": 1,
    "passes": 1,
    "pending": 0,
    "failures": 0,
    "start": "2019-03-27T23:01:20.684Z",
    "end": "2019-03-27T23:01:20.840Z",
    "duration": 156,
    "testsRegistered": 1,
    "passPercent": 100,
    "pendingPercent": 0,
    "other": 0,
    "hasOther": false,
    "skipped": 0,
    "hasSkipped": false,
    "passPercentClass": "success",
    "pendingPercentClass": "danger"
  },
  "suites": {
    "uuid": "22de2b3b-a379-4596-924e-ceb8959ceac4",
    "title": "",
    "fullFile": "",
    "file": "",
    "beforeHooks": [],
    "afterHooks": [],
    "tests": [],
    "suites": [
      {
        "uuid": "15fb2f46-ec3d-4cea-a881-1cb45701d77b",
        "title": "Working with Webpack",
        "fullFile": "",
        "file": "",
        "beforeHooks": [],
        "afterHooks": [],
        "tests": [
          {
            "title": "it's alive!",
            "fullTitle": "Working with Webpack it's alive!",
            "duration": 117,
            "state": "passed",
            "speed": "slow",
            "pass": true,
            "fail": false,
            "pending": false,
            "code": "if (backgroundSection) {\n  backgroundSection.steps.forEach(step => stepTest.call(this, step));\n}\nscenario.steps.forEach(step => stepTest.call(this, step));",
            "err": {},
            "isRoot": false,
            "uuid": "3f7694c3-758a-47b2-a6e8-6183a251aa38",
            "isHook": false,
            "skipped": false
          }
        ],
        "suites": [],
        "passes": [
          "3f7694c3-758a-47b2-a6e8-6183a251aa38"
        ],
        "failures": [],
        "pending": [],
        "skipped": [],
        "duration": 117,
        "root": false,
        "rootEmpty": false,
        "_timeout": 2000
      }
    ],
    "passes": [],
    "failures": [],
    "pending": [],
    "skipped": [],
    "duration": 0,
    "root": true,
    "rootEmpty": true,
    "_timeout": 2000
  },
  "copyrightYear": 2019
}