{
  "stats": {
    "suites": 1,
    "tests": 1,
    "passes": 1,
    "pending": 0,
    "failures": 0,
    "start": "2019-03-28T01:27:54.829Z",
    "end": "2019-03-28T01:27:54.994Z",
    "duration": 165,
    "testsRegistered": 1,
    "passPercent": 100,
    "pendingPercent": 0,
    "other": 0,
    "hasOther": false,
    "skipped": 0,
    "hasSkipped": false,
    "passPercentClass": "success",
    "pendingPercentClass": "danger"
  },
  "suites": {
    "uuid": "6e6a603f-6ad8-4501-bd13-2ba0323a39b6",
    "title": "",
    "fullFile": "",
    "file": "",
    "beforeHooks": [],
    "afterHooks": [],
    "tests": [],
    "suites": [
      {
        "uuid": "d6bbecfc-2d3b-4f05-a908-d8fbb60a08ad",
        "title": "Being a plugin handling DataTable scenario",
        "fullFile": "",
        "file": "",
        "beforeHooks": [],
        "afterHooks": [],
        "tests": [
          {
            "title": "DataTable",
            "fullTitle": "Being a plugin handling DataTable scenario DataTable",
            "duration": 117,
            "state": "passed",
            "speed": "slow",
            "pass": true,
            "fail": false,
            "pending": false,
            "code": "if (backgroundSection) {\n  backgroundSection.steps.forEach(step => stepTest.call(this, step));\n}\nscenario.steps.forEach(step => stepTest.call(this, step));",
            "err": {},
            "isRoot": false,
            "uuid": "3cbd99c8-9849-49f2-8102-8fc88b2f4def",
            "isHook": false,
            "skipped": false
          }
        ],
        "suites": [],
        "passes": [
          "3cbd99c8-9849-49f2-8102-8fc88b2f4def"
        ],
        "failures": [],
        "pending": [],
        "skipped": [],
        "duration": 117,
        "root": false,
        "rootEmpty": false,
        "_timeout": 2000
      }
    ],
    "passes": [],
    "failures": [],
    "pending": [],
    "skipped": [],
    "duration": 0,
    "root": true,
    "rootEmpty": true,
    "_timeout": 2000
  },
  "copyrightYear": 2019
}