{
  "stats": {
    "suites": 1,
    "tests": 2,
    "passes": 2,
    "pending": 0,
    "failures": 0,
    "start": "2019-03-28T01:27:43.853Z",
    "end": "2019-03-28T01:27:43.987Z",
    "duration": 134,
    "testsRegistered": 2,
    "passPercent": 100,
    "pendingPercent": 0,
    "other": 0,
    "hasOther": false,
    "skipped": 0,
    "hasSkipped": false,
    "passPercentClass": "success",
    "pendingPercentClass": "danger"
  },
  "suites": {
    "uuid": "c3a1a526-4696-45ff-94b5-2e9a3d62f427",
    "title": "",
    "fullFile": "",
    "file": "",
    "beforeHooks": [],
    "afterHooks": [],
    "tests": [],
    "suites": [
      {
        "uuid": "4e873eb6-a3c6-452d-bd29-8b5377435ede",
        "title": "Background Section",
        "fullFile": "",
        "file": "",
        "beforeHooks": [],
        "afterHooks": [],
        "tests": [
          {
            "title": "Basic example #1",
            "fullTitle": "Background Section Basic example #1",
            "duration": 76,
            "state": "passed",
            "speed": "slow",
            "pass": true,
            "fail": false,
            "pending": false,
            "code": "if (backgroundSection) {\n  backgroundSection.steps.forEach(step => stepTest.call(this, step));\n}\nscenario.steps.forEach(step => stepTest.call(this, step));",
            "err": {},
            "isRoot": false,
            "uuid": "3ebfc75a-d3b0-4484-9cbb-856659445ef7",
            "isHook": false,
            "skipped": false
          },
          {
            "title": "Basic example #2",
            "fullTitle": "Background Section Basic example #2",
            "duration": 11,
            "state": "passed",
            "speed": "fast",
            "pass": true,
            "fail": false,
            "pending": false,
            "code": "if (backgroundSection) {\n  backgroundSection.steps.forEach(step => stepTest.call(this, step));\n}\nscenario.steps.forEach(step => stepTest.call(this, step));",
            "err": {},
            "isRoot": false,
            "uuid": "13f17699-d0a0-4c08-98e6-7db0f4effefd",
            "isHook": false,
            "skipped": false
          }
        ],
        "suites": [],
        "passes": [
          "3ebfc75a-d3b0-4484-9cbb-856659445ef7",
          "13f17699-d0a0-4c08-98e6-7db0f4effefd"
        ],
        "failures": [],
        "pending": [],
        "skipped": [],
        "duration": 87,
        "root": false,
        "rootEmpty": false,
        "_timeout": 2000
      }
    ],
    "passes": [],
    "failures": [],
    "pending": [],
    "skipped": [],
    "duration": 0,
    "root": true,
    "rootEmpty": true,
    "_timeout": 2000
  },
  "copyrightYear": 2019
}