{
  "stats": {
    "suites": 1,
    "tests": 2,
    "passes": 2,
    "pending": 0,
    "failures": 0,
    "start": "2019-01-11T23:57:40.642Z",
    "end": "2019-01-11T23:57:40.795Z",
    "duration": 153,
    "testsRegistered": 2,
    "passPercent": 100,
    "pendingPercent": 0,
    "other": 0,
    "hasOther": false,
    "skipped": 0,
    "hasSkipped": false,
    "passPercentClass": "success",
    "pendingPercentClass": "danger"
  },
  "suites": {
    "uuid": "b1db987a-905b-4d8e-a6c7-d40928a637c6",
    "title": "",
    "fullFile": "",
    "file": "",
    "beforeHooks": [],
    "afterHooks": [],
    "tests": [],
    "suites": [
      {
        "uuid": "031e132b-a366-4a53-9d5c-96200eece266",
        "title": "Custom Parameter Types",
        "fullFile": "",
        "file": "",
        "beforeHooks": [],
        "afterHooks": [],
        "tests": [
          {
            "title": "Play an A on my piano",
            "fullTitle": "Custom Parameter Types Play an A on my piano",
            "duration": 85,
            "state": "passed",
            "speed": "slow",
            "pass": true,
            "fail": false,
            "pending": false,
            "code": "if (backgroundSection) {\n  backgroundSection.steps.forEach(step => stepTest.call(this, step));\n}\nscenario.steps.forEach(step => stepTest.call(this, step));",
            "err": {},
            "isRoot": false,
            "uuid": "d9d429d6-5194-462f-bc2d-3827c9bec1ee",
            "isHook": false,
            "skipped": false
          },
          {
            "title": "Play an E on my piano",
            "fullTitle": "Custom Parameter Types Play an E on my piano",
            "duration": 27,
            "state": "passed",
            "speed": "fast",
            "pass": true,
            "fail": false,
            "pending": false,
            "code": "if (backgroundSection) {\n  backgroundSection.steps.forEach(step => stepTest.call(this, step));\n}\nscenario.steps.forEach(step => stepTest.call(this, step));",
            "err": {},
            "isRoot": false,
            "uuid": "c496072a-4f46-459f-8969-d8d9722d66a5",
            "isHook": false,
            "skipped": false
          }
        ],
        "suites": [],
        "passes": [
          "d9d429d6-5194-462f-bc2d-3827c9bec1ee",
          "c496072a-4f46-459f-8969-d8d9722d66a5"
        ],
        "failures": [],
        "pending": [],
        "skipped": [],
        "duration": 112,
        "root": false,
        "rootEmpty": false,
        "_timeout": 2000
      }
    ],
    "passes": [],
    "failures": [],
    "pending": [],
    "skipped": [],
    "duration": 0,
    "root": true,
    "rootEmpty": true,
    "_timeout": 2000
  },
  "copyrightYear": 2019
}