{
  "stats": {
    "suites": 1,
    "tests": 1,
    "passes": 1,
    "pending": 0,
    "failures": 0,
    "start": "2019-01-11T23:58:36.202Z",
    "end": "2019-01-11T23:58:36.390Z",
    "duration": 188,
    "testsRegistered": 1,
    "passPercent": 100,
    "pendingPercent": 0,
    "other": 0,
    "hasOther": false,
    "skipped": 0,
    "hasSkipped": false,
    "passPercentClass": "success",
    "pendingPercentClass": "danger"
  },
  "suites": {
    "uuid": "8b7e0ba5-d4bd-4b35-9680-89051807ab18",
    "title": "",
    "fullFile": "",
    "file": "",
    "beforeHooks": [],
    "afterHooks": [],
    "tests": [],
    "suites": [
      {
        "uuid": "c7b7c3c1-85a3-4994-b84c-f82fa26a490f",
        "title": "Webstorm support",
        "fullFile": "",
        "file": "",
        "beforeHooks": [],
        "afterHooks": [],
        "tests": [
          {
            "title": "The pluging recognizes capitalized Given, When and Then",
            "fullTitle": "Webstorm support The pluging recognizes capitalized Given, When and Then",
            "duration": 86,
            "state": "passed",
            "speed": "slow",
            "pass": true,
            "fail": false,
            "pending": false,
            "code": "if (backgroundSection) {\n  backgroundSection.steps.forEach(step => stepTest.call(this, step));\n}\nscenario.steps.forEach(step => stepTest.call(this, step));",
            "err": {},
            "isRoot": false,
            "uuid": "ee8177e8-3c09-4dcd-bcd7-f33f24024057",
            "isHook": false,
            "skipped": false
          }
        ],
        "suites": [],
        "passes": [
          "ee8177e8-3c09-4dcd-bcd7-f33f24024057"
        ],
        "failures": [],
        "pending": [],
        "skipped": [],
        "duration": 86,
        "root": false,
        "rootEmpty": false,
        "_timeout": 2000
      }
    ],
    "passes": [],
    "failures": [],
    "pending": [],
    "skipped": [],
    "duration": 0,
    "root": true,
    "rootEmpty": true,
    "_timeout": 2000
  },
  "copyrightYear": 2019
}