{
  "stats": {
    "suites": 1,
    "tests": 2,
    "passes": 2,
    "pending": 0,
    "failures": 0,
    "start": "2019-01-11T23:53:21.382Z",
    "end": "2019-01-11T23:53:21.532Z",
    "duration": 150,
    "testsRegistered": 2,
    "passPercent": 100,
    "pendingPercent": 0,
    "other": 0,
    "hasOther": false,
    "skipped": 0,
    "hasSkipped": false,
    "passPercentClass": "success",
    "pendingPercentClass": "danger"
  },
  "suites": {
    "uuid": "1d9df716-f203-41c5-8600-d7d468fdd22a",
    "title": "",
    "fullFile": "",
    "file": "",
    "beforeHooks": [],
    "afterHooks": [],
    "tests": [],
    "suites": [
      {
        "uuid": "411c7f1f-889e-408d-b563-3dc677c93409",
        "title": "Custom Parameter Types",
        "fullFile": "",
        "file": "",
        "beforeHooks": [],
        "afterHooks": [],
        "tests": [
          {
            "title": "Play an A on my piano",
            "fullTitle": "Custom Parameter Types Play an A on my piano",
            "duration": 93,
            "state": "passed",
            "speed": "slow",
            "pass": true,
            "fail": false,
            "pending": false,
            "code": "if (backgroundSection) {\n  backgroundSection.steps.forEach(step => stepTest.call(this, step));\n}\nscenario.steps.forEach(step => stepTest.call(this, step));",
            "err": {},
            "isRoot": false,
            "uuid": "394e2b3a-b30e-43cc-b4cb-1e06c7fdb26e",
            "isHook": false,
            "skipped": false
          },
          {
            "title": "Play an E on my piano",
            "fullTitle": "Custom Parameter Types Play an E on my piano",
            "duration": 20,
            "state": "passed",
            "speed": "fast",
            "pass": true,
            "fail": false,
            "pending": false,
            "code": "if (backgroundSection) {\n  backgroundSection.steps.forEach(step => stepTest.call(this, step));\n}\nscenario.steps.forEach(step => stepTest.call(this, step));",
            "err": {},
            "isRoot": false,
            "uuid": "7a50be64-4c91-48e3-995f-91681fe9fed4",
            "isHook": false,
            "skipped": false
          }
        ],
        "suites": [],
        "passes": [
          "394e2b3a-b30e-43cc-b4cb-1e06c7fdb26e",
          "7a50be64-4c91-48e3-995f-91681fe9fed4"
        ],
        "failures": [],
        "pending": [],
        "skipped": [],
        "duration": 113,
        "root": false,
        "rootEmpty": false,
        "_timeout": 2000
      }
    ],
    "passes": [],
    "failures": [],
    "pending": [],
    "skipped": [],
    "duration": 0,
    "root": true,
    "rootEmpty": true,
    "_timeout": 2000
  },
  "copyrightYear": 2019
}