{
  "stats": {
    "suites": 1,
    "tests": 1,
    "passes": 1,
    "pending": 0,
    "failures": 0,
    "start": "2018-12-27T13:29:37.616Z",
    "end": "2018-12-27T13:29:37.791Z",
    "duration": 175,
    "testsRegistered": 1,
    "passPercent": 100,
    "pendingPercent": 0,
    "other": 0,
    "hasOther": false,
    "skipped": 0,
    "hasSkipped": false,
    "passPercentClass": "success",
    "pendingPercentClass": "danger"
  },
  "suites": {
    "uuid": "1b6fc4a7-da28-42cd-bc38-77ba316c21ff",
    "title": "",
    "fullFile": "",
    "file": "",
    "beforeHooks": [],
    "afterHooks": [],
    "tests": [],
    "suites": [
      {
        "uuid": "8a66259f-30b7-412b-829e-8ea8c2c4fc82",
        "title": "Importing Files",
        "fullFile": "",
        "file": "",
        "beforeHooks": [],
        "afterHooks": [],
        "tests": [
          {
            "title": "Import File",
            "fullTitle": "Importing Files Import File",
            "duration": 132,
            "state": "passed",
            "speed": "slow",
            "pass": true,
            "fail": false,
            "pending": false,
            "code": "if (backgroundSection) {\n  backgroundSection.steps.forEach(step => stepTest.call(this, step));\n}\nscenario.steps.forEach(step => stepTest.call(this, step));",
            "err": {},
            "isRoot": false,
            "uuid": "989bc96a-184a-4d73-8db2-fc62a09fc1aa",
            "isHook": false,
            "skipped": false
          }
        ],
        "suites": [],
        "passes": [
          "989bc96a-184a-4d73-8db2-fc62a09fc1aa"
        ],
        "failures": [],
        "pending": [],
        "skipped": [],
        "duration": 132,
        "root": false,
        "rootEmpty": false,
        "_timeout": 2000
      }
    ],
    "passes": [],
    "failures": [],
    "pending": [],
    "skipped": [],
    "duration": 0,
    "root": true,
    "rootEmpty": true,
    "_timeout": 2000
  },
  "copyrightYear": 2018
}