{
  "stats": {
    "suites": 1,
    "tests": 1,
    "passes": 1,
    "pending": 0,
    "failures": 0,
    "start": "2019-03-27T23:00:34.657Z",
    "end": "2019-03-27T23:00:34.785Z",
    "duration": 128,
    "testsRegistered": 1,
    "passPercent": 100,
    "pendingPercent": 0,
    "other": 0,
    "hasOther": false,
    "skipped": 0,
    "hasSkipped": false,
    "passPercentClass": "success",
    "pendingPercentClass": "danger"
  },
  "suites": {
    "uuid": "02ba633b-3043-4592-b21c-f9083b1a9fe9",
    "title": "",
    "fullFile": "",
    "file": "",
    "beforeHooks": [],
    "afterHooks": [],
    "tests": [],
    "suites": [
      {
        "uuid": "1451e035-31d1-4b6f-8193-710d1a8b4822",
        "title": "Being a plugin handling DocString scenario",
        "fullFile": "",
        "file": "",
        "beforeHooks": [],
        "afterHooks": [],
        "tests": [
          {
            "title": "DocString",
            "fullTitle": "Being a plugin handling DocString scenario DocString",
            "duration": 63,
            "state": "passed",
            "speed": "medium",
            "pass": true,
            "fail": false,
            "pending": false,
            "code": "if (backgroundSection) {\n  backgroundSection.steps.forEach(step => stepTest.call(this, step));\n}\nscenario.steps.forEach(step => stepTest.call(this, step));",
            "err": {},
            "isRoot": false,
            "uuid": "265ff159-c4b7-4044-9922-296bf8c84b11",
            "isHook": false,
            "skipped": false
          }
        ],
        "suites": [],
        "passes": [
          "265ff159-c4b7-4044-9922-296bf8c84b11"
        ],
        "failures": [],
        "pending": [],
        "skipped": [],
        "duration": 63,
        "root": false,
        "rootEmpty": false,
        "_timeout": 2000
      }
    ],
    "passes": [],
    "failures": [],
    "pending": [],
    "skipped": [],
    "duration": 0,
    "root": true,
    "rootEmpty": true,
    "_timeout": 2000
  },
  "copyrightYear": 2019
}