{
  "stats": {
    "suites": 1,
    "tests": 1,
    "passes": 1,
    "pending": 0,
    "failures": 0,
    "start": "2019-03-27T23:00:50.640Z",
    "end": "2019-03-27T23:00:50.830Z",
    "duration": 190,
    "testsRegistered": 1,
    "passPercent": 100,
    "pendingPercent": 0,
    "other": 0,
    "hasOther": false,
    "skipped": 0,
    "hasSkipped": false,
    "passPercentClass": "success",
    "pendingPercentClass": "danger"
  },
  "suites": {
    "uuid": "28f05028-0da8-485e-b69a-de9fe3c5e362",
    "title": "",
    "fullFile": "",
    "file": "",
    "beforeHooks": [],
    "afterHooks": [],
    "tests": [],
    "suites": [
      {
        "uuid": "0a3e4ed4-9d3a-43aa-a6a9-cf68f6db0b8d",
        "title": "Requiring Files",
        "fullFile": "",
        "file": "",
        "beforeHooks": [],
        "afterHooks": [],
        "tests": [
          {
            "title": "Require File",
            "fullTitle": "Requiring Files Require File",
            "duration": 135,
            "state": "passed",
            "speed": "slow",
            "pass": true,
            "fail": false,
            "pending": false,
            "code": "if (backgroundSection) {\n  backgroundSection.steps.forEach(step => stepTest.call(this, step));\n}\nscenario.steps.forEach(step => stepTest.call(this, step));",
            "err": {},
            "isRoot": false,
            "uuid": "607202bd-48b8-4231-bd9a-37fe45ff81b1",
            "isHook": false,
            "skipped": false
          }
        ],
        "suites": [],
        "passes": [
          "607202bd-48b8-4231-bd9a-37fe45ff81b1"
        ],
        "failures": [],
        "pending": [],
        "skipped": [],
        "duration": 135,
        "root": false,
        "rootEmpty": false,
        "_timeout": 2000
      }
    ],
    "passes": [],
    "failures": [],
    "pending": [],
    "skipped": [],
    "duration": 0,
    "root": true,
    "rootEmpty": true,
    "_timeout": 2000
  },
  "copyrightYear": 2019
}