{
  "stats": {
    "suites": 1,
    "tests": 2,
    "passes": 2,
    "pending": 0,
    "failures": 0,
    "start": "2019-03-28T01:27:13.760Z",
    "end": "2019-03-28T01:27:22.493Z",
    "duration": 8733,
    "testsRegistered": 2,
    "passPercent": 100,
    "pendingPercent": 0,
    "other": 0,
    "hasOther": false,
    "skipped": 0,
    "hasSkipped": false,
    "passPercentClass": "success",
    "pendingPercentClass": "danger"
  },
  "suites": {
    "uuid": "4594916c-7d99-423c-8acd-03b04fa72812",
    "title": "",
    "fullFile": "",
    "file": "",
    "beforeHooks": [],
    "afterHooks": [],
    "tests": [],
    "suites": [
      {
        "uuid": "2f7de704-ceb2-4a2d-b785-0b5c7e19a408",
        "title": "Logging In - HTML Web Form - The Internet",
        "fullFile": "",
        "file": "",
        "beforeHooks": [],
        "afterHooks": [],
        "tests": [
          {
            "title": "Unauthorized",
            "fullTitle": "Logging In - HTML Web Form - The Internet Unauthorized",
            "duration": 4892,
            "state": "passed",
            "speed": "slow",
            "pass": true,
            "fail": false,
            "pending": false,
            "code": "if (backgroundSection) {\n  backgroundSection.steps.forEach(step => stepTest.call(this, step));\n}\nscenario.steps.forEach(step => stepTest.call(this, step));",
            "err": {},
            "isRoot": false,
            "uuid": "e640cf91-1b8f-40d5-b2d1-4a5193f90c59",
            "isHook": false,
            "skipped": false
          },
          {
            "title": "Authorized",
            "fullTitle": "Logging In - HTML Web Form - The Internet Authorized",
            "duration": 3735,
            "state": "passed",
            "speed": "slow",
            "pass": true,
            "fail": false,
            "pending": false,
            "code": "if (backgroundSection) {\n  backgroundSection.steps.forEach(step => stepTest.call(this, step));\n}\nscenario.steps.forEach(step => stepTest.call(this, step));",
            "err": {},
            "isRoot": false,
            "uuid": "48ad43d9-8ec7-436b-98c1-ad9a573e9ab5",
            "isHook": false,
            "skipped": false
          }
        ],
        "suites": [],
        "passes": [
          "e640cf91-1b8f-40d5-b2d1-4a5193f90c59",
          "48ad43d9-8ec7-436b-98c1-ad9a573e9ab5"
        ],
        "failures": [],
        "pending": [],
        "skipped": [],
        "duration": 8627,
        "root": false,
        "rootEmpty": false,
        "_timeout": 2000
      }
    ],
    "passes": [],
    "failures": [],
    "pending": [],
    "skipped": [],
    "duration": 0,
    "root": true,
    "rootEmpty": true,
    "_timeout": 2000
  },
  "copyrightYear": 2019
}