{
  "stats": {
    "suites": 1,
    "tests": 1,
    "passes": 1,
    "pending": 0,
    "failures": 0,
    "start": "2019-03-28T01:27:58.413Z",
    "end": "2019-03-28T01:27:58.555Z",
    "duration": 142,
    "testsRegistered": 1,
    "passPercent": 100,
    "pendingPercent": 0,
    "other": 0,
    "hasOther": false,
    "skipped": 0,
    "hasSkipped": false,
    "passPercentClass": "success",
    "pendingPercentClass": "danger"
  },
  "suites": {
    "uuid": "afec466c-35a8-4b1d-9705-6738c6a34df7",
    "title": "",
    "fullFile": "",
    "file": "",
    "beforeHooks": [],
    "afterHooks": [],
    "tests": [],
    "suites": [
      {
        "uuid": "318e731b-4b01-4a89-aa9e-496392ca76ac",
        "title": "Being a plugin handling DocString scenario",
        "fullFile": "",
        "file": "",
        "beforeHooks": [],
        "afterHooks": [],
        "tests": [
          {
            "title": "DocString",
            "fullTitle": "Being a plugin handling DocString scenario DocString",
            "duration": 64,
            "state": "passed",
            "speed": "medium",
            "pass": true,
            "fail": false,
            "pending": false,
            "code": "if (backgroundSection) {\n  backgroundSection.steps.forEach(step => stepTest.call(this, step));\n}\nscenario.steps.forEach(step => stepTest.call(this, step));",
            "err": {},
            "isRoot": false,
            "uuid": "fb17f644-8f35-42ed-92be-128ffa059997",
            "isHook": false,
            "skipped": false
          }
        ],
        "suites": [],
        "passes": [
          "fb17f644-8f35-42ed-92be-128ffa059997"
        ],
        "failures": [],
        "pending": [],
        "skipped": [],
        "duration": 64,
        "root": false,
        "rootEmpty": false,
        "_timeout": 2000
      }
    ],
    "passes": [],
    "failures": [],
    "pending": [],
    "skipped": [],
    "duration": 0,
    "root": true,
    "rootEmpty": true,
    "_timeout": 2000
  },
  "copyrightYear": 2019
}