{
  "stats": {
    "suites": 1,
    "tests": 12,
    "passes": 12,
    "pending": 0,
    "failures": 0,
    "start": "2019-03-28T01:27:36.937Z",
    "end": "2019-03-28T01:27:40.574Z",
    "duration": 3637,
    "testsRegistered": 12,
    "passPercent": 100,
    "pendingPercent": 0,
    "other": 0,
    "hasOther": false,
    "skipped": 0,
    "hasSkipped": false,
    "passPercentClass": "success",
    "pendingPercentClass": "danger"
  },
  "suites": {
    "uuid": "2ee50a93-4d3d-4dd9-9014-e2787c884661",
    "title": "",
    "fullFile": "",
    "file": "",
    "beforeHooks": [],
    "afterHooks": [],
    "tests": [],
    "suites": [
      {
        "uuid": "37443ca4-4522-42ae-b632-d673c8f1e039",
        "title": "Testing Global Namespace Commands.ts",
        "fullFile": "",
        "file": "",
        "beforeHooks": [],
        "afterHooks": [],
        "tests": [
          {
            "title": "works",
            "fullTitle": "Testing Global Namespace Commands.ts works",
            "duration": 54,
            "state": "passed",
            "speed": "medium",
            "pass": true,
            "fail": false,
            "pending": false,
            "code": "// note TypeScript definition\nvar x = 42;",
            "err": {},
            "isRoot": false,
            "uuid": "49b2792b-60d3-4297-8908-d9965d4baa63",
            "isHook": false,
            "skipped": false
          },
          {
            "title": "uses custom command cy.foo()",
            "fullTitle": "Testing Global Namespace Commands.ts uses custom command cy.foo()",
            "duration": 14,
            "state": "passed",
            "speed": "fast",
            "pass": true,
            "fail": false,
            "pending": false,
            "code": "cy.foo().should('be.equal', 'foo');",
            "err": {},
            "isRoot": false,
            "uuid": "6d9614d3-b234-4c16-9309-24b9a248b020",
            "isHook": false,
            "skipped": false
          },
          {
            "title": "uses custom command cy.foo2() which returns the result of cy.foo()",
            "fullTitle": "Testing Global Namespace Commands.ts uses custom command cy.foo2() which returns the result of cy.foo()",
            "duration": 14,
            "state": "passed",
            "speed": "fast",
            "pass": true,
            "fail": false,
            "pending": false,
            "code": "cy.foo2().should('be.equal', 'foo');",
            "err": {},
            "isRoot": false,
            "uuid": "6e4b2424-b836-4a36-ba52-c45142a04a47",
            "isHook": false,
            "skipped": false
          },
          {
            "title": "can import helper functions - add 2 numbers",
            "fullTitle": "Testing Global Namespace Commands.ts can import helper functions - add 2 numbers",
            "duration": 12,
            "state": "passed",
            "speed": "fast",
            "pass": true,
            "fail": false,
            "pending": false,
            "code": "expect(add_1.add(2, 3)).to.equal(5);",
            "err": {},
            "isRoot": false,
            "uuid": "a49c2c81-367b-47d0-9dc2-1817945719ec",
            "isHook": false,
            "skipped": false
          },
          {
            "title": "adds numbers - Yields sum of 2 numbers",
            "fullTitle": "Testing Global Namespace Commands.ts adds numbers - Yields sum of 2 numbers",
            "duration": 14,
            "state": "passed",
            "speed": "fast",
            "pass": true,
            "fail": false,
            "pending": false,
            "code": "cy.sum(2, 3).should('equal', 5);",
            "err": {},
            "isRoot": false,
            "uuid": "896ba407-9efc-44cf-9f1d-82bfdff56870",
            "isHook": false,
            "skipped": false
          },
          {
            "title": "can print a default message to console.log",
            "fullTitle": "Testing Global Namespace Commands.ts can print a default message to console.log",
            "duration": 15,
            "state": "passed",
            "speed": "fast",
            "pass": true,
            "fail": false,
            "pending": false,
            "code": "cy.greeting();",
            "err": {},
            "isRoot": false,
            "uuid": "3ac81d0e-3634-42c8-bcc4-f2495482f9f8",
            "isHook": false,
            "skipped": false
          },
          {
            "title": "can accept user args to print to console.log",
            "fullTitle": "Testing Global Namespace Commands.ts can accept user args to print to console.log",
            "duration": 11,
            "state": "passed",
            "speed": "fast",
            "pass": true,
            "fail": false,
            "pending": false,
            "code": "cy.greeting({ greeting: 'Hello', name: 'Friend' });",
            "err": {},
            "isRoot": false,
            "uuid": "6105c0ba-be75-4ecf-a69c-af49b372d205",
            "isHook": false,
            "skipped": false
          },
          {
            "title": "checks shape of an object",
            "fullTitle": "Testing Global Namespace Commands.ts checks shape of an object",
            "duration": 18,
            "state": "passed",
            "speed": "fast",
            "pass": true,
            "fail": false,
            "pending": false,
            "code": "var object = {\n    age: 21,\n    name: 'Joe',\n};\nexpect(object).to.have.all.keys('name', 'age');",
            "err": {},
            "isRoot": false,
            "uuid": "6420ec27-27ff-44ca-8d25-cd86b8dae2b6",
            "isHook": false,
            "skipped": false
          },
          {
            "title": "uses cy commands",
            "fullTitle": "Testing Global Namespace Commands.ts uses cy commands",
            "duration": 13,
            "state": "passed",
            "speed": "fast",
            "pass": true,
            "fail": false,
            "pending": false,
            "code": "cy.wrap({}).should('deep.eq', {});",
            "err": {},
            "isRoot": false,
            "uuid": "78fddcf3-7289-455a-b2df-7a1750c118c7",
            "isHook": false,
            "skipped": false
          },
          {
            "title": "tests cypress.ios example site",
            "fullTitle": "Testing Global Namespace Commands.ts tests cypress.ios example site",
            "duration": 1176,
            "state": "passed",
            "speed": "slow",
            "pass": true,
            "fail": false,
            "pending": false,
            "code": "cy.visit('https://example.cypress.io/');\ncy.get('.home-list')\n    .contains('Querying')\n    .click();\ncy.get('#query-btn').should('contain', 'Button');",
            "err": {},
            "isRoot": false,
            "uuid": "ae253b00-5a2d-43ec-8732-129cefb156db",
            "isHook": false,
            "skipped": false
          },
          {
            "title": "has Cypress object type definition",
            "fullTitle": "Testing Global Namespace Commands.ts has Cypress object type definition",
            "duration": 95,
            "state": "passed",
            "speed": "slow",
            "pass": true,
            "fail": false,
            "pending": false,
            "code": "expect(Cypress.version).to.be.a('string');",
            "err": {},
            "isRoot": false,
            "uuid": "77350eab-36d6-46ae-bd4d-0a031c695c2a",
            "isHook": false,
            "skipped": false
          },
          {
            "title": "adds numbers - from support/helpers functions",
            "fullTitle": "Testing Global Namespace Commands.ts adds numbers - from support/helpers functions",
            "duration": 67,
            "state": "passed",
            "speed": "medium",
            "pass": true,
            "fail": false,
            "pending": false,
            "code": "expect(add_1.add(2, 3)).to.equal(5);",
            "err": {},
            "isRoot": false,
            "uuid": "70f67296-363b-420a-8d7f-16f9822391a5",
            "isHook": false,
            "skipped": false
          }
        ],
        "suites": [],
        "passes": [
          "49b2792b-60d3-4297-8908-d9965d4baa63",
          "6d9614d3-b234-4c16-9309-24b9a248b020",
          "6e4b2424-b836-4a36-ba52-c45142a04a47",
          "a49c2c81-367b-47d0-9dc2-1817945719ec",
          "896ba407-9efc-44cf-9f1d-82bfdff56870",
          "3ac81d0e-3634-42c8-bcc4-f2495482f9f8",
          "6105c0ba-be75-4ecf-a69c-af49b372d205",
          "6420ec27-27ff-44ca-8d25-cd86b8dae2b6",
          "78fddcf3-7289-455a-b2df-7a1750c118c7",
          "ae253b00-5a2d-43ec-8732-129cefb156db",
          "77350eab-36d6-46ae-bd4d-0a031c695c2a",
          "70f67296-363b-420a-8d7f-16f9822391a5"
        ],
        "failures": [],
        "pending": [],
        "skipped": [],
        "duration": 1503,
        "root": false,
        "rootEmpty": false,
        "_timeout": 2000
      }
    ],
    "passes": [],
    "failures": [],
    "pending": [],
    "skipped": [],
    "duration": 0,
    "root": true,
    "rootEmpty": true,
    "_timeout": 2000
  },
  "copyrightYear": 2019
}