{
  "stats": {
    "suites": 1,
    "tests": 5,
    "passes": 5,
    "pending": 0,
    "failures": 0,
    "start": "2019-03-27T23:00:59.322Z",
    "end": "2019-03-27T23:00:59.534Z",
    "duration": 212,
    "testsRegistered": 5,
    "passPercent": 100,
    "pendingPercent": 0,
    "other": 0,
    "hasOther": false,
    "skipped": 0,
    "hasSkipped": false,
    "passPercentClass": "success",
    "pendingPercentClass": "danger"
  },
  "suites": {
    "uuid": "fdf36847-c333-4da5-863e-be7604b5d4e6",
    "title": "",
    "fullFile": "",
    "file": "",
    "beforeHooks": [],
    "afterHooks": [],
    "tests": [],
    "suites": [
      {
        "uuid": "33bcff7a-2a84-4287-8bd8-f85ccdc183c0",
        "title": "Tags Implementation",
        "fullFile": "",
        "file": "",
        "beforeHooks": [],
        "afterHooks": [],
        "tests": [
          {
            "title": "Pass no tags",
            "fullTitle": "Tags Implementation Pass no tags",
            "duration": 70,
            "state": "passed",
            "speed": "medium",
            "pass": true,
            "fail": false,
            "pending": false,
            "code": "if (backgroundSection) {\n  backgroundSection.steps.forEach(step => stepTest.call(this, step));\n}\nscenario.steps.forEach(step => stepTest.call(this, step));",
            "err": {},
            "isRoot": false,
            "uuid": "521bc6df-68d9-46c6-aaeb-ad0fb9620926",
            "isHook": false,
            "skipped": false
          },
          {
            "title": "Pass a single tag",
            "fullTitle": "Tags Implementation Pass a single tag",
            "duration": 18,
            "state": "passed",
            "speed": "fast",
            "pass": true,
            "fail": false,
            "pending": false,
            "code": "if (backgroundSection) {\n  backgroundSection.steps.forEach(step => stepTest.call(this, step));\n}\nscenario.steps.forEach(step => stepTest.call(this, step));",
            "err": {},
            "isRoot": false,
            "uuid": "2d5d0c28-8f39-44d0-92bc-ee13e27982ed",
            "isHook": false,
            "skipped": false
          },
          {
            "title": "Pass a tag to ignore",
            "fullTitle": "Tags Implementation Pass a tag to ignore",
            "duration": 14,
            "state": "passed",
            "speed": "fast",
            "pass": true,
            "fail": false,
            "pending": false,
            "code": "if (backgroundSection) {\n  backgroundSection.steps.forEach(step => stepTest.call(this, step));\n}\nscenario.steps.forEach(step => stepTest.call(this, step));",
            "err": {},
            "isRoot": false,
            "uuid": "aca9bc5c-0052-47db-9811-71668a389654",
            "isHook": false,
            "skipped": false
          },
          {
            "title": "Passing multiple tags joined by AND operator",
            "fullTitle": "Tags Implementation Passing multiple tags joined by AND operator",
            "duration": 17,
            "state": "passed",
            "speed": "fast",
            "pass": true,
            "fail": false,
            "pending": false,
            "code": "if (backgroundSection) {\n  backgroundSection.steps.forEach(step => stepTest.call(this, step));\n}\nscenario.steps.forEach(step => stepTest.call(this, step));",
            "err": {},
            "isRoot": false,
            "uuid": "d7db5e34-d521-476e-b414-1526b9af9bce",
            "isHook": false,
            "skipped": false
          },
          {
            "title": "Passing multiple tags joined by OR operator",
            "fullTitle": "Tags Implementation Passing multiple tags joined by OR operator",
            "duration": 18,
            "state": "passed",
            "speed": "fast",
            "pass": true,
            "fail": false,
            "pending": false,
            "code": "if (backgroundSection) {\n  backgroundSection.steps.forEach(step => stepTest.call(this, step));\n}\nscenario.steps.forEach(step => stepTest.call(this, step));",
            "err": {},
            "isRoot": false,
            "uuid": "72b3e086-ac3e-4577-8533-cbddebe13902",
            "isHook": false,
            "skipped": false
          }
        ],
        "suites": [],
        "passes": [
          "521bc6df-68d9-46c6-aaeb-ad0fb9620926",
          "2d5d0c28-8f39-44d0-92bc-ee13e27982ed",
          "aca9bc5c-0052-47db-9811-71668a389654",
          "d7db5e34-d521-476e-b414-1526b9af9bce",
          "72b3e086-ac3e-4577-8533-cbddebe13902"
        ],
        "failures": [],
        "pending": [],
        "skipped": [],
        "duration": 137,
        "root": false,
        "rootEmpty": false,
        "_timeout": 2000
      }
    ],
    "passes": [],
    "failures": [],
    "pending": [],
    "skipped": [],
    "duration": 0,
    "root": true,
    "rootEmpty": true,
    "_timeout": 2000
  },
  "copyrightYear": 2019
}