{
  "stats": {
    "suites": 1,
    "tests": 1,
    "passes": 1,
    "pending": 0,
    "failures": 0,
    "start": "2019-01-11T23:53:28.362Z",
    "end": "2019-01-11T23:53:28.557Z",
    "duration": 195,
    "testsRegistered": 1,
    "passPercent": 100,
    "pendingPercent": 0,
    "other": 0,
    "hasOther": false,
    "skipped": 0,
    "hasSkipped": false,
    "passPercentClass": "success",
    "pendingPercentClass": "danger"
  },
  "suites": {
    "uuid": "d0b810c5-a1c0-4fc3-ad1a-ae84971b3cab",
    "title": "",
    "fullFile": "",
    "file": "",
    "beforeHooks": [],
    "afterHooks": [],
    "tests": [],
    "suites": [
      {
        "uuid": "81293459-c6fb-4583-8c19-c35fc2788db0",
        "title": "Being a plugin handling DocString scenario",
        "fullFile": "",
        "file": "",
        "beforeHooks": [],
        "afterHooks": [],
        "tests": [
          {
            "title": "DocString",
            "fullTitle": "Being a plugin handling DocString scenario DocString",
            "duration": 153,
            "state": "passed",
            "speed": "slow",
            "pass": true,
            "fail": false,
            "pending": false,
            "code": "if (backgroundSection) {\n  backgroundSection.steps.forEach(step => stepTest.call(this, step));\n}\nscenario.steps.forEach(step => stepTest.call(this, step));",
            "err": {},
            "isRoot": false,
            "uuid": "bb6c4b41-c209-4563-af57-f21ff62071c0",
            "isHook": false,
            "skipped": false
          }
        ],
        "suites": [],
        "passes": [
          "bb6c4b41-c209-4563-af57-f21ff62071c0"
        ],
        "failures": [],
        "pending": [],
        "skipped": [],
        "duration": 153,
        "root": false,
        "rootEmpty": false,
        "_timeout": 2000
      }
    ],
    "passes": [],
    "failures": [],
    "pending": [],
    "skipped": [],
    "duration": 0,
    "root": true,
    "rootEmpty": true,
    "_timeout": 2000
  },
  "copyrightYear": 2019
}