{
  "stats": {
    "suites": 1,
    "tests": 1,
    "passes": 1,
    "pending": 0,
    "failures": 0,
    "start": "2019-01-11T23:58:32.523Z",
    "end": "2019-01-11T23:58:32.715Z",
    "duration": 192,
    "testsRegistered": 1,
    "passPercent": 100,
    "pendingPercent": 0,
    "other": 0,
    "hasOther": false,
    "skipped": 0,
    "hasSkipped": false,
    "passPercentClass": "success",
    "pendingPercentClass": "danger"
  },
  "suites": {
    "uuid": "c975c1fa-1ffc-4397-b1e0-12e15c17d291",
    "title": "",
    "fullFile": "",
    "file": "",
    "beforeHooks": [],
    "afterHooks": [],
    "tests": [],
    "suites": [
      {
        "uuid": "d64ea65b-6def-4674-b285-2ba2ae58a338",
        "title": "Working with Webpack",
        "fullFile": "",
        "file": "",
        "beforeHooks": [],
        "afterHooks": [],
        "tests": [
          {
            "title": "it's alive!",
            "fullTitle": "Working with Webpack it's alive!",
            "duration": 131,
            "state": "passed",
            "speed": "slow",
            "pass": true,
            "fail": false,
            "pending": false,
            "code": "if (backgroundSection) {\n  backgroundSection.steps.forEach(step => stepTest.call(this, step));\n}\nscenario.steps.forEach(step => stepTest.call(this, step));",
            "err": {},
            "isRoot": false,
            "uuid": "1459b8c6-656b-4f83-8a58-a6784732e81b",
            "isHook": false,
            "skipped": false
          }
        ],
        "suites": [],
        "passes": [
          "1459b8c6-656b-4f83-8a58-a6784732e81b"
        ],
        "failures": [],
        "pending": [],
        "skipped": [],
        "duration": 131,
        "root": false,
        "rootEmpty": false,
        "_timeout": 2000
      }
    ],
    "passes": [],
    "failures": [],
    "pending": [],
    "skipped": [],
    "duration": 0,
    "root": true,
    "rootEmpty": true,
    "_timeout": 2000
  },
  "copyrightYear": 2019
}