{
  "stats": {
    "suites": 1,
    "tests": 5,
    "passes": 5,
    "pending": 0,
    "failures": 0,
    "start": "2019-01-11T23:58:06.837Z",
    "end": "2019-01-11T23:58:07.084Z",
    "duration": 247,
    "testsRegistered": 5,
    "passPercent": 100,
    "pendingPercent": 0,
    "other": 0,
    "hasOther": false,
    "skipped": 0,
    "hasSkipped": false,
    "passPercentClass": "success",
    "pendingPercentClass": "danger"
  },
  "suites": {
    "uuid": "868a7cb4-88d6-4692-b630-a3a36d54267e",
    "title": "",
    "fullFile": "",
    "file": "",
    "beforeHooks": [],
    "afterHooks": [],
    "tests": [],
    "suites": [
      {
        "uuid": "6669c611-0841-4695-9235-0a04fcec15a7",
        "title": "Being a plugin handling Scenario Outline",
        "fullFile": "",
        "file": "",
        "beforeHooks": [],
        "afterHooks": [],
        "tests": [
          {
            "title": "Using Scenario Outlines (example #1)",
            "fullTitle": "Being a plugin handling Scenario Outline Using Scenario Outlines (example #1)",
            "duration": 100,
            "state": "passed",
            "speed": "slow",
            "pass": true,
            "fail": false,
            "pending": false,
            "code": "if (backgroundSection) {\n  backgroundSection.steps.forEach(step => {\n    stepTest.call(this, step);\n  });\n}\nscenario.steps.forEach(step => {\n  const newStep = Object.assign({}, step);\n  newStep.text = replaceParameterTags(rowData, newStep.text);\n  stepTest.call(this, newStep);\n});",
            "err": {},
            "isRoot": false,
            "uuid": "7d65e921-0004-445a-8826-f75b8dbb2d0a",
            "isHook": false,
            "skipped": false
          },
          {
            "title": "Using Scenario Outlines (example #2)",
            "fullTitle": "Being a plugin handling Scenario Outline Using Scenario Outlines (example #2)",
            "duration": 30,
            "state": "passed",
            "speed": "fast",
            "pass": true,
            "fail": false,
            "pending": false,
            "code": "if (backgroundSection) {\n  backgroundSection.steps.forEach(step => {\n    stepTest.call(this, step);\n  });\n}\nscenario.steps.forEach(step => {\n  const newStep = Object.assign({}, step);\n  newStep.text = replaceParameterTags(rowData, newStep.text);\n  stepTest.call(this, newStep);\n});",
            "err": {},
            "isRoot": false,
            "uuid": "d0f1499f-6875-4a4e-b82c-0d802b6f8b0d",
            "isHook": false,
            "skipped": false
          },
          {
            "title": "Use juicer with apple (example #1)",
            "fullTitle": "Being a plugin handling Scenario Outline Use juicer with apple (example #1)",
            "duration": 20,
            "state": "passed",
            "speed": "fast",
            "pass": true,
            "fail": false,
            "pending": false,
            "code": "if (backgroundSection) {\n  backgroundSection.steps.forEach(step => {\n    stepTest.call(this, step);\n  });\n}\nscenario.steps.forEach(step => {\n  const newStep = Object.assign({}, step);\n  newStep.text = replaceParameterTags(rowData, newStep.text);\n  stepTest.call(this, newStep);\n});",
            "err": {},
            "isRoot": false,
            "uuid": "177f6779-d406-4cfa-87d9-756ce3221755",
            "isHook": false,
            "skipped": false
          },
          {
            "title": "Use juicer with pineapple (example #2)",
            "fullTitle": "Being a plugin handling Scenario Outline Use juicer with pineapple (example #2)",
            "duration": 16,
            "state": "passed",
            "speed": "fast",
            "pass": true,
            "fail": false,
            "pending": false,
            "code": "if (backgroundSection) {\n  backgroundSection.steps.forEach(step => {\n    stepTest.call(this, step);\n  });\n}\nscenario.steps.forEach(step => {\n  const newStep = Object.assign({}, step);\n  newStep.text = replaceParameterTags(rowData, newStep.text);\n  stepTest.call(this, newStep);\n});",
            "err": {},
            "isRoot": false,
            "uuid": "164c2458-8198-4b7f-8fd9-cea7265856f9",
            "isHook": false,
            "skipped": false
          },
          {
            "title": "Use juicer with strawberry (example #3)",
            "fullTitle": "Being a plugin handling Scenario Outline Use juicer with strawberry (example #3)",
            "duration": 20,
            "state": "passed",
            "speed": "fast",
            "pass": true,
            "fail": false,
            "pending": false,
            "code": "if (backgroundSection) {\n  backgroundSection.steps.forEach(step => {\n    stepTest.call(this, step);\n  });\n}\nscenario.steps.forEach(step => {\n  const newStep = Object.assign({}, step);\n  newStep.text = replaceParameterTags(rowData, newStep.text);\n  stepTest.call(this, newStep);\n});",
            "err": {},
            "isRoot": false,
            "uuid": "697f12ca-30b3-454a-9fb6-f4e41c881ff1",
            "isHook": false,
            "skipped": false
          }
        ],
        "suites": [],
        "passes": [
          "7d65e921-0004-445a-8826-f75b8dbb2d0a",
          "d0f1499f-6875-4a4e-b82c-0d802b6f8b0d",
          "177f6779-d406-4cfa-87d9-756ce3221755",
          "164c2458-8198-4b7f-8fd9-cea7265856f9",
          "697f12ca-30b3-454a-9fb6-f4e41c881ff1"
        ],
        "failures": [],
        "pending": [],
        "skipped": [],
        "duration": 186,
        "root": false,
        "rootEmpty": false,
        "_timeout": 2000
      }
    ],
    "passes": [],
    "failures": [],
    "pending": [],
    "skipped": [],
    "duration": 0,
    "root": true,
    "rootEmpty": true,
    "_timeout": 2000
  },
  "copyrightYear": 2019
}