{
  "stats": {
    "suites": 1,
    "tests": 1,
    "passes": 1,
    "pending": 0,
    "failures": 0,
    "start": "2019-03-28T01:28:47.549Z",
    "end": "2019-03-28T01:28:47.748Z",
    "duration": 199,
    "testsRegistered": 1,
    "passPercent": 100,
    "pendingPercent": 0,
    "other": 0,
    "hasOther": false,
    "skipped": 0,
    "hasSkipped": false,
    "passPercentClass": "success",
    "pendingPercentClass": "danger"
  },
  "suites": {
    "uuid": "fd775892-f2c5-4517-88b4-4d2321aa07d2",
    "title": "",
    "fullFile": "",
    "file": "",
    "beforeHooks": [],
    "afterHooks": [],
    "tests": [],
    "suites": [
      {
        "uuid": "de6fcd41-24b9-46e1-adc6-2ea42e326290",
        "title": "Webstorm support",
        "fullFile": "",
        "file": "",
        "beforeHooks": [],
        "afterHooks": [],
        "tests": [
          {
            "title": "The pluging recognizes capitalized Given, When and Then",
            "fullTitle": "Webstorm support The pluging recognizes capitalized Given, When and Then",
            "duration": 147,
            "state": "passed",
            "speed": "slow",
            "pass": true,
            "fail": false,
            "pending": false,
            "code": "if (backgroundSection) {\n  backgroundSection.steps.forEach(step => stepTest.call(this, step));\n}\nscenario.steps.forEach(step => stepTest.call(this, step));",
            "err": {},
            "isRoot": false,
            "uuid": "876b7541-2b95-4597-8d1b-c4109bc60984",
            "isHook": false,
            "skipped": false
          }
        ],
        "suites": [],
        "passes": [
          "876b7541-2b95-4597-8d1b-c4109bc60984"
        ],
        "failures": [],
        "pending": [],
        "skipped": [],
        "duration": 147,
        "root": false,
        "rootEmpty": false,
        "_timeout": 2000
      }
    ],
    "passes": [],
    "failures": [],
    "pending": [],
    "skipped": [],
    "duration": 0,
    "root": true,
    "rootEmpty": true,
    "_timeout": 2000
  },
  "copyrightYear": 2019
}