{
  "stats": {
    "suites": 1,
    "tests": 1,
    "passes": 1,
    "pending": 0,
    "failures": 0,
    "start": "2019-03-27T23:00:30.869Z",
    "end": "2019-03-27T23:00:30.993Z",
    "duration": 124,
    "testsRegistered": 1,
    "passPercent": 100,
    "pendingPercent": 0,
    "other": 0,
    "hasOther": false,
    "skipped": 0,
    "hasSkipped": false,
    "passPercentClass": "success",
    "pendingPercentClass": "danger"
  },
  "suites": {
    "uuid": "ae1ee9ba-29d9-400b-b708-cd239e76b296",
    "title": "",
    "fullFile": "",
    "file": "",
    "beforeHooks": [],
    "afterHooks": [],
    "tests": [],
    "suites": [
      {
        "uuid": "a34e29dc-5e01-4ad4-a85b-ec5c62d6d223",
        "title": "Being a plugin handling DataTable scenario",
        "fullFile": "",
        "file": "",
        "beforeHooks": [],
        "afterHooks": [],
        "tests": [
          {
            "title": "DataTable",
            "fullTitle": "Being a plugin handling DataTable scenario DataTable",
            "duration": 59,
            "state": "passed",
            "speed": "medium",
            "pass": true,
            "fail": false,
            "pending": false,
            "code": "if (backgroundSection) {\n  backgroundSection.steps.forEach(step => stepTest.call(this, step));\n}\nscenario.steps.forEach(step => stepTest.call(this, step));",
            "err": {},
            "isRoot": false,
            "uuid": "d44bcefe-2f29-47f5-bbc4-c8b5a559d9c8",
            "isHook": false,
            "skipped": false
          }
        ],
        "suites": [],
        "passes": [
          "d44bcefe-2f29-47f5-bbc4-c8b5a559d9c8"
        ],
        "failures": [],
        "pending": [],
        "skipped": [],
        "duration": 59,
        "root": false,
        "rootEmpty": false,
        "_timeout": 2000
      }
    ],
    "passes": [],
    "failures": [],
    "pending": [],
    "skipped": [],
    "duration": 0,
    "root": true,
    "rootEmpty": true,
    "_timeout": 2000
  },
  "copyrightYear": 2019
}