{
  "stats": {
    "suites": 1,
    "tests": 2,
    "passes": 2,
    "pending": 0,
    "failures": 0,
    "start": "2018-12-27T13:29:27.717Z",
    "end": "2018-12-27T13:29:27.838Z",
    "duration": 121,
    "testsRegistered": 2,
    "passPercent": 100,
    "pendingPercent": 0,
    "other": 0,
    "hasOther": false,
    "skipped": 0,
    "hasSkipped": false,
    "passPercentClass": "success",
    "pendingPercentClass": "danger"
  },
  "suites": {
    "uuid": "36f6f09c-93a7-44e9-98f3-59a60e6b1e30",
    "title": "",
    "fullFile": "",
    "file": "",
    "beforeHooks": [],
    "afterHooks": [],
    "tests": [],
    "suites": [
      {
        "uuid": "f1b25ac5-9124-40c3-aa8a-30abfb17907a",
        "title": "Custom Parameter Types",
        "fullFile": "",
        "file": "",
        "beforeHooks": [],
        "afterHooks": [],
        "tests": [
          {
            "title": "Play an A on my piano",
            "fullTitle": "Custom Parameter Types Play an A on my piano",
            "duration": 66,
            "state": "passed",
            "speed": "medium",
            "pass": true,
            "fail": false,
            "pending": false,
            "code": "if (backgroundSection) {\n  backgroundSection.steps.forEach(step => stepTest.call(this, step));\n}\nscenario.steps.forEach(step => stepTest.call(this, step));",
            "err": {},
            "isRoot": false,
            "uuid": "b93852b1-ff15-4efe-bf22-7552beaf4c8c",
            "isHook": false,
            "skipped": false
          },
          {
            "title": "Play an E on my piano",
            "fullTitle": "Custom Parameter Types Play an E on my piano",
            "duration": 15,
            "state": "passed",
            "speed": "fast",
            "pass": true,
            "fail": false,
            "pending": false,
            "code": "if (backgroundSection) {\n  backgroundSection.steps.forEach(step => stepTest.call(this, step));\n}\nscenario.steps.forEach(step => stepTest.call(this, step));",
            "err": {},
            "isRoot": false,
            "uuid": "0273036c-b4fa-41ca-9f64-f31694e239f4",
            "isHook": false,
            "skipped": false
          }
        ],
        "suites": [],
        "passes": [
          "b93852b1-ff15-4efe-bf22-7552beaf4c8c",
          "0273036c-b4fa-41ca-9f64-f31694e239f4"
        ],
        "failures": [],
        "pending": [],
        "skipped": [],
        "duration": 81,
        "root": false,
        "rootEmpty": false,
        "_timeout": 2000
      }
    ],
    "passes": [],
    "failures": [],
    "pending": [],
    "skipped": [],
    "duration": 0,
    "root": true,
    "rootEmpty": true,
    "_timeout": 2000
  },
  "copyrightYear": 2018
}