{
  "stats": {
    "suites": 1,
    "tests": 1,
    "passes": 1,
    "pending": 0,
    "failures": 0,
    "start": "2019-01-11T23:58:03.377Z",
    "end": "2019-01-11T23:58:03.529Z",
    "duration": 152,
    "testsRegistered": 1,
    "passPercent": 100,
    "pendingPercent": 0,
    "other": 0,
    "hasOther": false,
    "skipped": 0,
    "hasSkipped": false,
    "passPercentClass": "success",
    "pendingPercentClass": "danger"
  },
  "suites": {
    "uuid": "61eed5fd-22a3-456e-8dbe-a756f640d532",
    "title": "",
    "fullFile": "",
    "file": "",
    "beforeHooks": [],
    "afterHooks": [],
    "tests": [],
    "suites": [
      {
        "uuid": "850cf6be-a5ff-43fd-aa19-8971c6613d0c",
        "title": "Requiring Files",
        "fullFile": "",
        "file": "",
        "beforeHooks": [],
        "afterHooks": [],
        "tests": [
          {
            "title": "Require File",
            "fullTitle": "Requiring Files Require File",
            "duration": 65,
            "state": "passed",
            "speed": "medium",
            "pass": true,
            "fail": false,
            "pending": false,
            "code": "if (backgroundSection) {\n  backgroundSection.steps.forEach(step => stepTest.call(this, step));\n}\nscenario.steps.forEach(step => stepTest.call(this, step));",
            "err": {},
            "isRoot": false,
            "uuid": "a66145ea-cfcc-4f96-af03-b20ee1105aeb",
            "isHook": false,
            "skipped": false
          }
        ],
        "suites": [],
        "passes": [
          "a66145ea-cfcc-4f96-af03-b20ee1105aeb"
        ],
        "failures": [],
        "pending": [],
        "skipped": [],
        "duration": 65,
        "root": false,
        "rootEmpty": false,
        "_timeout": 2000
      }
    ],
    "passes": [],
    "failures": [],
    "pending": [],
    "skipped": [],
    "duration": 0,
    "root": true,
    "rootEmpty": true,
    "_timeout": 2000
  },
  "copyrightYear": 2019
}