{
  "stats": {
    "suites": 1,
    "tests": 2,
    "passes": 2,
    "pending": 0,
    "failures": 0,
    "start": "2019-01-11T23:50:41.323Z",
    "end": "2019-01-11T23:50:50.513Z",
    "duration": 9190,
    "testsRegistered": 2,
    "passPercent": 100,
    "pendingPercent": 0,
    "other": 0,
    "hasOther": false,
    "skipped": 0,
    "hasSkipped": false,
    "passPercentClass": "success",
    "pendingPercentClass": "danger"
  },
  "suites": {
    "uuid": "9c19fa87-8e58-407b-93cd-d6558b8224c8",
    "title": "",
    "fullFile": "",
    "file": "",
    "beforeHooks": [],
    "afterHooks": [],
    "tests": [],
    "suites": [
      {
        "uuid": "995387d8-4214-4c79-b8e3-1300cbca0fc3",
        "title": "Logging In - HTML Web Form - The Internet",
        "fullFile": "",
        "file": "",
        "beforeHooks": [],
        "afterHooks": [],
        "tests": [
          {
            "title": "Unauthorized",
            "fullTitle": "Logging In - HTML Web Form - The Internet Unauthorized",
            "duration": 5176,
            "state": "passed",
            "speed": "slow",
            "pass": true,
            "fail": false,
            "pending": false,
            "code": "if (backgroundSection) {\n  backgroundSection.steps.forEach(step => stepTest.call(this, step));\n}\nscenario.steps.forEach(step => stepTest.call(this, step));",
            "err": {},
            "isRoot": false,
            "uuid": "5381ba23-ba9a-4616-ad1b-d762d56aed99",
            "isHook": false,
            "skipped": false
          },
          {
            "title": "Authorized",
            "fullTitle": "Logging In - HTML Web Form - The Internet Authorized",
            "duration": 3850,
            "state": "passed",
            "speed": "slow",
            "pass": true,
            "fail": false,
            "pending": false,
            "code": "if (backgroundSection) {\n  backgroundSection.steps.forEach(step => stepTest.call(this, step));\n}\nscenario.steps.forEach(step => stepTest.call(this, step));",
            "err": {},
            "isRoot": false,
            "uuid": "4e3cdcb6-cb5d-448d-a3cb-9fe03a8dcf28",
            "isHook": false,
            "skipped": false
          }
        ],
        "suites": [],
        "passes": [
          "5381ba23-ba9a-4616-ad1b-d762d56aed99",
          "4e3cdcb6-cb5d-448d-a3cb-9fe03a8dcf28"
        ],
        "failures": [],
        "pending": [],
        "skipped": [],
        "duration": 9026,
        "root": false,
        "rootEmpty": false,
        "_timeout": 2000
      }
    ],
    "passes": [],
    "failures": [],
    "pending": [],
    "skipped": [],
    "duration": 0,
    "root": true,
    "rootEmpty": true,
    "_timeout": 2000
  },
  "copyrightYear": 2019
}