{
  "stats": {
    "suites": 1,
    "tests": 1,
    "passes": 1,
    "pending": 0,
    "failures": 0,
    "start": "2018-12-27T13:29:44.438Z",
    "end": "2018-12-27T13:29:44.571Z",
    "duration": 133,
    "testsRegistered": 1,
    "passPercent": 100,
    "pendingPercent": 0,
    "other": 0,
    "hasOther": false,
    "skipped": 0,
    "hasSkipped": false,
    "passPercentClass": "success",
    "pendingPercentClass": "danger"
  },
  "suites": {
    "uuid": "c2f0b47d-17f6-4dd2-9411-9a467100a1bc",
    "title": "",
    "fullFile": "",
    "file": "",
    "beforeHooks": [],
    "afterHooks": [],
    "tests": [],
    "suites": [
      {
        "uuid": "065afa77-faa2-4f62-9b33-e92c7298eb5e",
        "title": "Regular Expressions",
        "fullFile": "",
        "file": "",
        "beforeHooks": [],
        "afterHooks": [],
        "tests": [
          {
            "title": "Regular Expression Example",
            "fullTitle": "Regular Expressions Regular Expression Example",
            "duration": 57,
            "state": "passed",
            "speed": "medium",
            "pass": true,
            "fail": false,
            "pending": false,
            "code": "if (backgroundSection) {\n  backgroundSection.steps.forEach(step => stepTest.call(this, step));\n}\nscenario.steps.forEach(step => stepTest.call(this, step));",
            "err": {},
            "isRoot": false,
            "uuid": "81ab2ef7-a0a8-406a-ab2a-6ea67ef120c1",
            "isHook": false,
            "skipped": false
          }
        ],
        "suites": [],
        "passes": [
          "81ab2ef7-a0a8-406a-ab2a-6ea67ef120c1"
        ],
        "failures": [],
        "pending": [],
        "skipped": [],
        "duration": 57,
        "root": false,
        "rootEmpty": false,
        "_timeout": 2000
      }
    ],
    "passes": [],
    "failures": [],
    "pending": [],
    "skipped": [],
    "duration": 0,
    "root": true,
    "rootEmpty": true,
    "_timeout": 2000
  },
  "copyrightYear": 2018
}