{
  "stats": {
    "suites": 1,
    "tests": 1,
    "passes": 1,
    "pending": 0,
    "failures": 0,
    "start": "2018-12-27T13:29:30.939Z",
    "end": "2018-12-27T13:29:31.083Z",
    "duration": 144,
    "testsRegistered": 1,
    "passPercent": 100,
    "pendingPercent": 0,
    "other": 0,
    "hasOther": false,
    "skipped": 0,
    "hasSkipped": false,
    "passPercentClass": "success",
    "pendingPercentClass": "danger"
  },
  "suites": {
    "uuid": "f0967547-fd16-4769-8e58-ee5d2a96e701",
    "title": "",
    "fullFile": "",
    "file": "",
    "beforeHooks": [],
    "afterHooks": [],
    "tests": [],
    "suites": [
      {
        "uuid": "e3b1eec9-5146-4f5b-acd6-ab6425a44435",
        "title": "Being a plugin handling DataTable scenario",
        "fullFile": "",
        "file": "",
        "beforeHooks": [],
        "afterHooks": [],
        "tests": [
          {
            "title": "DataTable",
            "fullTitle": "Being a plugin handling DataTable scenario DataTable",
            "duration": 102,
            "state": "passed",
            "speed": "slow",
            "pass": true,
            "fail": false,
            "pending": false,
            "code": "if (backgroundSection) {\n  backgroundSection.steps.forEach(step => stepTest.call(this, step));\n}\nscenario.steps.forEach(step => stepTest.call(this, step));",
            "err": {},
            "isRoot": false,
            "uuid": "a1852587-c1ef-4fc4-8f7c-3143528abc7d",
            "isHook": false,
            "skipped": false
          }
        ],
        "suites": [],
        "passes": [
          "a1852587-c1ef-4fc4-8f7c-3143528abc7d"
        ],
        "failures": [],
        "pending": [],
        "skipped": [],
        "duration": 102,
        "root": false,
        "rootEmpty": false,
        "_timeout": 2000
      }
    ],
    "passes": [],
    "failures": [],
    "pending": [],
    "skipped": [],
    "duration": 0,
    "root": true,
    "rootEmpty": true,
    "_timeout": 2000
  },
  "copyrightYear": 2018
}