{
  "stats": {
    "suites": 1,
    "tests": 12,
    "passes": 12,
    "pending": 0,
    "failures": 0,
    "start": "2019-03-27T23:00:13.184Z",
    "end": "2019-03-27T23:00:16.226Z",
    "duration": 3042,
    "testsRegistered": 12,
    "passPercent": 100,
    "pendingPercent": 0,
    "other": 0,
    "hasOther": false,
    "skipped": 0,
    "hasSkipped": false,
    "passPercentClass": "success",
    "pendingPercentClass": "danger"
  },
  "suites": {
    "uuid": "144a325b-263f-404b-9819-5d2d5c654e0f",
    "title": "",
    "fullFile": "",
    "file": "",
    "beforeHooks": [],
    "afterHooks": [],
    "tests": [],
    "suites": [
      {
        "uuid": "2e0e827e-1db3-4730-853d-23e42974917a",
        "title": "Testing Global Namespace Commands.ts",
        "fullFile": "",
        "file": "",
        "beforeHooks": [],
        "afterHooks": [],
        "tests": [
          {
            "title": "works",
            "fullTitle": "Testing Global Namespace Commands.ts works",
            "duration": 51,
            "state": "passed",
            "speed": "medium",
            "pass": true,
            "fail": false,
            "pending": false,
            "code": "// note TypeScript definition\nvar x = 42;",
            "err": {},
            "isRoot": false,
            "uuid": "35db3c33-9918-4f90-8c5b-982eb8f5107e",
            "isHook": false,
            "skipped": false
          },
          {
            "title": "uses custom command cy.foo()",
            "fullTitle": "Testing Global Namespace Commands.ts uses custom command cy.foo()",
            "duration": 30,
            "state": "passed",
            "speed": "fast",
            "pass": true,
            "fail": false,
            "pending": false,
            "code": "cy.foo().should('be.equal', 'foo');",
            "err": {},
            "isRoot": false,
            "uuid": "df5607ea-1931-438e-837f-339c99f2b59a",
            "isHook": false,
            "skipped": false
          },
          {
            "title": "uses custom command cy.foo2() which returns the result of cy.foo()",
            "fullTitle": "Testing Global Namespace Commands.ts uses custom command cy.foo2() which returns the result of cy.foo()",
            "duration": 14,
            "state": "passed",
            "speed": "fast",
            "pass": true,
            "fail": false,
            "pending": false,
            "code": "cy.foo2().should('be.equal', 'foo');",
            "err": {},
            "isRoot": false,
            "uuid": "dd1a5a2e-627c-4ca8-9467-24e877f4ccc8",
            "isHook": false,
            "skipped": false
          },
          {
            "title": "can import helper functions - add 2 numbers",
            "fullTitle": "Testing Global Namespace Commands.ts can import helper functions - add 2 numbers",
            "duration": 16,
            "state": "passed",
            "speed": "fast",
            "pass": true,
            "fail": false,
            "pending": false,
            "code": "expect(add_1.add(2, 3)).to.equal(5);",
            "err": {},
            "isRoot": false,
            "uuid": "21e7a2fd-1e61-424c-bd99-9356e6c0ac66",
            "isHook": false,
            "skipped": false
          },
          {
            "title": "adds numbers - Yields sum of 2 numbers",
            "fullTitle": "Testing Global Namespace Commands.ts adds numbers - Yields sum of 2 numbers",
            "duration": 11,
            "state": "passed",
            "speed": "fast",
            "pass": true,
            "fail": false,
            "pending": false,
            "code": "cy.sum(2, 3).should('equal', 5);",
            "err": {},
            "isRoot": false,
            "uuid": "4a0d7b0f-a4b5-4082-8b30-95ce088d1cf9",
            "isHook": false,
            "skipped": false
          },
          {
            "title": "can print a default message to console.log",
            "fullTitle": "Testing Global Namespace Commands.ts can print a default message to console.log",
            "duration": 9,
            "state": "passed",
            "speed": "fast",
            "pass": true,
            "fail": false,
            "pending": false,
            "code": "cy.greeting();",
            "err": {},
            "isRoot": false,
            "uuid": "26347570-e832-494f-b677-0b9cd2e4cf44",
            "isHook": false,
            "skipped": false
          },
          {
            "title": "can accept user args to print to console.log",
            "fullTitle": "Testing Global Namespace Commands.ts can accept user args to print to console.log",
            "duration": 13,
            "state": "passed",
            "speed": "fast",
            "pass": true,
            "fail": false,
            "pending": false,
            "code": "cy.greeting({ greeting: 'Hello', name: 'Friend' });",
            "err": {},
            "isRoot": false,
            "uuid": "25241ea3-d584-4093-9908-d1a901bff9f1",
            "isHook": false,
            "skipped": false
          },
          {
            "title": "checks shape of an object",
            "fullTitle": "Testing Global Namespace Commands.ts checks shape of an object",
            "duration": 11,
            "state": "passed",
            "speed": "fast",
            "pass": true,
            "fail": false,
            "pending": false,
            "code": "var object = {\n    age: 21,\n    name: 'Joe',\n};\nexpect(object).to.have.all.keys('name', 'age');",
            "err": {},
            "isRoot": false,
            "uuid": "289c96e3-55ed-4083-899b-734fe5e5b6d6",
            "isHook": false,
            "skipped": false
          },
          {
            "title": "uses cy commands",
            "fullTitle": "Testing Global Namespace Commands.ts uses cy commands",
            "duration": 15,
            "state": "passed",
            "speed": "fast",
            "pass": true,
            "fail": false,
            "pending": false,
            "code": "cy.wrap({}).should('deep.eq', {});",
            "err": {},
            "isRoot": false,
            "uuid": "94cae3dc-830f-48bf-83ac-931e218152f1",
            "isHook": false,
            "skipped": false
          },
          {
            "title": "tests cypress.ios example site",
            "fullTitle": "Testing Global Namespace Commands.ts tests cypress.ios example site",
            "duration": 896,
            "state": "passed",
            "speed": "slow",
            "pass": true,
            "fail": false,
            "pending": false,
            "code": "cy.visit('https://example.cypress.io/');\ncy.get('.home-list')\n    .contains('Querying')\n    .click();\ncy.get('#query-btn').should('contain', 'Button');",
            "err": {},
            "isRoot": false,
            "uuid": "54865b25-d39f-481f-81d5-96daf19677d0",
            "isHook": false,
            "skipped": false
          },
          {
            "title": "has Cypress object type definition",
            "fullTitle": "Testing Global Namespace Commands.ts has Cypress object type definition",
            "duration": 39,
            "state": "passed",
            "speed": "medium",
            "pass": true,
            "fail": false,
            "pending": false,
            "code": "expect(Cypress.version).to.be.a('string');",
            "err": {},
            "isRoot": false,
            "uuid": "a89139e6-1c58-42b0-843e-1f8e1fa97f17",
            "isHook": false,
            "skipped": false
          },
          {
            "title": "adds numbers - from support/helpers functions",
            "fullTitle": "Testing Global Namespace Commands.ts adds numbers - from support/helpers functions",
            "duration": 75,
            "state": "passed",
            "speed": "medium",
            "pass": true,
            "fail": false,
            "pending": false,
            "code": "expect(add_1.add(2, 3)).to.equal(5);",
            "err": {},
            "isRoot": false,
            "uuid": "0f32a3ed-ec4a-4bcf-90e4-74d6aefa6a4d",
            "isHook": false,
            "skipped": false
          }
        ],
        "suites": [],
        "passes": [
          "35db3c33-9918-4f90-8c5b-982eb8f5107e",
          "df5607ea-1931-438e-837f-339c99f2b59a",
          "dd1a5a2e-627c-4ca8-9467-24e877f4ccc8",
          "21e7a2fd-1e61-424c-bd99-9356e6c0ac66",
          "4a0d7b0f-a4b5-4082-8b30-95ce088d1cf9",
          "26347570-e832-494f-b677-0b9cd2e4cf44",
          "25241ea3-d584-4093-9908-d1a901bff9f1",
          "289c96e3-55ed-4083-899b-734fe5e5b6d6",
          "94cae3dc-830f-48bf-83ac-931e218152f1",
          "54865b25-d39f-481f-81d5-96daf19677d0",
          "a89139e6-1c58-42b0-843e-1f8e1fa97f17",
          "0f32a3ed-ec4a-4bcf-90e4-74d6aefa6a4d"
        ],
        "failures": [],
        "pending": [],
        "skipped": [],
        "duration": 1180,
        "root": false,
        "rootEmpty": false,
        "_timeout": 2000
      }
    ],
    "passes": [],
    "failures": [],
    "pending": [],
    "skipped": [],
    "duration": 0,
    "root": true,
    "rootEmpty": true,
    "_timeout": 2000
  },
  "copyrightYear": 2019
}