{
  "stats": {
    "suites": 1,
    "tests": 5,
    "passes": 5,
    "pending": 0,
    "failures": 0,
    "start": "2018-12-27T13:29:55.369Z",
    "end": "2018-12-27T13:29:55.584Z",
    "duration": 215,
    "testsRegistered": 5,
    "passPercent": 100,
    "pendingPercent": 0,
    "other": 0,
    "hasOther": false,
    "skipped": 0,
    "hasSkipped": false,
    "passPercentClass": "success",
    "pendingPercentClass": "danger"
  },
  "suites": {
    "uuid": "3c6ff0d8-f959-4e0f-a76a-a5891a59f967",
    "title": "",
    "fullFile": "",
    "file": "",
    "beforeHooks": [],
    "afterHooks": [],
    "tests": [],
    "suites": [
      {
        "uuid": "1600d8a8-e104-4c74-9328-9d05ccb0db89",
        "title": "Tags Implementation",
        "fullFile": "",
        "file": "",
        "beforeHooks": [],
        "afterHooks": [],
        "tests": [
          {
            "title": "Pass no tags",
            "fullTitle": "Tags Implementation Pass no tags",
            "duration": 62,
            "state": "passed",
            "speed": "medium",
            "pass": true,
            "fail": false,
            "pending": false,
            "code": "if (backgroundSection) {\n  backgroundSection.steps.forEach(step => stepTest.call(this, step));\n}\nscenario.steps.forEach(step => stepTest.call(this, step));",
            "err": {},
            "isRoot": false,
            "uuid": "fffceee2-fdd3-45b8-90ac-024ed960c60f",
            "isHook": false,
            "skipped": false
          },
          {
            "title": "Pass a single tag",
            "fullTitle": "Tags Implementation Pass a single tag",
            "duration": 20,
            "state": "passed",
            "speed": "fast",
            "pass": true,
            "fail": false,
            "pending": false,
            "code": "if (backgroundSection) {\n  backgroundSection.steps.forEach(step => stepTest.call(this, step));\n}\nscenario.steps.forEach(step => stepTest.call(this, step));",
            "err": {},
            "isRoot": false,
            "uuid": "cc3dddb3-08be-4886-a5a7-e8c7831d2aed",
            "isHook": false,
            "skipped": false
          },
          {
            "title": "Pass a tag to ignore",
            "fullTitle": "Tags Implementation Pass a tag to ignore",
            "duration": 21,
            "state": "passed",
            "speed": "fast",
            "pass": true,
            "fail": false,
            "pending": false,
            "code": "if (backgroundSection) {\n  backgroundSection.steps.forEach(step => stepTest.call(this, step));\n}\nscenario.steps.forEach(step => stepTest.call(this, step));",
            "err": {},
            "isRoot": false,
            "uuid": "fa3f766d-cb26-4930-b1fd-0c44d9095795",
            "isHook": false,
            "skipped": false
          },
          {
            "title": "Passing multiple tags joined by AND operator",
            "fullTitle": "Tags Implementation Passing multiple tags joined by AND operator",
            "duration": 15,
            "state": "passed",
            "speed": "fast",
            "pass": true,
            "fail": false,
            "pending": false,
            "code": "if (backgroundSection) {\n  backgroundSection.steps.forEach(step => stepTest.call(this, step));\n}\nscenario.steps.forEach(step => stepTest.call(this, step));",
            "err": {},
            "isRoot": false,
            "uuid": "8713e7af-e25a-43ff-a85d-a4b5dda0ed84",
            "isHook": false,
            "skipped": false
          },
          {
            "title": "Passing multiple tags joined by OR operator",
            "fullTitle": "Tags Implementation Passing multiple tags joined by OR operator",
            "duration": 22,
            "state": "passed",
            "speed": "fast",
            "pass": true,
            "fail": false,
            "pending": false,
            "code": "if (backgroundSection) {\n  backgroundSection.steps.forEach(step => stepTest.call(this, step));\n}\nscenario.steps.forEach(step => stepTest.call(this, step));",
            "err": {},
            "isRoot": false,
            "uuid": "1ebb07df-24c2-48b5-9f61-6d8bda03adea",
            "isHook": false,
            "skipped": false
          }
        ],
        "suites": [],
        "passes": [
          "fffceee2-fdd3-45b8-90ac-024ed960c60f",
          "cc3dddb3-08be-4886-a5a7-e8c7831d2aed",
          "fa3f766d-cb26-4930-b1fd-0c44d9095795",
          "8713e7af-e25a-43ff-a85d-a4b5dda0ed84",
          "1ebb07df-24c2-48b5-9f61-6d8bda03adea"
        ],
        "failures": [],
        "pending": [],
        "skipped": [],
        "duration": 140,
        "root": false,
        "rootEmpty": false,
        "_timeout": 2000
      }
    ],
    "passes": [],
    "failures": [],
    "pending": [],
    "skipped": [],
    "duration": 0,
    "root": true,
    "rootEmpty": true,
    "_timeout": 2000
  },
  "copyrightYear": 2018
}