{
  "stats": {
    "suites": 1,
    "tests": 1,
    "passes": 1,
    "pending": 0,
    "failures": 0,
    "start": "2019-01-11T23:57:58.977Z",
    "end": "2019-01-11T23:57:59.165Z",
    "duration": 188,
    "testsRegistered": 1,
    "passPercent": 100,
    "pendingPercent": 0,
    "other": 0,
    "hasOther": false,
    "skipped": 0,
    "hasSkipped": false,
    "passPercentClass": "success",
    "pendingPercentClass": "danger"
  },
  "suites": {
    "uuid": "070869fa-548c-4acf-8fe9-f3852594fbcf",
    "title": "",
    "fullFile": "",
    "file": "",
    "beforeHooks": [],
    "afterHooks": [],
    "tests": [],
    "suites": [
      {
        "uuid": "ae0df509-64a7-4c43-89a5-1633ddabdc4e",
        "title": "Regular Expressions",
        "fullFile": "",
        "file": "",
        "beforeHooks": [],
        "afterHooks": [],
        "tests": [
          {
            "title": "Regular Expression Example",
            "fullTitle": "Regular Expressions Regular Expression Example",
            "duration": 145,
            "state": "passed",
            "speed": "slow",
            "pass": true,
            "fail": false,
            "pending": false,
            "code": "if (backgroundSection) {\n  backgroundSection.steps.forEach(step => stepTest.call(this, step));\n}\nscenario.steps.forEach(step => stepTest.call(this, step));",
            "err": {},
            "isRoot": false,
            "uuid": "61ec6a8a-ac15-4b2d-b336-8e07bfb679b3",
            "isHook": false,
            "skipped": false
          }
        ],
        "suites": [],
        "passes": [
          "61ec6a8a-ac15-4b2d-b336-8e07bfb679b3"
        ],
        "failures": [],
        "pending": [],
        "skipped": [],
        "duration": 145,
        "root": false,
        "rootEmpty": false,
        "_timeout": 2000
      }
    ],
    "passes": [],
    "failures": [],
    "pending": [],
    "skipped": [],
    "duration": 0,
    "root": true,
    "rootEmpty": true,
    "_timeout": 2000
  },
  "copyrightYear": 2019
}