{
  "stats": {
    "suites": 1,
    "tests": 5,
    "passes": 5,
    "pending": 0,
    "failures": 0,
    "start": "2019-03-28T01:28:21.760Z",
    "end": "2019-03-28T01:28:22.019Z",
    "duration": 259,
    "testsRegistered": 5,
    "passPercent": 100,
    "pendingPercent": 0,
    "other": 0,
    "hasOther": false,
    "skipped": 0,
    "hasSkipped": false,
    "passPercentClass": "success",
    "pendingPercentClass": "danger"
  },
  "suites": {
    "uuid": "215ba762-8bbc-40b2-9456-03b49bee7740",
    "title": "",
    "fullFile": "",
    "file": "",
    "beforeHooks": [],
    "afterHooks": [],
    "tests": [],
    "suites": [
      {
        "uuid": "0d290aab-116f-4019-a957-547297b6b3de",
        "title": "Tags Implementation",
        "fullFile": "",
        "file": "",
        "beforeHooks": [],
        "afterHooks": [],
        "tests": [
          {
            "title": "Pass no tags",
            "fullTitle": "Tags Implementation Pass no tags",
            "duration": 69,
            "state": "passed",
            "speed": "medium",
            "pass": true,
            "fail": false,
            "pending": false,
            "code": "if (backgroundSection) {\n  backgroundSection.steps.forEach(step => stepTest.call(this, step));\n}\nscenario.steps.forEach(step => stepTest.call(this, step));",
            "err": {},
            "isRoot": false,
            "uuid": "aabf3c62-e118-40fa-9eb4-2f952ba869ef",
            "isHook": false,
            "skipped": false
          },
          {
            "title": "Pass a single tag",
            "fullTitle": "Tags Implementation Pass a single tag",
            "duration": 24,
            "state": "passed",
            "speed": "fast",
            "pass": true,
            "fail": false,
            "pending": false,
            "code": "if (backgroundSection) {\n  backgroundSection.steps.forEach(step => stepTest.call(this, step));\n}\nscenario.steps.forEach(step => stepTest.call(this, step));",
            "err": {},
            "isRoot": false,
            "uuid": "7a3f9a13-be3e-4386-a111-b04f874126c5",
            "isHook": false,
            "skipped": false
          },
          {
            "title": "Pass a tag to ignore",
            "fullTitle": "Tags Implementation Pass a tag to ignore",
            "duration": 17,
            "state": "passed",
            "speed": "fast",
            "pass": true,
            "fail": false,
            "pending": false,
            "code": "if (backgroundSection) {\n  backgroundSection.steps.forEach(step => stepTest.call(this, step));\n}\nscenario.steps.forEach(step => stepTest.call(this, step));",
            "err": {},
            "isRoot": false,
            "uuid": "78c22dc4-2d51-4135-bc34-c1711866819e",
            "isHook": false,
            "skipped": false
          },
          {
            "title": "Passing multiple tags joined by AND operator",
            "fullTitle": "Tags Implementation Passing multiple tags joined by AND operator",
            "duration": 19,
            "state": "passed",
            "speed": "fast",
            "pass": true,
            "fail": false,
            "pending": false,
            "code": "if (backgroundSection) {\n  backgroundSection.steps.forEach(step => stepTest.call(this, step));\n}\nscenario.steps.forEach(step => stepTest.call(this, step));",
            "err": {},
            "isRoot": false,
            "uuid": "5df17e96-a412-499d-b4d6-87b130661f43",
            "isHook": false,
            "skipped": false
          },
          {
            "title": "Passing multiple tags joined by OR operator",
            "fullTitle": "Tags Implementation Passing multiple tags joined by OR operator",
            "duration": 18,
            "state": "passed",
            "speed": "fast",
            "pass": true,
            "fail": false,
            "pending": false,
            "code": "if (backgroundSection) {\n  backgroundSection.steps.forEach(step => stepTest.call(this, step));\n}\nscenario.steps.forEach(step => stepTest.call(this, step));",
            "err": {},
            "isRoot": false,
            "uuid": "29e1bbb8-a6f5-41e5-8617-d11cb861b0c8",
            "isHook": false,
            "skipped": false
          }
        ],
        "suites": [],
        "passes": [
          "aabf3c62-e118-40fa-9eb4-2f952ba869ef",
          "7a3f9a13-be3e-4386-a111-b04f874126c5",
          "78c22dc4-2d51-4135-bc34-c1711866819e",
          "5df17e96-a412-499d-b4d6-87b130661f43",
          "29e1bbb8-a6f5-41e5-8617-d11cb861b0c8"
        ],
        "failures": [],
        "pending": [],
        "skipped": [],
        "duration": 147,
        "root": false,
        "rootEmpty": false,
        "_timeout": 2000
      }
    ],
    "passes": [],
    "failures": [],
    "pending": [],
    "skipped": [],
    "duration": 0,
    "root": true,
    "rootEmpty": true,
    "_timeout": 2000
  },
  "copyrightYear": 2019
}