{
  "stats": {
    "suites": 1,
    "tests": 1,
    "passes": 1,
    "pending": 0,
    "failures": 0,
    "start": "2019-03-28T01:28:06.258Z",
    "end": "2019-03-28T01:28:06.450Z",
    "duration": 192,
    "testsRegistered": 1,
    "passPercent": 100,
    "pendingPercent": 0,
    "other": 0,
    "hasOther": false,
    "skipped": 0,
    "hasSkipped": false,
    "passPercentClass": "success",
    "pendingPercentClass": "danger"
  },
  "suites": {
    "uuid": "9e3a752e-8e55-4d75-ac31-6e6fc9d27fb8",
    "title": "",
    "fullFile": "",
    "file": "",
    "beforeHooks": [],
    "afterHooks": [],
    "tests": [],
    "suites": [
      {
        "uuid": "b6daa708-c269-4dd0-ab75-7a7af3b0a23d",
        "title": "Being a plugin",
        "fullFile": "",
        "file": "",
        "beforeHooks": [],
        "afterHooks": [],
        "tests": [
          {
            "title": "Basic example",
            "fullTitle": "Being a plugin Basic example",
            "duration": 149,
            "state": "passed",
            "speed": "slow",
            "pass": true,
            "fail": false,
            "pending": false,
            "code": "if (backgroundSection) {\n  backgroundSection.steps.forEach(step => stepTest.call(this, step));\n}\nscenario.steps.forEach(step => stepTest.call(this, step));",
            "err": {},
            "isRoot": false,
            "uuid": "39d8db8d-5fa3-4652-9121-af5880b138f8",
            "isHook": false,
            "skipped": false
          }
        ],
        "suites": [],
        "passes": [
          "39d8db8d-5fa3-4652-9121-af5880b138f8"
        ],
        "failures": [],
        "pending": [],
        "skipped": [],
        "duration": 149,
        "root": false,
        "rootEmpty": false,
        "_timeout": 2000
      }
    ],
    "passes": [],
    "failures": [],
    "pending": [],
    "skipped": [],
    "duration": 0,
    "root": true,
    "rootEmpty": true,
    "_timeout": 2000
  },
  "copyrightYear": 2019
}