{
  "stats": {
    "suites": 1,
    "tests": 12,
    "passes": 12,
    "pending": 0,
    "failures": 0,
    "start": "2019-01-11T23:53:07.810Z",
    "end": "2019-01-11T23:53:11.088Z",
    "duration": 3278,
    "testsRegistered": 12,
    "passPercent": 100,
    "pendingPercent": 0,
    "other": 0,
    "hasOther": false,
    "skipped": 0,
    "hasSkipped": false,
    "passPercentClass": "success",
    "pendingPercentClass": "danger"
  },
  "suites": {
    "uuid": "e017f0fa-76c6-4599-9e15-22195c63b7d6",
    "title": "",
    "fullFile": "",
    "file": "",
    "beforeHooks": [],
    "afterHooks": [],
    "tests": [],
    "suites": [
      {
        "uuid": "c7572f51-e599-4f30-a35b-320997dd385d",
        "title": "Testing Global Namespace Commands.ts",
        "fullFile": "",
        "file": "",
        "beforeHooks": [],
        "afterHooks": [],
        "tests": [
          {
            "title": "works",
            "fullTitle": "Testing Global Namespace Commands.ts works",
            "duration": 74,
            "state": "passed",
            "speed": "medium",
            "pass": true,
            "fail": false,
            "pending": false,
            "code": "// note TypeScript definition\nvar x = 42;",
            "err": {},
            "isRoot": false,
            "uuid": "233f8830-7e2b-45d7-9c0e-eab8bb187ca6",
            "isHook": false,
            "skipped": false
          },
          {
            "title": "uses custom command cy.foo()",
            "fullTitle": "Testing Global Namespace Commands.ts uses custom command cy.foo()",
            "duration": 17,
            "state": "passed",
            "speed": "fast",
            "pass": true,
            "fail": false,
            "pending": false,
            "code": "cy.foo().should('be.equal', 'foo');",
            "err": {},
            "isRoot": false,
            "uuid": "1879a4ad-4b40-46b6-a187-f8b9073e3259",
            "isHook": false,
            "skipped": false
          },
          {
            "title": "uses custom command cy.foo2() which returns the result of cy.foo()",
            "fullTitle": "Testing Global Namespace Commands.ts uses custom command cy.foo2() which returns the result of cy.foo()",
            "duration": 19,
            "state": "passed",
            "speed": "fast",
            "pass": true,
            "fail": false,
            "pending": false,
            "code": "cy.foo2().should('be.equal', 'foo');",
            "err": {},
            "isRoot": false,
            "uuid": "a513704e-d95c-4a1c-88b9-13ba540197c7",
            "isHook": false,
            "skipped": false
          },
          {
            "title": "can import helper functions - add 2 numbers",
            "fullTitle": "Testing Global Namespace Commands.ts can import helper functions - add 2 numbers",
            "duration": 14,
            "state": "passed",
            "speed": "fast",
            "pass": true,
            "fail": false,
            "pending": false,
            "code": "expect(add_1.add(2, 3)).to.equal(5);",
            "err": {},
            "isRoot": false,
            "uuid": "9a032c7f-7fee-422f-a00f-ff223b45d0b4",
            "isHook": false,
            "skipped": false
          },
          {
            "title": "adds numbers - Yields sum of 2 numbers",
            "fullTitle": "Testing Global Namespace Commands.ts adds numbers - Yields sum of 2 numbers",
            "duration": 13,
            "state": "passed",
            "speed": "fast",
            "pass": true,
            "fail": false,
            "pending": false,
            "code": "cy.sum(2, 3).should('equal', 5);",
            "err": {},
            "isRoot": false,
            "uuid": "c7d7dd35-9727-4172-b486-ca16745a4775",
            "isHook": false,
            "skipped": false
          },
          {
            "title": "can print a default message to console.log",
            "fullTitle": "Testing Global Namespace Commands.ts can print a default message to console.log",
            "duration": 18,
            "state": "passed",
            "speed": "fast",
            "pass": true,
            "fail": false,
            "pending": false,
            "code": "cy.greeting();",
            "err": {},
            "isRoot": false,
            "uuid": "88c79d9a-421a-4bd7-a54a-49dab8aa6784",
            "isHook": false,
            "skipped": false
          },
          {
            "title": "can accept user args to print to console.log",
            "fullTitle": "Testing Global Namespace Commands.ts can accept user args to print to console.log",
            "duration": 8,
            "state": "passed",
            "speed": "fast",
            "pass": true,
            "fail": false,
            "pending": false,
            "code": "cy.greeting({ greeting: 'Hello', name: 'Friend' });",
            "err": {},
            "isRoot": false,
            "uuid": "61c10578-eacd-4e80-a493-c0e5305313ec",
            "isHook": false,
            "skipped": false
          },
          {
            "title": "checks shape of an object",
            "fullTitle": "Testing Global Namespace Commands.ts checks shape of an object",
            "duration": 35,
            "state": "passed",
            "speed": "fast",
            "pass": true,
            "fail": false,
            "pending": false,
            "code": "var object = {\n    age: 21,\n    name: 'Joe',\n};\nexpect(object).to.have.all.keys('name', 'age');",
            "err": {},
            "isRoot": false,
            "uuid": "cb6ea8c5-2cba-4b37-bf64-9b613aa70785",
            "isHook": false,
            "skipped": false
          },
          {
            "title": "uses cy commands",
            "fullTitle": "Testing Global Namespace Commands.ts uses cy commands",
            "duration": 21,
            "state": "passed",
            "speed": "fast",
            "pass": true,
            "fail": false,
            "pending": false,
            "code": "cy.wrap({}).should('deep.eq', {});",
            "err": {},
            "isRoot": false,
            "uuid": "0b21086d-8cf0-4190-8513-dfa68e3d2434",
            "isHook": false,
            "skipped": false
          },
          {
            "title": "tests cypress.ios example site",
            "fullTitle": "Testing Global Namespace Commands.ts tests cypress.ios example site",
            "duration": 1112,
            "state": "passed",
            "speed": "slow",
            "pass": true,
            "fail": false,
            "pending": false,
            "code": "cy.visit('https://example.cypress.io/');\ncy.get('.home-list')\n    .contains('Querying')\n    .click();\ncy.get('#query-btn').should('contain', 'Button');",
            "err": {},
            "isRoot": false,
            "uuid": "a5031646-82b9-46a4-b76b-3273c0d34a0a",
            "isHook": false,
            "skipped": false
          },
          {
            "title": "has Cypress object type definition",
            "fullTitle": "Testing Global Namespace Commands.ts has Cypress object type definition",
            "duration": 71,
            "state": "passed",
            "speed": "medium",
            "pass": true,
            "fail": false,
            "pending": false,
            "code": "expect(Cypress.version).to.be.a('string');",
            "err": {},
            "isRoot": false,
            "uuid": "c2310655-3b65-4690-a7e6-6882474a3b0b",
            "isHook": false,
            "skipped": false
          },
          {
            "title": "adds numbers - from support/helpers functions",
            "fullTitle": "Testing Global Namespace Commands.ts adds numbers - from support/helpers functions",
            "duration": 45,
            "state": "passed",
            "speed": "medium",
            "pass": true,
            "fail": false,
            "pending": false,
            "code": "expect(add_1.add(2, 3)).to.equal(5);",
            "err": {},
            "isRoot": false,
            "uuid": "8c9435c8-1246-47d2-820d-013f8fd53074",
            "isHook": false,
            "skipped": false
          }
        ],
        "suites": [],
        "passes": [
          "233f8830-7e2b-45d7-9c0e-eab8bb187ca6",
          "1879a4ad-4b40-46b6-a187-f8b9073e3259",
          "a513704e-d95c-4a1c-88b9-13ba540197c7",
          "9a032c7f-7fee-422f-a00f-ff223b45d0b4",
          "c7d7dd35-9727-4172-b486-ca16745a4775",
          "88c79d9a-421a-4bd7-a54a-49dab8aa6784",
          "61c10578-eacd-4e80-a493-c0e5305313ec",
          "cb6ea8c5-2cba-4b37-bf64-9b613aa70785",
          "0b21086d-8cf0-4190-8513-dfa68e3d2434",
          "a5031646-82b9-46a4-b76b-3273c0d34a0a",
          "c2310655-3b65-4690-a7e6-6882474a3b0b",
          "8c9435c8-1246-47d2-820d-013f8fd53074"
        ],
        "failures": [],
        "pending": [],
        "skipped": [],
        "duration": 1447,
        "root": false,
        "rootEmpty": false,
        "_timeout": 2000
      }
    ],
    "passes": [],
    "failures": [],
    "pending": [],
    "skipped": [],
    "duration": 0,
    "root": true,
    "rootEmpty": true,
    "_timeout": 2000
  },
  "copyrightYear": 2019
}