{
  "stats": {
    "suites": 1,
    "tests": 1,
    "passes": 1,
    "pending": 0,
    "failures": 0,
    "start": "2019-03-27T23:01:15.717Z",
    "end": "2019-03-27T23:01:15.865Z",
    "duration": 148,
    "testsRegistered": 1,
    "passPercent": 100,
    "pendingPercent": 0,
    "other": 0,
    "hasOther": false,
    "skipped": 0,
    "hasSkipped": false,
    "passPercentClass": "success",
    "pendingPercentClass": "danger"
  },
  "suites": {
    "uuid": "62429598-6d2e-4430-a42b-4c072f1b3e67",
    "title": "",
    "fullFile": "",
    "file": "",
    "beforeHooks": [],
    "afterHooks": [],
    "tests": [],
    "suites": [
      {
        "uuid": "84804933-a7e1-45f6-a29f-fa332419d7dd",
        "title": "Test for using 'this' keyword in step definitions",
        "fullFile": "",
        "file": "",
        "beforeHooks": [],
        "afterHooks": [],
        "tests": [
          {
            "title": "Keyword 'this' test with a classic function",
            "fullTitle": "Test for using 'this' keyword in step definitions Keyword 'this' test with a classic function",
            "duration": 65,
            "state": "passed",
            "speed": "medium",
            "pass": true,
            "fail": false,
            "pending": false,
            "code": "if (backgroundSection) {\n  backgroundSection.steps.forEach(step => stepTest.call(this, step));\n}\nscenario.steps.forEach(step => stepTest.call(this, step));",
            "err": {},
            "isRoot": false,
            "uuid": "032bb60b-724a-439b-9fe4-4f869e42da8e",
            "isHook": false,
            "skipped": false
          }
        ],
        "suites": [],
        "passes": [
          "032bb60b-724a-439b-9fe4-4f869e42da8e"
        ],
        "failures": [],
        "pending": [],
        "skipped": [],
        "duration": 65,
        "root": false,
        "rootEmpty": false,
        "_timeout": 2000
      }
    ],
    "passes": [],
    "failures": [],
    "pending": [],
    "skipped": [],
    "duration": 0,
    "root": true,
    "rootEmpty": true,
    "_timeout": 2000
  },
  "copyrightYear": 2019
}