{
  "stats": {
    "suites": 1,
    "tests": 3,
    "passes": 3,
    "pending": 0,
    "failures": 0,
    "start": "2019-03-28T01:28:26.436Z",
    "end": "2019-03-28T01:28:26.574Z",
    "duration": 138,
    "testsRegistered": 3,
    "passPercent": 100,
    "pendingPercent": 0,
    "other": 0,
    "hasOther": false,
    "skipped": 0,
    "hasSkipped": false,
    "passPercentClass": "success",
    "pendingPercentClass": "danger"
  },
  "suites": {
    "uuid": "22ec84a6-ea99-4a04-9b76-bc729b5ff9ee",
    "title": "",
    "fullFile": "",
    "file": "",
    "beforeHooks": [],
    "afterHooks": [],
    "tests": [],
    "suites": [
      {
        "uuid": "2447f4df-008d-4106-bff2-68a7ae8f101c",
        "title": "Tags Implementation with environmental variables set",
        "fullFile": "",
        "file": "",
        "beforeHooks": [],
        "afterHooks": [],
        "tests": [
          {
            "title": "This scenario should not run if @ignore-tag is present in env",
            "fullTitle": "Tags Implementation with environmental variables set This scenario should not run if @ignore-tag is present in env",
            "duration": 69,
            "state": "passed",
            "speed": "medium",
            "pass": true,
            "fail": false,
            "pending": false,
            "code": "if (backgroundSection) {\n  backgroundSection.steps.forEach(step => stepTest.call(this, step));\n}\nscenario.steps.forEach(step => stepTest.call(this, step));",
            "err": {},
            "isRoot": false,
            "uuid": "ddda9dcc-acba-4353-be0a-426059f138de",
            "isHook": false,
            "skipped": false
          },
          {
            "title": "This scenario should run",
            "fullTitle": "Tags Implementation with environmental variables set This scenario should run",
            "duration": 13,
            "state": "passed",
            "speed": "fast",
            "pass": true,
            "fail": false,
            "pending": false,
            "code": "if (backgroundSection) {\n  backgroundSection.steps.forEach(step => stepTest.call(this, step));\n}\nscenario.steps.forEach(step => stepTest.call(this, step));",
            "err": {},
            "isRoot": false,
            "uuid": "767748df-67dd-44e4-8aac-219ac50def53",
            "isHook": false,
            "skipped": false
          },
          {
            "title": "This scenario should also run",
            "fullTitle": "Tags Implementation with environmental variables set This scenario should also run",
            "duration": 11,
            "state": "passed",
            "speed": "fast",
            "pass": true,
            "fail": false,
            "pending": false,
            "code": "if (backgroundSection) {\n  backgroundSection.steps.forEach(step => stepTest.call(this, step));\n}\nscenario.steps.forEach(step => stepTest.call(this, step));",
            "err": {},
            "isRoot": false,
            "uuid": "d339a00e-af19-47d5-8f52-39bde3ed9eb0",
            "isHook": false,
            "skipped": false
          }
        ],
        "suites": [],
        "passes": [
          "ddda9dcc-acba-4353-be0a-426059f138de",
          "767748df-67dd-44e4-8aac-219ac50def53",
          "d339a00e-af19-47d5-8f52-39bde3ed9eb0"
        ],
        "failures": [],
        "pending": [],
        "skipped": [],
        "duration": 93,
        "root": false,
        "rootEmpty": false,
        "_timeout": 2000
      }
    ],
    "passes": [],
    "failures": [],
    "pending": [],
    "skipped": [],
    "duration": 0,
    "root": true,
    "rootEmpty": true,
    "_timeout": 2000
  },
  "copyrightYear": 2019
}