{
  "stats": {
    "suites": 1,
    "tests": 5,
    "passes": 5,
    "pending": 0,
    "failures": 0,
    "start": "2018-12-27T13:29:51.940Z",
    "end": "2018-12-27T13:29:52.125Z",
    "duration": 185,
    "testsRegistered": 5,
    "passPercent": 100,
    "pendingPercent": 0,
    "other": 0,
    "hasOther": false,
    "skipped": 0,
    "hasSkipped": false,
    "passPercentClass": "success",
    "pendingPercentClass": "danger"
  },
  "suites": {
    "uuid": "976c9743-cce2-4a54-80f0-271316e0829c",
    "title": "",
    "fullFile": "",
    "file": "",
    "beforeHooks": [],
    "afterHooks": [],
    "tests": [],
    "suites": [
      {
        "uuid": "60a630c5-dc8c-40c5-a74b-e5adb68a5708",
        "title": "Being a plugin handling Scenario Outline",
        "fullFile": "",
        "file": "",
        "beforeHooks": [],
        "afterHooks": [],
        "tests": [
          {
            "title": "Using Scenario Outlines (example #1)",
            "fullTitle": "Being a plugin handling Scenario Outline Using Scenario Outlines (example #1)",
            "duration": 61,
            "state": "passed",
            "speed": "medium",
            "pass": true,
            "fail": false,
            "pending": false,
            "code": "if (backgroundSection) {\n  backgroundSection.steps.forEach(step => {\n    stepTest.call(this, step);\n  });\n}\nscenario.steps.forEach(step => {\n  const newStep = Object.assign({}, step);\n  newStep.text = replaceParameterTags(rowData, newStep.text);\n  stepTest.call(this, newStep);\n});",
            "err": {},
            "isRoot": false,
            "uuid": "4bb662d9-4076-462e-8133-0aaf656e0792",
            "isHook": false,
            "skipped": false
          },
          {
            "title": "Using Scenario Outlines (example #2)",
            "fullTitle": "Being a plugin handling Scenario Outline Using Scenario Outlines (example #2)",
            "duration": 19,
            "state": "passed",
            "speed": "fast",
            "pass": true,
            "fail": false,
            "pending": false,
            "code": "if (backgroundSection) {\n  backgroundSection.steps.forEach(step => {\n    stepTest.call(this, step);\n  });\n}\nscenario.steps.forEach(step => {\n  const newStep = Object.assign({}, step);\n  newStep.text = replaceParameterTags(rowData, newStep.text);\n  stepTest.call(this, newStep);\n});",
            "err": {},
            "isRoot": false,
            "uuid": "6bc3ea87-36fb-4bfb-a3c2-6cc706f17038",
            "isHook": false,
            "skipped": false
          },
          {
            "title": "Use juicer with apple (example #1)",
            "fullTitle": "Being a plugin handling Scenario Outline Use juicer with apple (example #1)",
            "duration": 21,
            "state": "passed",
            "speed": "fast",
            "pass": true,
            "fail": false,
            "pending": false,
            "code": "if (backgroundSection) {\n  backgroundSection.steps.forEach(step => {\n    stepTest.call(this, step);\n  });\n}\nscenario.steps.forEach(step => {\n  const newStep = Object.assign({}, step);\n  newStep.text = replaceParameterTags(rowData, newStep.text);\n  stepTest.call(this, newStep);\n});",
            "err": {},
            "isRoot": false,
            "uuid": "d9e219df-4040-4503-b359-55b8854e8cef",
            "isHook": false,
            "skipped": false
          },
          {
            "title": "Use juicer with pineapple (example #2)",
            "fullTitle": "Being a plugin handling Scenario Outline Use juicer with pineapple (example #2)",
            "duration": 15,
            "state": "passed",
            "speed": "fast",
            "pass": true,
            "fail": false,
            "pending": false,
            "code": "if (backgroundSection) {\n  backgroundSection.steps.forEach(step => {\n    stepTest.call(this, step);\n  });\n}\nscenario.steps.forEach(step => {\n  const newStep = Object.assign({}, step);\n  newStep.text = replaceParameterTags(rowData, newStep.text);\n  stepTest.call(this, newStep);\n});",
            "err": {},
            "isRoot": false,
            "uuid": "669defdf-f974-4a93-8941-8c567a15f568",
            "isHook": false,
            "skipped": false
          },
          {
            "title": "Use juicer with strawberry (example #3)",
            "fullTitle": "Being a plugin handling Scenario Outline Use juicer with strawberry (example #3)",
            "duration": 13,
            "state": "passed",
            "speed": "fast",
            "pass": true,
            "fail": false,
            "pending": false,
            "code": "if (backgroundSection) {\n  backgroundSection.steps.forEach(step => {\n    stepTest.call(this, step);\n  });\n}\nscenario.steps.forEach(step => {\n  const newStep = Object.assign({}, step);\n  newStep.text = replaceParameterTags(rowData, newStep.text);\n  stepTest.call(this, newStep);\n});",
            "err": {},
            "isRoot": false,
            "uuid": "41e2b2b4-fd6e-45d2-adf4-2f3d9559921c",
            "isHook": false,
            "skipped": false
          }
        ],
        "suites": [],
        "passes": [
          "4bb662d9-4076-462e-8133-0aaf656e0792",
          "6bc3ea87-36fb-4bfb-a3c2-6cc706f17038",
          "d9e219df-4040-4503-b359-55b8854e8cef",
          "669defdf-f974-4a93-8941-8c567a15f568",
          "41e2b2b4-fd6e-45d2-adf4-2f3d9559921c"
        ],
        "failures": [],
        "pending": [],
        "skipped": [],
        "duration": 129,
        "root": false,
        "rootEmpty": false,
        "_timeout": 2000
      }
    ],
    "passes": [],
    "failures": [],
    "pending": [],
    "skipped": [],
    "duration": 0,
    "root": true,
    "rootEmpty": true,
    "_timeout": 2000
  },
  "copyrightYear": 2018
}