{
  "stats": {
    "suites": 1,
    "tests": 1,
    "passes": 1,
    "pending": 0,
    "failures": 0,
    "start": "2019-03-28T01:28:14.427Z",
    "end": "2019-03-28T01:28:14.583Z",
    "duration": 156,
    "testsRegistered": 1,
    "passPercent": 100,
    "pendingPercent": 0,
    "other": 0,
    "hasOther": false,
    "skipped": 0,
    "hasSkipped": false,
    "passPercentClass": "success",
    "pendingPercentClass": "danger"
  },
  "suites": {
    "uuid": "af8e4d5a-588a-4811-800b-fdfc571b2197",
    "title": "",
    "fullFile": "",
    "file": "",
    "beforeHooks": [],
    "afterHooks": [],
    "tests": [],
    "suites": [
      {
        "uuid": "b9486e81-e1ac-4330-bc4d-f8a075bce71d",
        "title": "Requiring Files",
        "fullFile": "",
        "file": "",
        "beforeHooks": [],
        "afterHooks": [],
        "tests": [
          {
            "title": "Require File",
            "fullTitle": "Requiring Files Require File",
            "duration": 103,
            "state": "passed",
            "speed": "slow",
            "pass": true,
            "fail": false,
            "pending": false,
            "code": "if (backgroundSection) {\n  backgroundSection.steps.forEach(step => stepTest.call(this, step));\n}\nscenario.steps.forEach(step => stepTest.call(this, step));",
            "err": {},
            "isRoot": false,
            "uuid": "8d0e4ec0-3665-40ff-b975-f0778b50ffbb",
            "isHook": false,
            "skipped": false
          }
        ],
        "suites": [],
        "passes": [
          "8d0e4ec0-3665-40ff-b975-f0778b50ffbb"
        ],
        "failures": [],
        "pending": [],
        "skipped": [],
        "duration": 103,
        "root": false,
        "rootEmpty": false,
        "_timeout": 2000
      }
    ],
    "passes": [],
    "failures": [],
    "pending": [],
    "skipped": [],
    "duration": 0,
    "root": true,
    "rootEmpty": true,
    "_timeout": 2000
  },
  "copyrightYear": 2019
}