{
  "stats": {
    "suites": 1,
    "tests": 1,
    "passes": 1,
    "pending": 0,
    "failures": 0,
    "start": "2018-12-27T13:29:24.481Z",
    "end": "2018-12-27T13:29:24.637Z",
    "duration": 156,
    "testsRegistered": 1,
    "passPercent": 100,
    "pendingPercent": 0,
    "other": 0,
    "hasOther": false,
    "skipped": 0,
    "hasSkipped": false,
    "passPercentClass": "success",
    "pendingPercentClass": "danger"
  },
  "suites": {
    "uuid": "1879c72f-7855-4cff-b073-a50951a22859",
    "title": "",
    "fullFile": "",
    "file": "",
    "beforeHooks": [],
    "afterHooks": [],
    "tests": [],
    "suites": [
      {
        "uuid": "a1800b32-58cd-4210-9deb-873901a45598",
        "title": "Bail on a step failure",
        "fullFile": "",
        "file": "",
        "beforeHooks": [],
        "afterHooks": [],
        "tests": [
          {
            "title": "Running with a failing step",
            "fullTitle": "Bail on a step failure Running with a failing step",
            "duration": 113,
            "state": "passed",
            "speed": "slow",
            "pass": true,
            "fail": false,
            "pending": false,
            "code": "if (backgroundSection) {\n  backgroundSection.steps.forEach(step => stepTest.call(this, step));\n}\nscenario.steps.forEach(step => stepTest.call(this, step));",
            "err": {},
            "isRoot": false,
            "uuid": "4419d6ca-60c3-4e8f-8db4-303d149f108c",
            "isHook": false,
            "skipped": false
          }
        ],
        "suites": [],
        "passes": [
          "4419d6ca-60c3-4e8f-8db4-303d149f108c"
        ],
        "failures": [],
        "pending": [],
        "skipped": [],
        "duration": 113,
        "root": false,
        "rootEmpty": false,
        "_timeout": 2000
      }
    ],
    "passes": [],
    "failures": [],
    "pending": [],
    "skipped": [],
    "duration": 0,
    "root": true,
    "rootEmpty": true,
    "_timeout": 2000
  },
  "copyrightYear": 2018
}