{
  "stats": {
    "suites": 1,
    "tests": 1,
    "passes": 1,
    "pending": 0,
    "failures": 0,
    "start": "2019-01-11T23:57:51.613Z",
    "end": "2019-01-11T23:57:51.806Z",
    "duration": 193,
    "testsRegistered": 1,
    "passPercent": 100,
    "pendingPercent": 0,
    "other": 0,
    "hasOther": false,
    "skipped": 0,
    "hasSkipped": false,
    "passPercentClass": "success",
    "pendingPercentClass": "danger"
  },
  "suites": {
    "uuid": "85894a0e-6d03-4961-b64d-8abb85cbdf9b",
    "title": "",
    "fullFile": "",
    "file": "",
    "beforeHooks": [],
    "afterHooks": [],
    "tests": [],
    "suites": [
      {
        "uuid": "09d92286-f268-4a70-8c49-9a27d4316505",
        "title": "Importing Files",
        "fullFile": "",
        "file": "",
        "beforeHooks": [],
        "afterHooks": [],
        "tests": [
          {
            "title": "Import File",
            "fullTitle": "Importing Files Import File",
            "duration": 144,
            "state": "passed",
            "speed": "slow",
            "pass": true,
            "fail": false,
            "pending": false,
            "code": "if (backgroundSection) {\n  backgroundSection.steps.forEach(step => stepTest.call(this, step));\n}\nscenario.steps.forEach(step => stepTest.call(this, step));",
            "err": {},
            "isRoot": false,
            "uuid": "0390413b-ddd0-4064-826b-3090e097c0cb",
            "isHook": false,
            "skipped": false
          }
        ],
        "suites": [],
        "passes": [
          "0390413b-ddd0-4064-826b-3090e097c0cb"
        ],
        "failures": [],
        "pending": [],
        "skipped": [],
        "duration": 144,
        "root": false,
        "rootEmpty": false,
        "_timeout": 2000
      }
    ],
    "passes": [],
    "failures": [],
    "pending": [],
    "skipped": [],
    "duration": 0,
    "root": true,
    "rootEmpty": true,
    "_timeout": 2000
  },
  "copyrightYear": 2019
}