{
  "stats": {
    "suites": 1,
    "tests": 1,
    "passes": 1,
    "pending": 0,
    "failures": 0,
    "start": "2019-03-27T23:01:25.752Z",
    "end": "2019-03-27T23:01:25.832Z",
    "duration": 80,
    "testsRegistered": 1,
    "passPercent": 100,
    "pendingPercent": 0,
    "other": 0,
    "hasOther": false,
    "skipped": 0,
    "hasSkipped": false,
    "passPercentClass": "success",
    "pendingPercentClass": "danger"
  },
  "suites": {
    "uuid": "a522b2da-86b9-4a89-b691-c1c911b46abf",
    "title": "",
    "fullFile": "",
    "file": "",
    "beforeHooks": [],
    "afterHooks": [],
    "tests": [],
    "suites": [
      {
        "uuid": "cc91e184-4b31-48f6-a47d-85a13e4d6a5c",
        "title": "Webstorm support",
        "fullFile": "",
        "file": "",
        "beforeHooks": [],
        "afterHooks": [],
        "tests": [
          {
            "title": "The pluging recognizes capitalized Given, When and Then",
            "fullTitle": "Webstorm support The pluging recognizes capitalized Given, When and Then",
            "duration": 56,
            "state": "passed",
            "speed": "medium",
            "pass": true,
            "fail": false,
            "pending": false,
            "code": "if (backgroundSection) {\n  backgroundSection.steps.forEach(step => stepTest.call(this, step));\n}\nscenario.steps.forEach(step => stepTest.call(this, step));",
            "err": {},
            "isRoot": false,
            "uuid": "903ecd79-bb34-4872-9b21-8202ffb1d70a",
            "isHook": false,
            "skipped": false
          }
        ],
        "suites": [],
        "passes": [
          "903ecd79-bb34-4872-9b21-8202ffb1d70a"
        ],
        "failures": [],
        "pending": [],
        "skipped": [],
        "duration": 56,
        "root": false,
        "rootEmpty": false,
        "_timeout": 2000
      }
    ],
    "passes": [],
    "failures": [],
    "pending": [],
    "skipped": [],
    "duration": 0,
    "root": true,
    "rootEmpty": true,
    "_timeout": 2000
  },
  "copyrightYear": 2019
}