{
  "stats": {
    "suites": 2,
    "tests": 2,
    "passes": 2,
    "pending": 0,
    "failures": 0,
    "start": "2019-03-27T22:30:38.677Z",
    "end": "2019-03-27T22:30:47.163Z",
    "duration": 8486,
    "testsRegistered": 2,
    "passPercent": 100,
    "pendingPercent": 0,
    "other": 0,
    "hasOther": false,
    "skipped": 0,
    "hasSkipped": false
  },
  "results": [
    {
      "uuid": "a10d6668-cb8e-4017-ba27-8fde08477660",
      "title": "",
      "fullFile": "",
      "file": "",
      "beforeHooks": [],
      "afterHooks": [],
      "tests": [],
      "suites": [
        {
          "uuid": "77dd1709-fa0f-4b37-825e-e64dae3bcd2a",
          "title": "Logging In - HTML Web Form - The Internet",
          "fullFile": "",
          "file": "",
          "beforeHooks": [],
          "afterHooks": [],
          "tests": [],
          "suites": [
            {
              "uuid": "e2906644-4006-486a-8bc9-deebd380e8d7",
              "title": "Unauthorized",
              "fullFile": "",
              "file": "",
              "beforeHooks": [],
              "afterHooks": [],
              "tests": [
                {
                  "title": "User denied access with invalid details",
                  "fullTitle": "Logging In - HTML Web Form - The Internet Unauthorized User denied access with invalid details",
                  "timedOut": null,
                  "duration": 4548,
                  "state": "passed",
                  "speed": "slow",
                  "pass": true,
                  "fail": false,
                  "pending": false,
                  "context": null,
                  "code": "login_page_1.login.visit();\nlogin_page_1.login.username.type('invalidUser');\nlogin_page_1.login.password.type('invalidPassword{enter}');\nlogin_page_1.login.errorMsg.contains('Your username is invalid!');\nlogin_page_1.login.logOutButton.should('not.exist');",
                  "err": {},
                  "uuid": "c7657814-fd9f-47db-8e68-84875930f856",
                  "parentUUID": "e2906644-4006-486a-8bc9-deebd380e8d7",
                  "isHook": false,
                  "skipped": false
                },
                {
                  "title": "User granted access with valid details",
                  "fullTitle": "Logging In - HTML Web Form - The Internet Unauthorized User granted access with valid details",
                  "timedOut": null,
                  "duration": 3810,
                  "state": "passed",
                  "speed": "slow",
                  "pass": true,
                  "fail": false,
                  "pending": false,
                  "context": null,
                  "code": "login_page_1.login.visit();\nlogin_page_1.login.username.type('tomsmith');\nlogin_page_1.login.password.type('SuperSecretPassword!{enter}');\nlogin_page_1.login.successMsg.contains('You logged into a secure area!');\nlogin_page_1.login.logOutButton.should('exist');",
                  "err": {},
                  "uuid": "f5c396f0-d307-48a7-9039-f7e4874b1852",
                  "parentUUID": "e2906644-4006-486a-8bc9-deebd380e8d7",
                  "isHook": false,
                  "skipped": false
                }
              ],
              "suites": [],
              "passes": [
                "c7657814-fd9f-47db-8e68-84875930f856",
                "f5c396f0-d307-48a7-9039-f7e4874b1852"
              ],
              "failures": [],
              "pending": [],
              "skipped": [],
              "duration": 8358,
              "root": false,
              "rootEmpty": false,
              "_timeout": 2000
            }
          ],
          "passes": [],
          "failures": [],
          "pending": [],
          "skipped": [],
          "duration": 0,
          "root": false,
          "rootEmpty": false,
          "_timeout": 2000
        }
      ],
      "passes": [],
      "failures": [],
      "pending": [],
      "skipped": [],
      "duration": 0,
      "root": true,
      "rootEmpty": true,
      "_timeout": 2000
    }
  ],
  "meta": {
    "mocha": {
      "version": "6.0.2"
    },
    "mochawesome": {
      "options": {
        "quiet": true,
        "reportFilename": "mochawesome",
        "saveHtml": true,
        "saveJson": true,
        "useInlineDiffs": false
      },
      "version": "4.0.0-alpha.1"
    },
    "marge": {
      "options": {
        "id": "default",
        "reportDir": "cypress/reports/mocha",
        "quiet": true,
        "overwrite": false
      },
      "version": "4.0.0-alpha.1"
    }
  }
}