<?xml version="1.0" encoding="UTF-8"?>
<testsuites name="Mocha Tests" time="0.133" tests="5" failures="0">
  <testsuite name="Root Suite" timestamp="2019-03-27T23:00:55" tests="0" failures="0" time="0">
  </testsuite>
  <testsuite name="Being a plugin handling Scenario Outline" timestamp="2019-03-27T23:00:55" tests="5" failures="0" time="0.133">
    <testcase name="Being a plugin handling Scenario Outline Using Scenario Outlines (example #1)" time="0.059" classname="Using Scenario Outlines (example #1)">
    </testcase>
    <testcase name="Being a plugin handling Scenario Outline Using Scenario Outlines (example #2)" time="0.022" classname="Using Scenario Outlines (example #2)">
    </testcase>
    <testcase name="Being a plugin handling Scenario Outline Use juicer with apple (example #1)" time="0.018" classname="Use juicer with apple (example #1)">
    </testcase>
    <testcase name="Being a plugin handling Scenario Outline Use juicer with pineapple (example #2)" time="0.019" classname="Use juicer with pineapple (example #2)">
    </testcase>
    <testcase name="Being a plugin handling Scenario Outline Use juicer with strawberry (example #3)" time="0.015" classname="Use juicer with strawberry (example #3)">
    </testcase>
  </testsuite>
</testsuites>