<?xml version="1.0" encoding="UTF-8"?>
<testsuites name="Mocha Tests" time="0.18599999999999997" tests="5" failures="0">
  <testsuite name="Root Suite" timestamp="2019-01-11T23:58:06" tests="0" failures="0" time="0">
  </testsuite>
  <testsuite name="Being a plugin handling Scenario Outline" timestamp="2019-01-11T23:58:06" tests="5" failures="0" time="0.18599999999999997">
    <testcase name="Being a plugin handling Scenario Outline Using Scenario Outlines (example #1)" time="0.1" classname="Using Scenario Outlines (example #1)">
    </testcase>
    <testcase name="Being a plugin handling Scenario Outline Using Scenario Outlines (example #2)" time="0.03" classname="Using Scenario Outlines (example #2)">
    </testcase>
    <testcase name="Being a plugin handling Scenario Outline Use juicer with apple (example #1)" time="0.02" classname="Use juicer with apple (example #1)">
    </testcase>
    <testcase name="Being a plugin handling Scenario Outline Use juicer with pineapple (example #2)" time="0.016" classname="Use juicer with pineapple (example #2)">
    </testcase>
    <testcase name="Being a plugin handling Scenario Outline Use juicer with strawberry (example #3)" time="0.02" classname="Use juicer with strawberry (example #3)">
    </testcase>
  </testsuite>
</testsuites>