<?xml version="1.0" encoding="UTF-8"?>
<testsuites name="Mocha Tests" time="0.147" tests="1" failures="0">
  <testsuite name="Root Suite" timestamp="2019-03-28T01:28:47" tests="0" failures="0" time="0">
  </testsuite>
  <testsuite name="Webstorm support" timestamp="2019-03-28T01:28:47" tests="1" failures="0" time="0.147">
    <testcase name="Webstorm support The pluging recognizes capitalized Given, When and Then" time="0.147" classname="The pluging recognizes capitalized Given, When and Then">
    </testcase>
  </testsuite>
</testsuites>