<?xml version="1.0" encoding="UTF-8"?>
<testsuites name="Mocha Tests" time="0.102" tests="1" failures="0">
  <testsuite name="Root Suite" timestamp="2018-12-27T13:29:30" tests="0" failures="0" time="0">
  </testsuite>
  <testsuite name="Being a plugin handling DataTable scenario" timestamp="2018-12-27T13:29:31" tests="1" failures="0" time="0.102">
    <testcase name="Being a plugin handling DataTable scenario DataTable" time="0.102" classname="DataTable">
    </testcase>
  </testsuite>
</testsuites>