<?xml version="1.0" encoding="UTF-8"?>
<testsuites name="Mocha Tests" time="0.064" tests="1" failures="0">
  <testsuite name="Root Suite" timestamp="2019-03-28T01:27:58" tests="0" failures="0" time="0">
  </testsuite>
  <testsuite name="Being a plugin handling DocString scenario" timestamp="2019-03-28T01:27:58" tests="1" failures="0" time="0.064">
    <testcase name="Being a plugin handling DocString scenario DocString" time="0.064" classname="DocString">
    </testcase>
  </testsuite>
</testsuites>