<?xml version="1.0" encoding="UTF-8"?>
<testsuites name="Mocha Tests" time="14.247" tests="10" failures="0">
  <testsuite name="Root Suite" timestamp="2019-03-28T01:28:51" tests="0" failures="0" time="0">
  </testsuite>
  <testsuite name="dom-testing-library commands" timestamp="2019-03-28T01:28:51" tests="10" failures="0" time="14.247">
    <testcase name="dom-testing-library commands getByPlaceholderText" time="0.484" classname="getByPlaceholderText">
    </testcase>
    <testcase name="dom-testing-library commands getByText" time="0.214" classname="getByText">
    </testcase>
    <testcase name="dom-testing-library commands getByLabelText" time="0.511" classname="getByLabelText">
    </testcase>
    <testcase name="dom-testing-library commands getByAltText" time="0.164" classname="getByAltText">
    </testcase>
    <testcase name="dom-testing-library commands getByTestId" time="0.144" classname="getByTestId">
    </testcase>
    <testcase name="dom-testing-library commands getAllByText" time="0.206" classname="getAllByText">
    </testcase>
    <testcase name="dom-testing-library commands queryByText" time="4.119" classname="queryByText">
    </testcase>
    <testcase name="dom-testing-library commands getByText within" time="0.2" classname="getByText within">
    </testcase>
    <testcase name="dom-testing-library commands getByTestId only throws the error message" time="4.06" classname="getByTestId only throws the error message">
    </testcase>
    <testcase name="dom-testing-library commands getByText only throws the error message" time="4.145" classname="getByText only throws the error message">
    </testcase>
  </testsuite>
</testsuites>