<?xml version="1.0" encoding="UTF-8"?>
<testsuites name="Mocha Tests" time="0.08" tests="2" failures="0">
  <testsuite name="Root Suite" timestamp="2018-12-27T13:29:21" tests="0" failures="0" time="0">
  </testsuite>
  <testsuite name="Background Section" timestamp="2018-12-27T13:29:21" tests="2" failures="0" time="0.08">
    <testcase name="Background Section Basic example #1" time="0.066" classname="Basic example #1">
    </testcase>
    <testcase name="Background Section Basic example #2" time="0.014" classname="Basic example #2">
    </testcase>
  </testsuite>
</testsuites>