<?xml version="1.0" encoding="UTF-8"?>
<testsuites name="Mocha Tests" time="0.112" tests="2" failures="0">
  <testsuite name="Root Suite" timestamp="2019-01-11T23:57:40" tests="0" failures="0" time="0">
  </testsuite>
  <testsuite name="Custom Parameter Types" timestamp="2019-01-11T23:57:40" tests="2" failures="0" time="0.112">
    <testcase name="Custom Parameter Types Play an A on my piano" time="0.085" classname="Play an A on my piano">
    </testcase>
    <testcase name="Custom Parameter Types Play an E on my piano" time="0.027" classname="Play an E on my piano">
    </testcase>
  </testsuite>
</testsuites>