<?xml version="1.0" encoding="UTF-8"?>
<testsuites name="Mocha Tests" time="0.10400000000000001" tests="2" failures="0">
  <testsuite name="Root Suite" timestamp="2019-01-11T23:57:33" tests="0" failures="0" time="0">
  </testsuite>
  <testsuite name="Background Section" timestamp="2019-01-11T23:57:33" tests="2" failures="0" time="0.10400000000000001">
    <testcase name="Background Section Basic example #1" time="0.084" classname="Basic example #1">
    </testcase>
    <testcase name="Background Section Basic example #2" time="0.02" classname="Basic example #2">
    </testcase>
  </testsuite>
</testsuites>