<?xml version="1.0" encoding="UTF-8"?>
<testsuites name="Mocha Tests" time="14.215" tests="10" failures="0">
  <testsuite name="Root Suite" timestamp="2018-12-27T13:30:21" tests="0" failures="0" time="0">
  </testsuite>
  <testsuite name="dom-testing-library commands" timestamp="2018-12-27T13:30:21" tests="10" failures="0" time="14.215">
    <testcase name="dom-testing-library commands getByPlaceholderText" time="0.487" classname="getByPlaceholderText">
    </testcase>
    <testcase name="dom-testing-library commands getByText" time="0.208" classname="getByText">
    </testcase>
    <testcase name="dom-testing-library commands getByLabelText" time="0.557" classname="getByLabelText">
    </testcase>
    <testcase name="dom-testing-library commands getByAltText" time="0.131" classname="getByAltText">
    </testcase>
    <testcase name="dom-testing-library commands getByTestId" time="0.117" classname="getByTestId">
    </testcase>
    <testcase name="dom-testing-library commands getAllByText" time="0.246" classname="getAllByText">
    </testcase>
    <testcase name="dom-testing-library commands queryByText" time="4.058" classname="queryByText">
    </testcase>
    <testcase name="dom-testing-library commands getByText within" time="0.227" classname="getByText within">
    </testcase>
    <testcase name="dom-testing-library commands getByTestId only throws the error message" time="4.065" classname="getByTestId only throws the error message">
    </testcase>
    <testcase name="dom-testing-library commands getByText only throws the error message" time="4.119" classname="getByText only throws the error message">
    </testcase>
  </testsuite>
</testsuites>