<?xml version="1.0" encoding="UTF-8"?>
<testsuites name="Mocha Tests" time="0.142" tests="1" failures="0">
  <testsuite name="Root Suite" timestamp="2019-01-11T23:53:24" tests="0" failures="0" time="0">
  </testsuite>
  <testsuite name="Being a plugin handling DataTable scenario" timestamp="2019-01-11T23:53:24" tests="1" failures="0" time="0.142">
    <testcase name="Being a plugin handling DataTable scenario DataTable" time="0.142" classname="DataTable">
    </testcase>
  </testsuite>
</testsuites>