<?xml version="1.0" encoding="UTF-8"?>
<testsuites name="Mocha Tests" time="0.23399999999999999" tests="5" failures="0">
  <testsuite name="Root Suite" timestamp="2019-01-11T23:58:10" tests="0" failures="0" time="0">
  </testsuite>
  <testsuite name="Tags Implementation" timestamp="2019-01-11T23:58:10" tests="5" failures="0" time="0.23399999999999999">
    <testcase name="Tags Implementation Pass no tags" time="0.133" classname="Pass no tags">
    </testcase>
    <testcase name="Tags Implementation Pass a single tag" time="0.018" classname="Pass a single tag">
    </testcase>
    <testcase name="Tags Implementation Pass a tag to ignore" time="0.022" classname="Pass a tag to ignore">
    </testcase>
    <testcase name="Tags Implementation Passing multiple tags joined by AND operator" time="0.018" classname="Passing multiple tags joined by AND operator">
    </testcase>
    <testcase name="Tags Implementation Passing multiple tags joined by OR operator" time="0.043" classname="Passing multiple tags joined by OR operator">
    </testcase>
  </testsuite>
</testsuites>