<?xml version="1.0" encoding="UTF-8"?>
<testsuites name="Mocha Tests" time="0.097" tests="2" failures="0">
  <testsuite name="Root Suite" timestamp="2019-01-11T23:53:14" tests="0" failures="0" time="0">
  </testsuite>
  <testsuite name="Background Section" timestamp="2019-01-11T23:53:14" tests="2" failures="0" time="0.097">
    <testcase name="Background Section Basic example #1" time="0.081" classname="Basic example #1">
    </testcase>
    <testcase name="Background Section Basic example #2" time="0.016" classname="Basic example #2">
    </testcase>
  </testsuite>
</testsuites>