<?xml version="1.0" encoding="UTF-8"?>
<testsuites name="Mocha Tests" time="0.086" tests="1" failures="0">
  <testsuite name="Root Suite" timestamp="2019-01-11T23:58:36" tests="0" failures="0" time="0">
  </testsuite>
  <testsuite name="Webstorm support" timestamp="2019-01-11T23:58:36" tests="1" failures="0" time="0.086">
    <testcase name="Webstorm support The pluging recognizes capitalized Given, When and Then" time="0.086" classname="The pluging recognizes capitalized Given, When and Then">
    </testcase>
  </testsuite>
</testsuites>