<?xml version="1.0" encoding="UTF-8"?>
<testsuites name="Mocha Tests" time="0.153" tests="1" failures="0">
  <testsuite name="Root Suite" timestamp="2019-01-11T23:53:28" tests="0" failures="0" time="0">
  </testsuite>
  <testsuite name="Being a plugin handling DocString scenario" timestamp="2019-01-11T23:53:28" tests="1" failures="0" time="0.153">
    <testcase name="Being a plugin handling DocString scenario DocString" time="0.153" classname="DocString">
    </testcase>
  </testsuite>
</testsuites>