<?xml version="1.0" encoding="UTF-8"?>
<testsuites name="Mocha Tests" time="7.214" tests="2" failures="0">
  <testsuite name="Root Suite" timestamp="2018-12-27T13:28:55" tests="0" failures="0" time="0">
  </testsuite>
  <testsuite name="Logging In - HTML Web Form - The Internet" timestamp="2018-12-27T13:28:56" tests="2" failures="0" time="7.214">
    <testcase name="Logging In - HTML Web Form - The Internet Unauthorized" time="4.073" classname="Unauthorized">
    </testcase>
    <testcase name="Logging In - HTML Web Form - The Internet Authorized" time="3.141" classname="Authorized">
    </testcase>
  </testsuite>
</testsuites>