<?xml version="1.0" encoding="UTF-8"?>
<testsuites name="Mocha Tests" time="0.106" tests="2" failures="0">
  <testsuite name="Root Suite" timestamp="2019-03-28T01:28:30" tests="0" failures="0" time="0">
  </testsuite>
  <testsuite name="Tags Implementation with environmental variables set only at scenario level" timestamp="2019-03-28T01:28:30" tests="2" failures="0" time="0.106">
    <testcase name="Tags Implementation with environmental variables set only at scenario level This scenario should not run if @test-tag is present in env" time="0.079" classname="This scenario should not run if @test-tag is present in env">
    </testcase>
    <testcase name="Tags Implementation with environmental variables set only at scenario level This scenario should run" time="0.027" classname="This scenario should run">
    </testcase>
  </testsuite>
</testsuites>