<?xml version="1.0" encoding="UTF-8"?>
<testsuites name="Mocha Tests" time="8.924" tests="2" failures="0">
  <testsuite name="Root Suite" timestamp="2019-01-11T23:57:02" tests="0" failures="0" time="0">
  </testsuite>
  <testsuite name="Logging In - HTML Web Form - The Internet" timestamp="2019-01-11T23:57:02" tests="2" failures="0" time="8.924">
    <testcase name="Logging In - HTML Web Form - The Internet Unauthorized" time="5.033" classname="Unauthorized">
    </testcase>
    <testcase name="Logging In - HTML Web Form - The Internet Authorized" time="3.891" classname="Authorized">
    </testcase>
  </testsuite>
</testsuites>