<?xml version="1.0" encoding="UTF-8"?>
<testsuites name="Mocha Tests" time="0.08499999999999999" tests="2" failures="0">
  <testsuite name="Root Suite" timestamp="2019-03-27T23:01:07" tests="0" failures="0" time="0">
  </testsuite>
  <testsuite name="Tags Implementation with environmental variables set only at scenario level" timestamp="2019-03-27T23:01:07" tests="2" failures="0" time="0.08499999999999999">
    <testcase name="Tags Implementation with environmental variables set only at scenario level This scenario should not run if @test-tag is present in env" time="0.061" classname="This scenario should not run if @test-tag is present in env">
    </testcase>
    <testcase name="Tags Implementation with environmental variables set only at scenario level This scenario should run" time="0.024" classname="This scenario should run">
    </testcase>
  </testsuite>
</testsuites>