<?xml version="1.0" encoding="UTF-8"?>
<testsuites name="Mocha Tests" time="1.044" tests="12" failures="0">
  <testsuite name="Root Suite" timestamp="2019-01-11T23:57:26" tests="0" failures="0" time="0">
  </testsuite>
  <testsuite name="Testing Global Namespace Commands.ts" timestamp="2019-01-11T23:57:26" tests="12" failures="0" time="1.044">
    <testcase name="Testing Global Namespace Commands.ts works" time="0.065" classname="works">
    </testcase>
    <testcase name="Testing Global Namespace Commands.ts uses custom command cy.foo()" time="0.021" classname="uses custom command cy.foo()">
    </testcase>
    <testcase name="Testing Global Namespace Commands.ts uses custom command cy.foo2() which returns the result of cy.foo()" time="0.028" classname="uses custom command cy.foo2() which returns the result of cy.foo()">
    </testcase>
    <testcase name="Testing Global Namespace Commands.ts can import helper functions - add 2 numbers" time="0.019" classname="can import helper functions - add 2 numbers">
    </testcase>
    <testcase name="Testing Global Namespace Commands.ts adds numbers - Yields sum of 2 numbers" time="0.012" classname="adds numbers - Yields sum of 2 numbers">
    </testcase>
    <testcase name="Testing Global Namespace Commands.ts can print a default message to console.log" time="0.02" classname="can print a default message to console.log">
    </testcase>
    <testcase name="Testing Global Namespace Commands.ts can accept user args to print to console.log" time="0.047" classname="can accept user args to print to console.log">
    </testcase>
    <testcase name="Testing Global Namespace Commands.ts checks shape of an object" time="0.059" classname="checks shape of an object">
    </testcase>
    <testcase name="Testing Global Namespace Commands.ts uses cy commands" time="0.018" classname="uses cy commands">
    </testcase>
    <testcase name="Testing Global Namespace Commands.ts tests cypress.ios example site" time="0.725" classname="tests cypress.ios example site">
    </testcase>
    <testcase name="Testing Global Namespace Commands.ts has Cypress object type definition" time="0.018" classname="has Cypress object type definition">
    </testcase>
    <testcase name="Testing Global Namespace Commands.ts adds numbers - from support/helpers functions" time="0.012" classname="adds numbers - from support/helpers functions">
    </testcase>
  </testsuite>
</testsuites>